<?xml version="1.0" encoding="utf-8"?><testsuites name="pytest tests"><testsuite name="pytest" errors="0" failures="0" skipped="0" tests="7" time="11.494" timestamp="2026-07-11T16:48:20.131879+00:00" hostname="agent-env-c76ce355-66d7-4cfb-8390-da1d5e97f1cf"><testcase classname="backend.tests.test_admin.TestAdminAuth" name="test_stats_no_key_returns_401" time="0.266" /><testcase classname="backend.tests.test_admin.TestAdminAuth" name="test_stats_wrong_key_returns_401" time="0.051" /><testcase classname="backend.tests.test_admin.TestAdminAuth" name="test_generate_daily_no_key_returns_401" time="0.045" /><testcase classname="backend.tests.test_admin.TestAdminAuth" name="test_generate_daily_wrong_key_returns_401" time="0.040" /><testcase classname="backend.tests.test_admin.TestAdminStatsShape" name="test_stats_valid_key_returns_200_with_expected_shape" time="0.049" /><testcase classname="backend.tests.test_admin.TestAdminStatsIntegration" name="test_demographics_reflected_after_vote" time="0.525" /><testcase classname="backend.tests.test_admin.TestGenerateDailyAuth" name="test_generate_daily_with_valid_key_returns_200" time="10.457" /></testsuite></testsuites>