<?xml version="1.0" encoding="utf-8"?><testsuites name="pytest tests"><testsuite name="pytest" errors="0" failures="0" skipped="0" tests="6" time="1.005" timestamp="2026-07-12T09:44:18.024033+00:00" hostname="agent-env-c76ce355-66d7-4cfb-8390-da1d5e97f1cf"><testcase classname="backend.tests.test_anonymous_profile_badge" name="test_anon_public_user_shape" time="0.272" /><testcase classname="backend.tests.test_anonymous_profile_badge" name="test_anon_public_history_empty" time="0.041" /><testcase classname="backend.tests.test_anonymous_profile_badge" name="test_anon_public_history_after_vote_still_empty" time="0.377" /><testcase classname="backend.tests.test_anonymous_profile_badge" name="test_registered_public_user_full_payload" time="0.042" /><testcase classname="backend.tests.test_anonymous_profile_badge" name="test_registered_public_history_regression" time="0.083" /><testcase classname="backend.tests.test_anonymous_profile_badge" name="test_registered_public_user_not_found" time="0.082" /></testsuite></testsuites>