<?xml version="1.0" encoding="utf-8"?><testsuites name="pytest tests"><testsuite name="pytest" errors="0" failures="0" skipped="0" tests="7" time="1.213" timestamp="2026-07-11T17:10:54.825348+00:00" hostname="agent-env-c76ce355-66d7-4cfb-8390-da1d5e97f1cf"><testcase classname="backend.tests.test_anonymous_restrictions.TestAnonymousSignup" name="test_anonymous_user_bypasses_onboarding_and_categories" time="0.152" /><testcase classname="backend.tests.test_anonymous_restrictions.TestAnonymousSignup" name="test_get_me_reflects_persisted_state" time="0.103" /><testcase classname="backend.tests.test_anonymous_restrictions.TestAnonymousBlocked" name="test_patch_details_forbidden" time="0.112" /><testcase classname="backend.tests.test_anonymous_restrictions.TestAnonymousBlocked" name="test_post_photo_forbidden" time="0.122" /><testcase classname="backend.tests.test_anonymous_restrictions.TestAnonymousBlocked" name="test_patch_profile_forbidden" time="0.118" /><testcase classname="backend.tests.test_anonymous_restrictions.TestRegisteredStillWorks" name="test_patch_details_ok" time="0.444" /><testcase classname="backend.tests.test_anonymous_restrictions.TestRegisteredStillWorks" name="test_patch_profile_ok" time="0.105" /></testsuite></testsuites>