<?xml version="1.0" encoding="utf-8"?><testsuites name="pytest tests"><testsuite name="pytest" errors="0" failures="0" skipped="0" tests="11" time="2.217" timestamp="2026-07-11T18:24:41.666894+00:00" hostname="agent-env-c76ce355-66d7-4cfb-8390-da1d5e97f1cf"><testcase classname="tests.test_archive.TestFeudsLive" name="test_feuds_all_within_24h" time="0.150" /><testcase classname="tests.test_archive.TestArchiveDates" name="test_dates_all_within_7d_and_older_than_24h" time="0.102" /><testcase classname="tests.test_archive.TestArchiveDates" name="test_dates_category_filter_leq_total" time="0.205" /><testcase classname="tests.test_archive.TestArchiveFeuds" name="test_yesterday_returns_feuds" time="0.104" /><testcase classname="tests.test_archive.TestArchiveFeuds" name="test_invalid_date_400" time="0.095" /><testcase classname="tests.test_archive.TestArchiveFeuds" name="test_date_too_old_400" time="0.122" /><testcase classname="tests.test_archive.TestArchivedDetail" name="test_detail_serves_archived_feud" time="0.267" /><testcase classname="tests.test_archive.TestHistoryRegression" name="test_me_history" time="0.615" /><testcase classname="tests.test_archive.TestHistoryRegression" name="test_public_history" time="0.211" /><testcase classname="tests.test_archive.TestRouteOrdering" name="test_archive_not_shadowed" time="0.099" /><testcase classname="tests.test_archive.TestRouteOrdering" name="test_archive_dates_not_shadowed" time="0.115" /></testsuite></testsuites>