<?xml version="1.0" encoding="utf-8"?><testsuites name="pytest tests"><testsuite name="pytest" errors="0" failures="0" skipped="0" tests="16" time="4.632" timestamp="2026-07-22T14:23:34.028248+00:00" hostname="agent-env-411a2cc7-a26b-46f8-9d05-62845cf42428"><testcase classname="tests.test_auth_session_regression.TestAuthMe" name="test_me_missing_token" time="0.251" /><testcase classname="tests.test_auth_session_regression.TestAuthMe" name="test_me_invalid_token" time="0.060" /><testcase classname="tests.test_auth_session_regression.TestAuthMe" name="test_me_malformed_header" time="0.056" /><testcase classname="tests.test_auth_session_regression.TestAuthMe" name="test_me_valid_jwt" time="0.340" /><testcase classname="tests.test_auth_session_regression.TestAuthLogout" name="test_logout_no_token_ok" time="0.056" /><testcase classname="tests.test_auth_session_regression.TestAuthLogout" name="test_logout_removes_session_row" time="0.195" /><testcase classname="tests.test_auth_session_regression.TestGoogleSessionUpsertIdempotency" name="test_bogus_session_id_returns_401_not_500" time="0.150" /><testcase classname="tests.test_auth_session_regression.TestGoogleSessionUpsertIdempotency" name="test_unique_index_on_session_token" time="0.001" /><testcase classname="tests.test_auth_session_regression.TestGoogleSessionUpsertIdempotency" name="test_upsert_same_token_twice_is_idempotent" time="0.002" /><testcase classname="tests.test_auth_session_regression.TestGoogleSessionUpsertIdempotency" name="test_preexisting_sessions_not_wiped_on_new_google_session" time="0.292" /><testcase classname="tests.test_auth_session_regression.TestRegressionSignup" name="test_signup_new_email_requires_verification" time="0.481" /><testcase classname="tests.test_auth_session_regression.TestRegressionSignup" name="test_signup_missing_password_400" time="0.055" /><testcase classname="tests.test_auth_session_regression.TestRegressionAnonymous" name="test_anonymous_returns_token" time="0.191" /><testcase classname="tests.test_auth_session_regression.TestRegressionStories" name="test_story_create_ok" time="1.579" /><testcase classname="tests.test_auth_session_regression.TestRegressionStories" name="test_story_quota_429" time="0.718" /><testcase classname="tests.test_auth_session_regression.TestRegressionStories" name="test_story_bad_feud_404" time="0.060" /></testsuite></testsuites>