<?xml version="1.0" encoding="utf-8"?><testsuites name="pytest tests"><testsuite name="pytest" errors="0" failures="0" skipped="0" tests="5" time="17.555" timestamp="2026-07-30T20:48:32.780173+00:00" hostname="agent-env-b6ec2c1b-7c33-40b2-8235-e3cc22b1c410"><testcase classname="backend.tests.test_category_badge_notification" name="test_A_silent_bootstrap_marks_but_no_notification" time="4.633" /><testcase classname="backend.tests.test_category_badge_notification" name="test_B_new_tier_unlocked_creates_notification" time="3.323" /><testcase classname="backend.tests.test_category_badge_notification" name="test_C_idempotent_no_duplicate_notification" time="3.008" /><testcase classname="backend.tests.test_category_badge_notification" name="test_D_sport_category_isolated" time="6.308" /><testcase classname="backend.tests.test_category_badge_notification" name="test_E_unread_count_reflects_badge_notifications" time="0.117" /></testsuite></testsuites>