<?xml version="1.0" encoding="utf-8"?><testsuites name="pytest tests"><testsuite name="pytest" errors="0" failures="0" skipped="0" tests="4" time="1.288" timestamp="2026-07-21T21:55:17.097911+00:00" hostname="agent-env-a2b33949-310e-43de-a51a-3db600b378aa"><testcase classname="backend.tests.test_category_badges" name="test_category_badges_registered_shape" time="0.702" /><testcase classname="backend.tests.test_category_badges" name="test_category_badges_spec_names" time="0.101" /><testcase classname="backend.tests.test_category_badges" name="test_category_badges_anonymous_all_zero" time="0.269" /><testcase classname="backend.tests.test_category_badges" name="test_category_badges_not_found" time="0.167" /></testsuite></testsuites>