<?xml version="1.0" encoding="utf-8"?><testsuites name="pytest tests"><testsuite name="pytest" errors="0" failures="0" skipped="0" tests="2" time="5.439" timestamp="2026-07-21T18:34:36.916399+00:00" hostname="agent-env-a2b33949-310e-43de-a51a-3db600b378aa"><testcase classname="backend.tests.test_circle_ordering.TestCircleOrdering" name="test_fields_and_order" time="5.084" /><testcase classname="backend.tests.test_circle_ordering.TestCircleOrdering" name="test_owner_view_shows_is_owner" time="0.208" /></testsuite></testsuites>