<?xml version="1.0" encoding="utf-8"?><testsuites name="pytest tests"><testsuite name="pytest" errors="0" failures="0" skipped="0" tests="7" time="12.748" timestamp="2026-07-21T21:06:53.415744+00:00" hostname="agent-env-a2b33949-310e-43de-a51a-3db600b378aa"><testcase classname="backend.tests.test_circle_suggestions_strict.TestDmContact" name="test_dm_contact_appears_with_chat_reason" time="1.255" /><testcase classname="backend.tests.test_circle_suggestions_strict.TestReplyExchange" name="test_reply_exchange_appears" time="4.791" /><testcase classname="backend.tests.test_circle_suggestions_strict.TestPureCoCommenterExcluded" name="test_pure_cocommenter_not_in_suggestions" time="5.068" /><testcase classname="backend.tests.test_circle_suggestions_strict.TestFriendsOfFriendsExcluded" name="test_friend_of_friend_not_in_suggestions" time="0.590" /><testcase classname="backend.tests.test_circle_suggestions_strict.TestExclusions" name="test_self_never_appears" time="0.108" /><testcase classname="backend.tests.test_circle_suggestions_strict.TestExclusions" name="test_in_circle_excluded" time="0.365" /><testcase classname="backend.tests.test_circle_suggestions_strict.TestExclusions" name="test_blocked_excluded" time="0.442" /></testsuite></testsuites>