<?xml version="1.0" encoding="utf-8"?><testsuites name="pytest tests"><testsuite name="pytest" errors="0" failures="0" skipped="0" tests="7" time="2.257" timestamp="2026-07-21T18:11:24.079085+00:00" hostname="agent-env-a2b33949-310e-43de-a51a-3db600b378aa"><testcase classname="backend.tests.test_circle_endpoints" name="test_get_own_circle_empty" time="1.076" /><testcase classname="backend.tests.test_circle_endpoints" name="test_circle_status_before_add" time="0.385" /><testcase classname="backend.tests.test_circle_endpoints" name="test_circle_add" time="0.122" /><testcase classname="backend.tests.test_circle_endpoints" name="test_get_circle_after_add" time="0.105" /><testcase classname="backend.tests.test_circle_endpoints" name="test_circle_status_after_add" time="0.121" /><testcase classname="backend.tests.test_circle_endpoints" name="test_circle_remove" time="0.236" /><testcase classname="backend.tests.test_circle_endpoints" name="test_get_circle_after_remove" time="0.151" /></testsuite></testsuites>