<?xml version="1.0" encoding="utf-8"?><testsuites name="pytest tests"><testsuite name="pytest" errors="0" failures="1" skipped="0" tests="9" time="5.651" timestamp="2026-07-21T15:21:13.859890+00:00" hostname="agent-env-a2b33949-310e-43de-a51a-3db600b378aa"><testcase classname="backend.tests.test_comment_reply_delete.TestDeleteComment" name="test_delete_own_comment" time="1.241" /><testcase classname="backend.tests.test_comment_reply_delete.TestDeleteComment" name="test_delete_missing_comment" time="0.105" /><testcase classname="backend.tests.test_comment_reply_delete.TestDeleteComment" name="test_delete_double" time="0.638" /><testcase classname="backend.tests.test_comment_reply_delete.TestDeleteComment" name="test_delete_forbidden" time="0.788" /><testcase classname="backend.tests.test_comment_reply_delete.TestDeleteComment" name="test_delete_cascades_replies" time="0.878" /><testcase classname="backend.tests.test_comment_reply_delete.TestDeleteReply" name="test_delete_own_reply" time="0.655" /><testcase classname="backend.tests.test_comment_reply_delete.TestDeleteReply" name="test_delete_reply_forbidden" time="0.610" /><testcase classname="backend.tests.test_comment_reply_delete.TestDeleteReply" name="test_delete_reply_missing" time="0.128" /><testcase classname="backend.tests.test_comment_reply_delete.TestBlocksEndpoint" name="test_blocks_flow" time="0.519"><failure message="AssertionError: Block not in list: {'blocked_users': [{'user_id': 'user_16f709708760', 'nickname': 'chatUserB', 'primary_photo_id': None, 'photo_data': None, 'blocked_at': '2026-07-21T15:21:19.352000Z'}]}&#10;assert 'user_16f709708760' in []">backend/tests/test_comment_reply_delete.py:149: in test_blocks_flow
    assert b_uid in ids, f"Block not in list: {blocks}"
E   AssertionError: Block not in list: {'blocked_users': [{'user_id': 'user_16f709708760', 'nickname': 'chatUserB', 'primary_photo_id': None, 'photo_data': None, 'blocked_at': '2026-07-21T15:21:19.352000Z'}]}
E   assert 'user_16f709708760' in []</failure></testcase></testsuite></testsuites>