<?xml version="1.0" encoding="utf-8"?><testsuites name="pytest tests"><testsuite name="pytest" errors="0" failures="0" skipped="0" tests="5" time="0.711" timestamp="2026-07-19T12:27:46.165065+00:00" hostname="agent-env-a2b33949-310e-43de-a51a-3db600b378aa"><testcase classname="backend.tests.test_cronaca_and_gallery.TestCronacaBackfill" name="test_all_users_with_favorites_have_cronaca" time="0.005" /><testcase classname="backend.tests.test_cronaca_and_gallery.TestCronacaBackfill" name="test_chat_a_login_favorites_include_cronaca" time="0.496" /><testcase classname="backend.tests.test_cronaca_and_gallery.TestCronacaBackfill" name="test_chat_b_empty_favorites_untouched" time="0.001" /><testcase classname="backend.tests.test_cronaca_and_gallery.TestCronacaBackfill" name="test_categories_endpoint_has_cronaca" time="0.046" /><testcase classname="backend.tests.test_cronaca_and_gallery.TestChatAPhotos" name="test_chat_a_profile_has_two_photos" time="0.043" /></testsuite></testsuites>