<?xml version="1.0" encoding="utf-8"?><testsuites name="pytest tests"><testsuite name="pytest" errors="0" failures="0" skipped="0" tests="6" time="1.820" timestamp="2026-07-11T18:42:32.874372+00:00" hostname="agent-env-c76ce355-66d7-4cfb-8390-da1d5e97f1cf"><testcase classname="backend.tests.test_feud_retention.TestGoneStatus" name="test_missing_feud_returns_410" time="0.207" /><testcase classname="backend.tests.test_feud_retention.TestVoteSnapshot" name="test_vote_persists_snapshot" time="0.425" /><testcase classname="backend.tests.test_feud_retention.TestAdminAuth" name="test_no_key_rejected" time="0.063" /><testcase classname="backend.tests.test_feud_retention.TestAdminAuth" name="test_wrong_key_rejected" time="0.059" /><testcase classname="backend.tests.test_feud_retention.TestAdminAuth" name="test_correct_key_accepted" time="0.063" /><testcase classname="backend.tests.test_feud_retention.TestCleanupEndToEnd" name="test_full_flow" time="0.868" /></testsuite></testsuites>