<?xml version="1.0" encoding="utf-8"?><testsuites name="pytest tests"><testsuite name="pytest" errors="0" failures="0" skipped="1" tests="10" time="2.157" timestamp="2026-07-21T12:37:14.221696+00:00" hostname="agent-env-a2b33949-310e-43de-a51a-3db600b378aa"><testcase classname="backend.tests.test_hype_feuds.TestHypeContract" name="test_endpoint_ok" time="0.347" /><testcase classname="backend.tests.test_hype_feuds.TestHypeContract" name="test_response_shape" time="0.000" /><testcase classname="backend.tests.test_hype_feuds.TestNoZeroEngagement" name="test_no_zero_engagement_feud_returned" time="0.017" /><testcase classname="backend.tests.test_hype_feuds.TestCompleteness" name="test_all_voted_feuds_in_7d_are_present" time="0.001" /><testcase classname="backend.tests.test_hype_feuds.TestOrdering" name="test_ordering_by_score_then_created_at" time="0.003" /><testcase classname="backend.tests.test_hype_feuds.TestCommentEngagementCounts" name="test_comment_only_feud_is_included" time="0.009"><skipped type="pytest.skip" message="no comment-only feuds available to test">/app/backend/tests/test_hype_feuds.py:211: no comment-only feuds available to test</skipped></testcase><testcase classname="backend.tests.test_hype_feuds.TestWindow" name="test_no_feud_older_than_7d" time="0.001" /><testcase classname="backend.tests.test_hype_feuds.TestAnonymousVsAuth" name="test_anonymous_returns_null_my_vote" time="0.000" /><testcase classname="backend.tests.test_hype_feuds.TestAnonymousVsAuth" name="test_authenticated_call_ok" time="0.456" /><testcase classname="backend.tests.test_hype_feuds.TestLiveUpdate" name="test_inserting_comment_promotes_feud" time="1.152" /></testsuite></testsuites>