<?xml version="1.0" encoding="utf-8"?><testsuites name="pytest tests"><testsuite name="pytest" errors="0" failures="0" skipped="0" tests="9" time="8.765" timestamp="2026-07-21T20:59:02.829116+00:00" hostname="agent-env-a2b33949-310e-43de-a51a-3db600b378aa"><testcase classname="backend.tests.test_circle_find_iter57.TestCircleSuggestions" name="test_200_and_shape" time="0.977" /><testcase classname="backend.tests.test_circle_find_iter57.TestCircleSuggestions" name="test_self_excluded" time="0.167" /><testcase classname="backend.tests.test_circle_find_iter57.TestCircleSuggestions" name="test_dm_contact_surfaces_with_chat_reason" time="0.169" /><testcase classname="backend.tests.test_circle_find_iter57.TestCircleSuggestions" name="test_users_in_circle_excluded" time="0.377" /><testcase classname="backend.tests.test_circle_find_iter57.TestCircleSuggestions" name="test_anonymous_returns_empty" time="0.225" /><testcase classname="backend.tests.test_circle_find_iter57.TestSearchUsersDisplayName" name="test_display_name_case_insensitive_match" time="6.224" /><testcase classname="backend.tests.test_circle_find_iter57.TestSearchUsersDisplayName" name="test_search_partial_second_token" time="0.109" /><testcase classname="backend.tests.test_circle_find_iter57.TestSearchUsersDisplayName" name="test_empty_query_returns_empty" time="0.114" /><testcase classname="backend.tests.test_circle_find_iter57.TestSearchUsersDisplayName" name="test_search_users_payload_shape" time="0.341" /></testsuite></testsuites>