<?xml version="1.0" encoding="utf-8"?><testsuites name="pytest tests"><testsuite name="pytest" errors="0" failures="0" skipped="0" tests="4" time="0.486" timestamp="2026-08-19T21:20:55.701286+00:00" hostname="agent-env-1333d43d-20d8-4aec-b72f-dc4ea9c47e7d"><testcase classname="test_iter151_send_email_branches" name="test_module_reads_base_url_on_import" time="0.457" /><testcase classname="test_iter151_send_email_branches" name="test_send_verification_email_missing_base_logs_warning_and_returns" time="0.005" /><testcase classname="test_iter151_send_email_branches" name="test_send_verification_email_with_base_calls_resend" time="0.002" /><testcase classname="test_iter151_send_email_branches" name="test_send_verification_email_missing_resend_key" time="0.002" /></testsuite></testsuites>