<?xml version="1.0" encoding="utf-8"?><testsuites name="pytest tests"><testsuite name="pytest" errors="0" failures="0" skipped="0" tests="10" time="42.640" timestamp="2026-07-27T20:24:13.355563+00:00" hostname="agent-env-33ff820b-07dc-40ac-9b4d-956a1818b10f"><testcase classname="backend.tests.test_iter74_device_and_owner_comments.TestAnonymousDeviceScoped" name="test_a_same_device_same_nickname_returns_same_user" time="0.410" /><testcase classname="backend.tests.test_iter74_device_and_owner_comments.TestAnonymousDeviceScoped" name="test_b_same_device_different_nickname_updates_nickname" time="0.245" /><testcase classname="backend.tests.test_iter74_device_and_owner_comments.TestAnonymousDeviceScoped" name="test_c_different_device_ids_return_different_users" time="0.229" /><testcase classname="backend.tests.test_iter74_device_and_owner_comments.TestAnonymousDeviceScoped" name="test_d_no_device_id_returns_fresh_user_every_time" time="0.244" /><testcase classname="backend.tests.test_iter74_device_and_owner_comments.TestAnonymousDeviceScoped" name="test_e_empty_device_id_treated_as_legacy" time="0.245" /><testcase classname="backend.tests.test_iter74_device_and_owner_comments.TestOwnerScopedCommentOrdering" name="test_a_owner_first_authenticated_viewer" time="12.949" /><testcase classname="backend.tests.test_iter74_device_and_owner_comments.TestOwnerScopedCommentOrdering" name="test_b_without_owner_user_id_regression" time="0.104" /><testcase classname="backend.tests.test_iter74_device_and_owner_comments.TestOwnerScopedCommentOrdering" name="test_c_owner_is_viewer_no_bug" time="0.178" /><testcase classname="backend.tests.test_iter74_device_and_owner_comments.TestOwnerScopedCommentOrdering" name="test_d_anonymous_viewer_owner_first" time="0.108" /><testcase classname="backend.tests.test_iter74_device_and_owner_comments.TestGenerateDailySmoke" name="test_generate_daily_returns_valid_json_no_crash" time="27.728" /></testsuite></testsuites>