<?xml version="1.0" encoding="utf-8"?><testsuites name="pytest tests"><testsuite name="pytest" errors="0" failures="0" skipped="0" tests="25" time="3.343" timestamp="2026-08-18T09:28:07.585950+00:00" hostname="agent-env-088d908f-e6a7-4bc4-ac57-bb40a15b6108"><testcase classname="test_iter135_scale_security.TestSecurityHeaders" name="test_headers_on_categories" time="0.007" /><testcase classname="test_iter135_scale_security.TestSecurityHeaders" name="test_headers_on_docs" time="0.043" /><testcase classname="test_iter135_scale_security.TestCacheControl" name="test_categories_cache" time="0.043" /><testcase classname="test_iter135_scale_security.TestCacheControl" name="test_professions_cache" time="0.042" /><testcase classname="test_iter135_scale_security.TestCacheControl" name="test_sponsors_cache" time="0.044" /><testcase classname="test_iter135_scale_security.TestCacheControl" name="test_legal_terms_cache" time="0.043" /><testcase classname="test_iter135_scale_security.TestCacheControl" name="test_docs_root_cache" time="0.042" /><testcase classname="test_iter135_scale_security.TestCacheControl" name="test_docs_slug_cache" time="0.044" /><testcase classname="test_iter135_scale_security.TestGZip" name="test_docs_regole_is_gzipped" time="0.004" /><testcase classname="test_iter135_scale_security.TestGZip" name="test_small_response_not_gzipped" time="0.003" /><testcase classname="test_iter135_scale_security.TestRateLimitSignup" name="test_signup_rate_limit" time="2.156" /><testcase classname="test_iter135_scale_security.TestRateLimitLogin" name="test_login_rate_limit" time="0.030" /><testcase classname="test_iter135_scale_security.TestAdminBotsState" name="test_state_ok" time="0.045" /><testcase classname="test_iter135_scale_security.TestRoutersRegression" name="test_legal_terms" time="0.043" /><testcase classname="test_iter135_scale_security.TestRoutersRegression" name="test_legal_nda" time="0.042" /><testcase classname="test_iter135_scale_security.TestRoutersRegression" name="test_docs_list_contains_scalabilita" time="0.042" /><testcase classname="test_iter135_scale_security.TestRoutersRegression" name="test_docs_scalabilita_sicurezza" time="0.043" /><testcase classname="test_iter135_scale_security.TestRoutersRegression" name="test_sponsors" time="0.044" /><testcase classname="test_iter135_scale_security.TestRoutersRegression" name="test_favorites_requires_auth" time="0.042" /><testcase classname="test_iter135_scale_security.TestRoutersRegression" name="test_notifications_requires_auth" time="0.043" /><testcase classname="test_iter135_scale_security.TestRoutersRegression" name="test_blocks_requires_auth" time="0.042" /><testcase classname="test_iter135_scale_security.TestRoutersRegression" name="test_support_requires_auth" time="0.043" /><testcase classname="test_iter135_scale_security.TestConcurrentPool" name="test_20_parallel_hype_requests" time="0.268" /><testcase classname="test_iter135_scale_security.TestNoSecretLeaks" name="test_backend_logs_no_secret_values" time="0.003" /><testcase classname="test_iter135_scale_security.TestShareCSP" name="test_share_html_csp_if_feud_exists" time="0.053" /></testsuite></testsuites>