<?xml version="1.0" encoding="utf-8"?><testsuites name="pytest tests"><testsuite name="pytest" errors="0" failures="0" skipped="0" tests="13" time="2.485" timestamp="2026-08-19T19:46:35.088729+00:00" hostname="agent-env-1333d43d-20d8-4aec-b72f-dc4ea9c47e7d"><testcase classname="test_iter145_task2_visibility.TestStoriesFeedBotBucket" name="test_admin_feed_contains_bot_authors" time="0.231" /><testcase classname="test_iter145_task2_visibility.TestStoriesFeedBotBucket" name="test_bot_bucket_capped_at_8" time="0.106" /><testcase classname="test_iter145_task2_visibility.TestStoriesFeedBotBucket" name="test_feed_groups_have_author_info" time="0.108" /><testcase classname="test_iter145_task2_visibility.TestStoriesFeedBotBucket" name="test_deterministic_same_session" time="0.227" /><testcase classname="test_iter145_task2_visibility.TestStoriesFeedBotBucket" name="test_no_duplicates_between_circle_and_bot_bucket" time="0.109" /><testcase classname="test_iter145_task2_visibility.TestStoriesFeedBotBucket" name="test_fresh_user_also_sees_bots" time="0.684" /><testcase classname="test_iter145_task2_visibility.TestStoriesByUserForBot" name="test_real_user_can_fetch_bot_stories" time="0.116" /><testcase classname="test_iter145_task2_visibility.TestStoriesByUserForBot" name="test_fresh_user_can_fetch_bot_stories" time="0.091" /><testcase classname="test_iter145_task2_visibility.TestRealUsersStillGatedByCircle" name="test_non_bot_out_of_circle_invisible" time="0.200" /><testcase classname="test_iter145_task2_visibility.TestRealUsersStillGatedByCircle" name="test_non_bot_in_circle_visible" time="0.141" /><testcase classname="test_iter145_task2_visibility.TestHiddenViewersRespected" name="test_hidden_viewer_blocked_for_bot_author" time="0.084" /><testcase classname="test_iter145_task2_visibility.TestHiddenViewersRespected" name="test_hidden_viewer_blocked_for_non_bot_in_circle" time="0.078" /><testcase classname="test_iter145_task2_visibility.TestHotNewsFanoutStillWorks" name="test_end_to_end_fanout_creates_notification" time="0.123" /></testsuite></testsuites>