<?xml version="1.0" encoding="utf-8"?><testsuites name="pytest tests"><testsuite name="pytest" errors="0" failures="0" skipped="0" tests="19" time="2.036" timestamp="2026-08-18T10:09:09.546536+00:00" hostname="agent-env-e3142835-1213-4ab2-9fab-7b493452201d"><testcase classname="test_iter136_perf_cache.TestCategories" name="test_categories_ok" time="0.145" /><testcase classname="test_iter136_perf_cache.TestCategories" name="test_categories_stable_across_calls" time="0.118" /><testcase classname="test_iter136_perf_cache.TestCategories" name="test_categories_cache_fast" time="0.116" /><testcase classname="test_iter136_perf_cache.TestFeudsList" name="test_feuds_anon" time="0.078" /><testcase classname="test_iter136_perf_cache.TestFeudsList" name="test_feuds_anon_cached_shape" time="0.141" /><testcase classname="test_iter136_perf_cache.TestFeudsList" name="test_feuds_anon_hidden_percentages" time="0.074" /><testcase classname="test_iter136_perf_cache.TestFeudsList" name="test_feuds_auth" time="0.140" /><testcase classname="test_iter136_perf_cache.TestFeudsList" name="test_feuds_by_category" time="0.056" /><testcase classname="test_iter136_perf_cache.TestFeudsHype" name="test_hype_anon" time="0.070" /><testcase classname="test_iter136_perf_cache.TestFeudsHype" name="test_hype_anon_cached_consistency" time="0.119" /><testcase classname="test_iter136_perf_cache.TestFeudsHype" name="test_hype_auth_n_plus_1_fix" time="0.061" /><testcase classname="test_iter136_perf_cache.TestFeudsHype" name="test_hype_limit_param" time="0.068" /><testcase classname="test_iter136_perf_cache.TestFeudDetailFlow" name="test_get_single_feud" time="0.127" /><testcase classname="test_iter136_perf_cache.TestFeudDetailFlow" name="test_get_comments" time="0.127" /><testcase classname="test_iter136_perf_cache.TestFeudDetailFlow" name="test_vote_and_reveal_percentages" time="0.200" /><testcase classname="test_iter136_perf_cache.TestNotificationsAndStories" name="test_notifications" time="0.068" /><testcase classname="test_iter136_perf_cache.TestNotificationsAndStories" name="test_stories_feed" time="0.056" /><testcase classname="test_iter136_perf_cache.TestAdminBots" name="test_bots_status" time="0.122" /><testcase classname="test_iter136_perf_cache.TestAdminBots" name="test_bots_status_forbidden_without_key" time="0.065" /></testsuite></testsuites>