<?xml version="1.0" encoding="utf-8"?><testsuites name="pytest tests"><testsuite name="pytest" errors="0" failures="0" skipped="0" tests="4" time="17.067" timestamp="2026-08-17T20:48:56.005231+00:00" hostname="agent-env-09846cb5-5bb1-455b-be07-ad64d451f9b8"><testcase classname="backend.tests.test_iter113_reply_count_block_filter.TestReplyCountBlockFilter" name="test_a_blocks_b_reply_count_zero_from_a_perspective" time="6.128" /><testcase classname="backend.tests.test_iter113_reply_count_block_filter.TestReplyCountBlockFilter" name="test_b_blocks_a_symmetry" time="4.245" /><testcase classname="backend.tests.test_iter113_reply_count_block_filter.TestReplyCountBlockFilter" name="test_reply_count_intact_when_no_block" time="2.838" /><testcase classname="backend.tests.test_iter113_reply_count_block_filter.TestReplyCountBlockFilter" name="test_anonymous_viewer_sees_full_reply_count" time="3.791" /></testsuite></testsuites>