<?xml version="1.0" encoding="utf-8"?><testsuites name="pytest tests"><testsuite name="pytest" errors="0" failures="0" skipped="0" tests="9" time="1.127" timestamp="2026-08-20T09:17:30.459952+00:00" hostname="agent-env-1333d43d-20d8-4aec-b72f-dc4ea9c47e7d"><testcase classname="test_iter159_wallclock_regression.TestStoriesEndpoints" name="test_stories_feed_ok" time="0.482" /><testcase classname="test_iter159_wallclock_regression.TestStoriesEndpoints" name="test_stories_by_user_current_user" time="0.339" /><testcase classname="test_iter159_wallclock_regression.TestStoriesEndpoints" name="test_stories_view_invalid_id_4xx" time="0.140" /><testcase classname="test_iter159_wallclock_regression.TestAuthSmoke" name="test_anonymous_signup" time="0.104" /><testcase classname="test_iter159_wallclock_regression.TestViewerWallClockFix" name="test_story_start_ts_ref_declared" time="0.001" /><testcase classname="test_iter159_wallclock_regression.TestViewerWallClockFix" name="test_wall_clock_guard_in_timer" time="0.000" /><testcase classname="test_iter159_wallclock_regression.TestViewerWallClockFix" name="test_reset_on_idx_change" time="0.000" /><testcase classname="test_iter159_wallclock_regression.TestViewerWallClockFix" name="test_reset_on_current_user_change" time="0.000" /><testcase classname="test_iter159_wallclock_regression.TestViewerWallClockFix" name="test_iter155_158_protections_intact" time="0.001" /></testsuite></testsuites>