<?xml version="1.0" encoding="utf-8"?><testsuites name="pytest tests"><testsuite name="pytest" errors="0" failures="1" skipped="0" tests="30" time="40.254" timestamp="2026-08-17T23:13:16.801923+00:00" hostname="agent-env-7076ab42-b724-446b-ae9e-6fb97fd9d601"><testcase classname="backend.tests.test_iter115_bugfixes.TestHypeVisibleCountsFilter" name="test_no_zero_vote_or_zero_visible_comment_in_hype" time="1.190" /><testcase classname="backend.tests.test_iter115_bugfixes.TestHypeVisibleCountsFilter" name="test_fresh_feud_with_comment_but_no_vote_is_hidden" time="0.510" /><testcase classname="backend.tests.test_iter115_bugfixes.TestHypeVisibleCountsFilter" name="test_vote_flip_hides_comment_from_hype" time="2.582" /><testcase classname="backend.tests.test_iter115_bugfixes.TestBiDirectionalBlockOnComments" name="test_block_hides_other_users_comments_bidirectional" time="2.985" /><testcase classname="backend.tests.test_iter115_bugfixes.TestBiDirectionalBlockOnComments" name="test_block_hides_replies_bidirectional" time="5.414" /><testcase classname="backend.tests.test_iter115_bugfixes.TestNotificationsBlockFilter" name="test_mention_from_blocked_user_hidden" time="1.177"><failure message="AssertionError: {&quot;detail&quot;:&quot;Non puoi taggare @chat_a: c'è un blocco tra voi.&quot;}&#10;assert 400 == 200&#10; +  where 400 = &lt;Response [400]&gt;.status_code">backend/tests/test_iter115_bugfixes.py:504: in test_mention_from_blocked_user_hidden
    assert r.status_code == 200, r.text
E   AssertionError: {"detail":"Non puoi taggare @chat_a: c'è un blocco tra voi."}
E   assert 400 == 200
E    +  where 400 = &lt;Response [400]&gt;.status_code</failure></testcase><testcase classname="backend.tests.test_iter116_bugfixes.TestHypeStricterThreshold" name="test_global_invariant_no_low_engagement_feuds" time="0.999" /><testcase classname="backend.tests.test_iter116_bugfixes.TestHypeStricterThreshold" name="test_step_by_step_threshold" time="1.663" /><testcase classname="backend.tests.test_iter116_bugfixes.TestMentionScrubbingOnComments" name="test_scrub_mention_of_blocked_user_in_own_comment" time="1.490" /><testcase classname="backend.tests.test_iter116_bugfixes.TestMentionScrubbingOnReplies" name="test_scrub_mention_of_blocked_user_in_reply" time="2.684" /><testcase classname="backend.tests.test_iter116_bugfixes.TestRegressionBlockHidesAuthoredComments" name="test_comment_from_blocked_user_hidden_entirely" time="2.211" /><testcase classname="backend.tests.test_iter117_bugfixes.TestMentionsSuggest" name="test_empty_q_returns_proximity_list" time="1.695" /><testcase classname="backend.tests.test_iter117_bugfixes.TestMentionsSuggest" name="test_q_filters_by_substring_case_insensitive" time="0.096" /><testcase classname="backend.tests.test_iter117_bugfixes.TestMentionsSuggest" name="test_q_matches_display_name_only" time="0.096" /><testcase classname="backend.tests.test_iter117_bugfixes.TestMentionsSuggest" name="test_blocked_user_never_appears" time="0.679" /><testcase classname="backend.tests.test_iter117_bugfixes.TestMentionsSuggest" name="test_anonymous_viewer_returns_empty" time="0.264" /><testcase classname="backend.tests.test_iter117_bugfixes.TestMentionsSuggest" name="test_no_match_returns_empty_no_error" time="0.090" /><testcase classname="backend.tests.test_iter117_bugfixes.TestMentionsSuggest" name="test_feud_context_boost" time="1.453" /><testcase classname="backend.tests.test_iter117_bugfixes.TestMentionsSuggest" name="test_response_shape" time="0.081" /><testcase classname="backend.tests.test_iter117_bugfixes.TestBlockFilterOnTaggedComments" name="test_third_party_comment_tagging_blocked_user_hidden" time="1.882" /><testcase classname="backend.tests.test_iter117_bugfixes.TestBlockFilterOnTaggedComments" name="test_symmetric_comment_tagging_hidden_for_target" time="1.404" /><testcase classname="backend.tests.test_iter117_bugfixes.TestBlockFilterOnTaggedComments" name="test_reply_tagging_blocked_user_hidden" time="2.983" /><testcase classname="backend.tests.test_iter117_bugfixes.TestBlockFilterOnTaggedComments" name="test_reply_count_matches_visible_after_tag_filter" time="3.736" /><testcase classname="backend.tests.test_iter117_bugfixes.TestHistoryCountsOnPublicProfile" name="test_history_counts_present_and_typed" time="0.248" /><testcase classname="backend.tests.test_iter117_bugfixes.TestHistoryCountsOnPublicProfile" name="test_history_counts_invariant" time="0.087" /><testcase classname="backend.tests.test_iter117_bugfixes.TestHistoryCountsOnPublicProfile" name="test_history_counts_le_total_votes" time="0.094" /><testcase classname="backend.tests.test_iter117_bugfixes.TestHistoryCountsOnPublicProfile" name="test_history_counts_matches_actual_history_length" time="0.208" /><testcase classname="backend.tests.test_iter117_bugfixes.TestHistoryCountsOnPublicProfile" name="test_self_public_profile_has_history_counts" time="0.124" /><testcase classname="backend.tests.test_iter117_bugfixes.TestHistoryCountsOnPublicProfile" name="test_blocked_pair_returns_403_no_leak" time="0.344" /><testcase classname="backend.tests.test_iter117_bugfixes.TestRegressionIter116" name="test_authored_by_blocked_still_hidden" time="1.540" /></testsuite></testsuites>