<?xml version="1.0" encoding="utf-8"?><testsuites name="pytest tests"><testsuite name="pytest" errors="0" failures="0" skipped="0" tests="4" time="3.132" timestamp="2026-08-20T09:07:22.053630+00:00" hostname="agent-env-1333d43d-20d8-4aec-b72f-dc4ea9c47e7d"><testcase classname="test_iter158_regression.TestStoriesEndpoints" name="test_stories_feed_ok" time="2.555" /><testcase classname="test_iter158_regression.TestStoriesEndpoints" name="test_stories_by_user_current_user" time="0.220" /><testcase classname="test_iter158_regression.TestStoriesEndpoints" name="test_stories_view_invalid_id_404_or_400" time="0.128" /><testcase classname="test_iter158_regression.TestAuthSmoke" name="test_anonymous_signup" time="0.177" /></testsuite></testsuites>