<?xml version="1.0" encoding="utf-8"?><testsuites name="pytest tests"><testsuite name="pytest" errors="0" failures="0" skipped="0" tests="17" time="32.848" timestamp="2026-08-17T21:08:59.728698+00:00" hostname="agent-env-09846cb5-5bb1-455b-be07-ad64d451f9b8"><testcase classname="backend.tests.test_iter113_reply_count_block_filter.TestReplyCountBlockFilter" name="test_a_blocks_b_reply_count_zero_from_a_perspective" time="4.304" /><testcase classname="backend.tests.test_iter113_reply_count_block_filter.TestReplyCountBlockFilter" name="test_b_blocks_a_symmetry" time="2.581" /><testcase classname="backend.tests.test_iter113_reply_count_block_filter.TestReplyCountBlockFilter" name="test_reply_count_intact_when_no_block" time="3.623" /><testcase classname="backend.tests.test_iter113_reply_count_block_filter.TestReplyCountBlockFilter" name="test_anonymous_viewer_sees_full_reply_count" time="3.134" /><testcase classname="backend.tests.test_mentions_and_blocks.TestMentions" name="test_mention_resolves_fresh_user" time="3.180" /><testcase classname="backend.tests.test_mentions_and_blocks.TestMentions" name="test_mention_notification_delivered" time="3.923" /><testcase classname="backend.tests.test_mentions_and_blocks.TestMentions" name="test_self_mention_dropped" time="0.761" /><testcase classname="backend.tests.test_mentions_and_blocks.TestMentions" name="test_anonymous_cannot_be_mentioned" time="1.035" /><testcase classname="backend.tests.test_mentions_and_blocks.TestMentions" name="test_mention_case_sensitivity_bug" time="1.464" /><testcase classname="backend.tests.test_mentions_and_blocks.TestBlocks" name="test_setup_friendship_then_block_cascades" time="0.692" /><testcase classname="backend.tests.test_mentions_and_blocks.TestBlocks" name="test_profile_403" time="0.153" /><testcase classname="backend.tests.test_mentions_and_blocks.TestBlocks" name="test_history_403" time="0.153" /><testcase classname="backend.tests.test_mentions_and_blocks.TestBlocks" name="test_reply_blocked_both_directions" time="2.446" /><testcase classname="backend.tests.test_mentions_and_blocks.TestBlocks" name="test_comments_hidden_in_thread" time="0.256" /><testcase classname="backend.tests.test_mentions_and_blocks.TestBlocks" name="test_block_mention_dropped" time="2.428" /><testcase classname="backend.tests.test_mentions_and_blocks.TestBlocks" name="test_replies_hidden_in_thread" time="2.321" /><testcase classname="backend.tests.test_mentions_and_blocks.TestBlocks" name="test_unblock_restores_profile" time="0.331" /></testsuite></testsuites>