<?xml version="1.0" encoding="utf-8"?><testsuites name="pytest tests"><testsuite name="pytest" errors="0" failures="0" skipped="1" tests="22" time="7.646" timestamp="2026-08-18T01:03:54.522036+00:00" hostname="agent-env-7076ab42-b724-446b-ae9e-6fb97fd9d601"><testcase classname="backend.tests.test_iter123_admin_feud_controls.TestAuthSanity" name="test_admin_token_resolves_to_founder_email" time="0.192" /><testcase classname="backend.tests.test_iter123_admin_feud_controls.TestAuthSanity" name="test_user_a_is_not_admin" time="0.475" /><testcase classname="backend.tests.test_iter123_admin_feud_controls.TestAdminEditFeud" name="test_edit_requires_auth" time="0.349" /><testcase classname="backend.tests.test_iter123_admin_feud_controls.TestAdminEditFeud" name="test_edit_forbidden_for_non_admin" time="0.149" /><testcase classname="backend.tests.test_iter123_admin_feud_controls.TestAdminEditFeud" name="test_edit_forbidden_for_anon" time="0.251" /><testcase classname="backend.tests.test_iter123_admin_feud_controls.TestAdminEditFeud" name="test_edit_404_when_not_found" time="0.149" /><testcase classname="backend.tests.test_iter123_admin_feud_controls.TestAdminEditFeud" name="test_edit_empty_title_rejected" time="0.142" /><testcase classname="backend.tests.test_iter123_admin_feud_controls.TestAdminEditFeud" name="test_edit_empty_question_rejected" time="0.125" /><testcase classname="backend.tests.test_iter123_admin_feud_controls.TestAdminEditFeud" name="test_edit_invalid_category_rejected" time="0.124" /><testcase classname="backend.tests.test_iter123_admin_feud_controls.TestAdminEditFeud" name="test_edit_empty_payload_rejected" time="0.133" /><testcase classname="backend.tests.test_iter123_admin_feud_controls.TestAdminEditFeud" name="test_edit_title_question_category_persists" time="0.551" /><testcase classname="backend.tests.test_iter123_admin_feud_controls.TestAdminHideRestore" name="test_hide_forbidden_for_non_admin" time="0.322" /><testcase classname="backend.tests.test_iter123_admin_feud_controls.TestAdminHideRestore" name="test_hide_requires_auth" time="0.128" /><testcase classname="backend.tests.test_iter123_admin_feud_controls.TestAdminHideRestore" name="test_hide_404_when_not_found" time="0.139" /><testcase classname="backend.tests.test_iter123_admin_feud_controls.TestAdminHideRestore" name="test_hide_then_visibility_matrix" time="2.699" /><testcase classname="backend.tests.test_iter123_admin_feud_controls.TestAdminHideRestore" name="test_restore_404_when_not_found" time="0.232" /><testcase classname="backend.tests.test_iter123_admin_feud_controls.TestCommentMentionDeeplinkRegression" name="test_comment_creation_still_ok_and_notifies_mention" time="0.730"><skipped type="pytest.skip" message="comment endpoint unavailable or precondition failed: 400 {&quot;detail&quot;:&quot;Devi prima votare&quot;}">/app/backend/tests/test_iter123_admin_feud_controls.py:351: comment endpoint unavailable or precondition failed: 400 {"detail":"Devi prima votare"}</skipped></testcase><testcase classname="backend.tests.test_iter123_admin_feud_controls.TestFeedRegression" name="test_public_feed_endpoints_ok[/feuds?limit=5]" time="0.204" /><testcase classname="backend.tests.test_iter123_admin_feud_controls.TestFeedRegression" name="test_public_feed_endpoints_ok[/feuds/hype?limit=5]" time="0.111" /><testcase classname="backend.tests.test_iter123_admin_feud_controls.TestFeedRegression" name="test_public_feed_endpoints_ok[/feuds/archive/dates]" time="0.130" /><testcase classname="backend.tests.test_iter123_admin_feud_controls.TestFeedRegression" name="test_public_feed_endpoints_ok[/search?q=politica]" time="0.118" /><testcase classname="backend.tests.test_iter123_admin_feud_controls.TestFeedRegression" name="test_public_feed_endpoints_ok[/categories]" time="0.115" /></testsuite></testsuites>