<?xml version="1.0" encoding="utf-8"?><testsuites name="pytest tests"><testsuite name="pytest" errors="0" failures="0" skipped="0" tests="15" time="1.898" timestamp="2026-08-18T06:24:01.777284+00:00" hostname="agent-env-b8665292-f713-4bed-9f4b-4b10153b833f"><testcase classname="tests.iter128_bot_reset_hotnews.TestBotResetEndpoint" name="test_missing_admin_key_rejected" time="0.137" /><testcase classname="tests.iter128_bot_reset_hotnews.TestBotResetEndpoint" name="test_wrong_admin_key_rejected" time="0.166" /><testcase classname="tests.iter128_bot_reset_hotnews.TestBotResetEndpoint" name="test_empty_body_defaults_to_comments_stories" time="0.243" /><testcase classname="tests.iter128_bot_reset_hotnews.TestBotResetEndpoint" name="test_kinds_comments_only" time="0.222" /><testcase classname="tests.iter128_bot_reset_hotnews.TestBotResetEndpoint" name="test_kinds_with_votes_rolls_back_counters" time="0.226" /><testcase classname="tests.iter128_bot_reset_hotnews.TestBotResetEndpoint" name="test_kinds_empty_list_defaults_to_comments_stories" time="0.108" /><testcase classname="tests.iter128_bot_reset_hotnews.TestBotResetEndpoint" name="test_kinds_only_bogus_value" time="0.104" /><testcase classname="tests.iter128_bot_reset_hotnews.TestBotResetEndpoint" name="test_bot_user_accounts_not_deleted" time="0.126" /><testcase classname="tests.iter128_bot_reset_hotnews.TestHotNewsFanout" name="test_below_threshold_no_flag" time="0.352" /><testcase classname="tests.iter128_bot_reset_hotnews.TestHotNewsFanout" name="test_above_threshold_flags" time="0.047" /><testcase classname="tests.iter128_bot_reset_hotnews.TestHotNewsFanout" name="test_idempotent_second_call_noop" time="0.056" /><testcase classname="tests.iter128_bot_reset_hotnews.TestHotNewsFanout" name="test_combined_score_path" time="0.048" /><testcase classname="tests.iter128_bot_reset_hotnews.TestMediaExtractorScore" name="test_min_relevance_score_is_2" time="0.000" /><testcase classname="tests.iter128_bot_reset_hotnews.TestMediaExtractorScore" name="test_score_video_returns_2_for_borderline_item" time="0.000" /><testcase classname="tests.iter128_bot_reset_hotnews.TestMediaExtractorScore" name="test_score_gates_borderline_passes_at_2" time="0.000" /></testsuite></testsuites>