<?xml version="1.0" encoding="utf-8"?><testsuites name="pytest tests"><testsuite name="pytest" errors="0" failures="7" skipped="0" tests="67" time="76.689" timestamp="2026-08-17T23:38:40.225883+00:00" hostname="agent-env-7076ab42-b724-446b-ae9e-6fb97fd9d601"><testcase classname="backend.tests.test_iter113_reply_count_block_filter.TestReplyCountBlockFilter" name="test_a_blocks_b_reply_count_zero_from_a_perspective" time="3.148" /><testcase classname="backend.tests.test_iter113_reply_count_block_filter.TestReplyCountBlockFilter" name="test_b_blocks_a_symmetry" time="2.911" /><testcase classname="backend.tests.test_iter113_reply_count_block_filter.TestReplyCountBlockFilter" name="test_reply_count_intact_when_no_block" time="3.073" /><testcase classname="backend.tests.test_iter113_reply_count_block_filter.TestReplyCountBlockFilter" name="test_anonymous_viewer_sees_full_reply_count" time="2.173" /><testcase classname="backend.tests.test_iter114_hype_block_filter.TestHypeBlockFilter" name="test_hype_excludes_feuds_when_only_commenter_is_blocked" time="1.452"><failure message="AssertionError: Baseline: seeded feud must appear in A's hype before block. got 6 feuds, feud_iter114_8d074bfe77 missing.&#10;assert 'feud_iter114_8d074bfe77' in ['feud_edad4db75387', 'feud_7c6d16e4baee', 'feud_58ebeba6d768', 'feud_2e5b4481a8a4', 'feud_2e68b973e670', 'feud_198672d881cc']">E   AssertionError: Baseline: seeded feud must appear in A's hype before block. got 6 feuds, feud_iter114_8d074bfe77 missing.
    assert 'feud_iter114_8d074bfe77' in ['feud_edad4db75387', 'feud_7c6d16e4baee', 'feud_58ebeba6d768', 'feud_2e5b4481a8a4', 'feud_2e68b973e670', 'feud_198672d881cc']</failure></testcase><testcase classname="backend.tests.test_iter114_hype_block_filter.TestHypeBlockFilter" name="test_hype_reply_by_blocked_user_alone_hides_feud" time="2.162"><failure message="AssertionError: baseline before block&#10;assert 'feud_iter114_2db7bae511' in ['feud_edad4db75387', 'feud_7c6d16e4baee', 'feud_58ebeba6d768', 'feud_2e5b4481a8a4', 'feud_2e68b973e670', 'feud_198672d881cc']&#10; +  where ['feud_edad4db75387', 'feud_7c6d16e4baee', 'feud_58ebeba6d768', 'feud_2e5b4481a8a4', 'feud_2e68b973e670', 'feud_198672d881cc'] = _hype_ids(&lt;requests.sessions.Session object at 0xfa49b54ea390&gt;, 'eyJhbGciOiJIUzI1NiIsInR5cCI6IkpXVCJ9.eyJzdWIiOiJ1c2VyXzZlNjVlMTk1MjVkNSIsImlhdCI6MTc4NzAwOTkzMSwiZXhwIjoxNzg3NjE0NzMxfQ.oHtZmdsL8D4MGMGmi4POkwKGfAWF9NBg4beMxHQpOJg')">E   AssertionError: baseline before block
    assert 'feud_iter114_2db7bae511' in ['feud_edad4db75387', 'feud_7c6d16e4baee', 'feud_58ebeba6d768', 'feud_2e5b4481a8a4', 'feud_2e68b973e670', 'feud_198672d881cc']
     +  where ['feud_edad4db75387', 'feud_7c6d16e4baee', 'feud_58ebeba6d768', 'feud_2e5b4481a8a4', 'feud_2e68b973e670', 'feud_198672d881cc'] = _hype_ids(&lt;requests.sessions.Session object at 0xfa49b54ea390&gt;, 'eyJhbGciOiJIUzI1NiIsInR5cCI6IkpXVCJ9.eyJzdWIiOiJ1c2VyXzZlNjVlMTk1MjVkNSIsImlhdCI6MTc4NzAwOTkzMSwiZXhwIjoxNzg3NjE0NzMxfQ.oHtZmdsL8D4MGMGmi4POkwKGfAWF9NBg4beMxHQpOJg')</failure></testcase><testcase classname="backend.tests.test_iter114_hype_block_filter.TestHypeBlockFilter" name="test_hype_mixed_feud_stays_visible_after_block" time="2.365"><failure message="AssertionError: Mixed feud should stay in hype after block (A's own comment counts).&#10;assert 'feud_iter114_14fa791dfa' in ['feud_edad4db75387', 'feud_7c6d16e4baee', 'feud_58ebeba6d768', 'feud_2e5b4481a8a4', 'feud_2e68b973e670', 'feud_198672d881cc']&#10; +  where ['feud_edad4db75387', 'feud_7c6d16e4baee', 'feud_58ebeba6d768', 'feud_2e5b4481a8a4', 'feud_2e68b973e670', 'feud_198672d881cc'] = _hype_ids(&lt;requests.sessions.Session object at 0xfa49b54ea390&gt;, 'eyJhbGciOiJIUzI1NiIsInR5cCI6IkpXVCJ9.eyJzdWIiOiJ1c2VyXzZlNjVlMTk1MjVkNSIsImlhdCI6MTc4NzAwOTkzMSwiZXhwIjoxNzg3NjE0NzMxfQ.oHtZmdsL8D4MGMGmi4POkwKGfAWF9NBg4beMxHQpOJg')">E   AssertionError: Mixed feud should stay in hype after block (A's own comment counts).
    assert 'feud_iter114_14fa791dfa' in ['feud_edad4db75387', 'feud_7c6d16e4baee', 'feud_58ebeba6d768', 'feud_2e5b4481a8a4', 'feud_2e68b973e670', 'feud_198672d881cc']
     +  where ['feud_edad4db75387', 'feud_7c6d16e4baee', 'feud_58ebeba6d768', 'feud_2e5b4481a8a4', 'feud_2e68b973e670', 'feud_198672d881cc'] = _hype_ids(&lt;requests.sessions.Session object at 0xfa49b54ea390&gt;, 'eyJhbGciOiJIUzI1NiIsInR5cCI6IkpXVCJ9.eyJzdWIiOiJ1c2VyXzZlNjVlMTk1MjVkNSIsImlhdCI6MTc4NzAwOTkzMSwiZXhwIjoxNzg3NjE0NzMxfQ.oHtZmdsL8D4MGMGmi4POkwKGfAWF9NBg4beMxHQpOJg')</failure></testcase><testcase classname="backend.tests.test_iter114_hype_block_filter.TestHypeBlockFilter" name="test_hype_reverse_block_direction" time="1.012"><failure message="AssertionError: baseline B sees feud&#10;assert 'feud_iter114_1e2f352ec7' in ['feud_edad4db75387', 'feud_7c6d16e4baee', 'feud_58ebeba6d768', 'feud_2e5b4481a8a4', 'feud_2e68b973e670', 'feud_198672d881cc']&#10; +  where ['feud_edad4db75387', 'feud_7c6d16e4baee', 'feud_58ebeba6d768', 'feud_2e5b4481a8a4', 'feud_2e68b973e670', 'feud_198672d881cc'] = _hype_ids(&lt;requests.sessions.Session object at 0xfa49b54ea390&gt;, 'eyJhbGciOiJIUzI1NiIsInR5cCI6IkpXVCJ9.eyJzdWIiOiJ1c2VyXzE2ZjcwOTcwODc2MCIsImlhdCI6MTc4NzAwOTkzMiwiZXhwIjoxNzg3NjE0NzMyfQ.wpYRxrwtP37xtwmHpJgkZIquBgZwD5WqXWsJQq83d9k')">E   AssertionError: baseline B sees feud
    assert 'feud_iter114_1e2f352ec7' in ['feud_edad4db75387', 'feud_7c6d16e4baee', 'feud_58ebeba6d768', 'feud_2e5b4481a8a4', 'feud_2e68b973e670', 'feud_198672d881cc']
     +  where ['feud_edad4db75387', 'feud_7c6d16e4baee', 'feud_58ebeba6d768', 'feud_2e5b4481a8a4', 'feud_2e68b973e670', 'feud_198672d881cc'] = _hype_ids(&lt;requests.sessions.Session object at 0xfa49b54ea390&gt;, 'eyJhbGciOiJIUzI1NiIsInR5cCI6IkpXVCJ9.eyJzdWIiOiJ1c2VyXzE2ZjcwOTcwODc2MCIsImlhdCI6MTc4NzAwOTkzMiwiZXhwIjoxNzg3NjE0NzMyfQ.wpYRxrwtP37xtwmHpJgkZIquBgZwD5WqXWsJQq83d9k')</failure></testcase><testcase classname="backend.tests.test_iter114_hype_block_filter.TestHypeBlockFilter" name="test_hype_response_schema_intact" time="0.145" /><testcase classname="backend.tests.test_iter115_bugfixes.TestHypeVisibleCountsFilter" name="test_no_zero_vote_or_zero_visible_comment_in_hype" time="0.673" /><testcase classname="backend.tests.test_iter115_bugfixes.TestHypeVisibleCountsFilter" name="test_fresh_feud_with_comment_but_no_vote_is_hidden" time="0.306" /><testcase classname="backend.tests.test_iter115_bugfixes.TestHypeVisibleCountsFilter" name="test_vote_flip_hides_comment_from_hype" time="3.197" /><testcase classname="backend.tests.test_iter115_bugfixes.TestBiDirectionalBlockOnComments" name="test_block_hides_other_users_comments_bidirectional" time="2.405" /><testcase classname="backend.tests.test_iter115_bugfixes.TestBiDirectionalBlockOnComments" name="test_block_hides_replies_bidirectional" time="4.498" /><testcase classname="backend.tests.test_iter115_bugfixes.TestNotificationsBlockFilter" name="test_mention_from_blocked_user_hidden" time="6.847" /><testcase classname="backend.tests.test_iter116_bugfixes.TestHypeStricterThreshold" name="test_global_invariant_no_low_engagement_feuds" time="0.672" /><testcase classname="backend.tests.test_iter116_bugfixes.TestHypeStricterThreshold" name="test_step_by_step_threshold" time="1.693" /><testcase classname="backend.tests.test_iter116_bugfixes.TestMentionScrubbingOnComments" name="test_scrub_mention_of_blocked_user_in_own_comment" time="1.014"><failure message="AssertionError: A's own comment must still be visible after A blocks B&#10;assert None is not None">E   AssertionError: A's own comment must still be visible after A blocks B
    assert None is not None</failure></testcase><testcase classname="backend.tests.test_iter116_bugfixes.TestMentionScrubbingOnReplies" name="test_scrub_mention_of_blocked_user_in_reply" time="2.452"><failure message="AssertionError: A's own reply must survive block&#10;assert None is not None">E   AssertionError: A's own reply must survive block
    assert None is not None</failure></testcase><testcase classname="backend.tests.test_iter116_bugfixes.TestRegressionBlockHidesAuthoredComments" name="test_comment_from_blocked_user_hidden_entirely" time="2.833" /><testcase classname="backend.tests.test_iter117_bugfixes.TestMentionsSuggest" name="test_empty_q_returns_proximity_list" time="1.076" /><testcase classname="backend.tests.test_iter117_bugfixes.TestMentionsSuggest" name="test_q_filters_by_substring_case_insensitive" time="0.051" /><testcase classname="backend.tests.test_iter117_bugfixes.TestMentionsSuggest" name="test_q_matches_display_name_only" time="0.053" /><testcase classname="backend.tests.test_iter117_bugfixes.TestMentionsSuggest" name="test_blocked_user_never_appears" time="0.245" /><testcase classname="backend.tests.test_iter117_bugfixes.TestMentionsSuggest" name="test_anonymous_viewer_returns_empty" time="0.087" /><testcase classname="backend.tests.test_iter117_bugfixes.TestMentionsSuggest" name="test_no_match_returns_empty_no_error" time="0.053" /><testcase classname="backend.tests.test_iter117_bugfixes.TestMentionsSuggest" name="test_feud_context_boost" time="0.697" /><testcase classname="backend.tests.test_iter117_bugfixes.TestMentionsSuggest" name="test_response_shape" time="0.053" /><testcase classname="backend.tests.test_iter117_bugfixes.TestBlockFilterOnTaggedComments" name="test_third_party_comment_tagging_blocked_user_hidden" time="1.038" /><testcase classname="backend.tests.test_iter117_bugfixes.TestBlockFilterOnTaggedComments" name="test_symmetric_comment_tagging_hidden_for_target" time="1.406" /><testcase classname="backend.tests.test_iter117_bugfixes.TestBlockFilterOnTaggedComments" name="test_reply_tagging_blocked_user_hidden" time="1.576" /><testcase classname="backend.tests.test_iter117_bugfixes.TestBlockFilterOnTaggedComments" name="test_reply_count_matches_visible_after_tag_filter" time="2.703" /><testcase classname="backend.tests.test_iter117_bugfixes.TestHistoryCountsOnPublicProfile" name="test_history_counts_present_and_typed" time="0.136" /><testcase classname="backend.tests.test_iter117_bugfixes.TestHistoryCountsOnPublicProfile" name="test_history_counts_invariant" time="0.050" /><testcase classname="backend.tests.test_iter117_bugfixes.TestHistoryCountsOnPublicProfile" name="test_history_counts_le_total_votes" time="0.050" /><testcase classname="backend.tests.test_iter117_bugfixes.TestHistoryCountsOnPublicProfile" name="test_history_counts_matches_actual_history_length" time="0.097" /><testcase classname="backend.tests.test_iter117_bugfixes.TestHistoryCountsOnPublicProfile" name="test_self_public_profile_has_history_counts" time="0.051" /><testcase classname="backend.tests.test_iter117_bugfixes.TestHistoryCountsOnPublicProfile" name="test_blocked_pair_returns_403_no_leak" time="0.176" /><testcase classname="backend.tests.test_iter117_bugfixes.TestRegressionIter116" name="test_authored_by_blocked_still_hidden" time="0.968" /><testcase classname="backend.tests.test_iter119_logout_crash.TestMissingBearerContract" name="test_photos_without_auth_401_missing_bearer" time="0.002" /><testcase classname="backend.tests.test_iter119_logout_crash.TestMissingBearerContract" name="test_me_without_auth_401" time="0.042" /><testcase classname="backend.tests.test_iter119_logout_crash.TestMissingBearerContract" name="test_history_without_auth_401" time="0.043" /><testcase classname="backend.tests.test_iter119_logout_crash.TestMissingBearerContract" name="test_notifications_without_auth_401" time="0.042" /><testcase classname="backend.tests.test_iter119_logout_crash.TestPublicEndpoints" name="test_categories_no_token" time="0.043" /><testcase classname="backend.tests.test_iter119_logout_crash.TestPublicEndpoints" name="test_professions_no_token" time="0.043" /><testcase classname="backend.tests.test_iter119_logout_crash.TestPublicEndpoints" name="test_login_no_token" time="0.266" /><testcase classname="backend.tests.test_iter119_logout_crash.TestAuthedWithToken" name="test_photos_with_token_200" time="0.311" /><testcase classname="backend.tests.test_iter119_logout_crash.TestAuthedWithToken" name="test_me_with_token_200" time="0.045" /><testcase classname="backend.tests.test_iter119_logout_crash.TestHypeOptionalAuth" name="test_hype_anon_200" time="0.052" /><testcase classname="backend.tests.test_iter119_logout_crash.TestHypeOptionalAuth" name="test_hype_auth_200" time="0.053" /><testcase classname="backend.tests.test_mentions_and_blocks.TestMentions" name="test_mention_resolves_fresh_user" time="2.501" /><testcase classname="backend.tests.test_mentions_and_blocks.TestMentions" name="test_mention_notification_delivered" time="2.722" /><testcase classname="backend.tests.test_mentions_and_blocks.TestMentions" name="test_self_mention_dropped" time="0.613" /><testcase classname="backend.tests.test_mentions_and_blocks.TestMentions" name="test_anonymous_cannot_be_mentioned" time="0.764" /><testcase classname="backend.tests.test_mentions_and_blocks.TestMentions" name="test_mention_case_sensitivity_bug" time="0.735" /><testcase classname="backend.tests.test_mentions_and_blocks.TestBlocks" name="test_setup_friendship_then_block_cascades" time="0.354" /><testcase classname="backend.tests.test_mentions_and_blocks.TestBlocks" name="test_profile_403" time="0.088" /><testcase classname="backend.tests.test_mentions_and_blocks.TestBlocks" name="test_history_403" time="0.088" /><testcase classname="backend.tests.test_mentions_and_blocks.TestBlocks" name="test_reply_blocked_both_directions" time="1.559" /><testcase classname="backend.tests.test_mentions_and_blocks.TestBlocks" name="test_comments_hidden_in_thread" time="0.140" /><testcase classname="backend.tests.test_mentions_and_blocks.TestBlocks" name="test_block_mention_dropped" time="0.778"><failure message="AssertionError: {&quot;detail&quot;:&quot;Non puoi taggare @chat_a: c'è un blocco tra voi.&quot;}&#10;assert 400 == 200&#10; +  where 400 = &lt;Response [400]&gt;.status_code">E   AssertionError: {"detail":"Non puoi taggare @chat_a: c'è un blocco tra voi."}
    assert 400 == 200
     +  where 400 = &lt;Response [400]&gt;.status_code</failure></testcase><testcase classname="backend.tests.test_mentions_and_blocks.TestBlocks" name="test_replies_hidden_in_thread" time="3.021" /><testcase classname="backend.tests.test_mentions_and_blocks.TestBlocks" name="test_unblock_restores_profile" time="0.179" /><testcase classname="backend.tests.test_iter120_strict_block.TestOwnCommentTaggingBlockedIsHidden" name="test_own_comment_hidden_when_block_and_reappears_on_unblock" time="2.040" /><testcase classname="backend.tests.test_iter120_strict_block.TestOwnReplyTaggingBlockedIsHidden" name="test_own_reply_hidden_when_block_and_reappears_on_unblock" time="1.591" /><testcase classname="backend.tests.test_iter120_strict_block.TestCannotReplyToBlockedParent" name="test_reply_to_blocked_parent_returns_403" time="1.839" /><testcase classname="backend.tests.test_iter120_strict_block.TestCannotTagBlockedInNewPost" name="test_post_tagging_blocked_returns_400" time="0.888" /></testsuite></testsuites>