<?xml version="1.0" encoding="utf-8"?><testsuites name="pytest tests"><testsuite name="pytest" errors="0" failures="0" skipped="0" tests="45" time="5.470" timestamp="2026-08-19T21:21:01.963604+00:00" hostname="agent-env-1333d43d-20d8-4aec-b72f-dc4ea9c47e7d"><testcase classname="test_iter151_verify_email_missing_base.TestSignupMissingBase" name="test_signup_returns_requires_verification" time="1.216" /><testcase classname="test_iter151_verify_email_missing_base.TestSignupMissingBase" name="test_user_exists_unverified" time="0.002" /><testcase classname="test_iter151_verify_email_missing_base.TestSignupMissingBase" name="test_verification_token_still_persisted" time="0.001" /><testcase classname="test_iter151_verify_email_missing_base.TestSignupMissingBase" name="test_login_blocked_until_verified" time="0.304" /><testcase classname="test_iter151_verify_email_missing_base.TestSignupMissingBase" name="test_resend_verification_returns_generic_success" time="0.079" /><testcase classname="test_iter151_verify_email_missing_base.TestSignupMissingBase" name="test_cleanup" time="0.002" /><testcase classname="test_iter151_verify_email_missing_base.TestVerifyEmailRegression" name="test_seed_user_and_token" time="0.001" /><testcase classname="test_iter151_verify_email_missing_base.TestVerifyEmailRegression" name="test_verify_email_success" time="0.123" /><testcase classname="test_iter151_verify_email_missing_base.TestVerifyEmailRegression" name="test_verify_email_invalid_token" time="0.083" /><testcase classname="test_iter151_verify_email_missing_base.TestVerifyEmailRegression" name="test_cleanup" time="0.001" /><testcase classname="test_iter151_verify_email_missing_base.TestBackendHealth" name="test_feuds_list" time="0.361" /><testcase classname="test_iter151_verify_email_missing_base.TestBackendHealth" name="test_anonymous_login" time="0.122" /><testcase classname="test_iter151_verify_email_missing_base.TestBackendHealth" name="test_login_wrong_password" time="0.093" /><testcase classname="test_iter151_verify_email_missing_base.TestFrontendLockfile" name="test_package_lock_gone" time="0.000" /><testcase classname="test_iter151_verify_email_missing_base.TestFrontendLockfile" name="test_yarn_lock_present" time="0.001" /><testcase classname="test_iter151_send_email_branches" name="test_module_reads_base_url_on_import" time="0.328" /><testcase classname="test_iter151_send_email_branches" name="test_send_verification_email_missing_base_logs_warning_and_returns" time="0.005" /><testcase classname="test_iter151_send_email_branches" name="test_send_verification_email_with_base_calls_resend" time="0.002" /><testcase classname="test_iter151_send_email_branches" name="test_send_verification_email_missing_resend_key" time="0.002" /><testcase classname="test_iter149_deploy_security_fixes.TestFirebaseSessionGraceful" name="test_firebase_session_invalid_token_no_crash" time="0.216" /><testcase classname="test_iter149_deploy_security_fixes.TestFirebaseSessionGraceful" name="test_firebase_session_missing_field_422" time="0.067" /><testcase classname="test_iter149_deploy_security_fixes.TestFirebaseSessionGraceful" name="test_firebase_session_empty_token_no_crash" time="0.065" /><testcase classname="test_iter149_deploy_security_fixes.TestGoogleSessionEnvBase" name="test_google_session_invalid_session_id_returns_401" time="0.139" /><testcase classname="test_iter149_deploy_security_fixes.TestGoogleSessionEnvBase" name="test_google_session_missing_field_422" time="0.068" /><testcase classname="test_iter149_deploy_security_fixes.TestAuthRegression" name="test_anonymous_signup" time="0.068" /><testcase classname="test_iter149_deploy_security_fixes.TestAuthRegression" name="test_auth_me_with_anon" time="0.065" /><testcase classname="test_iter149_deploy_security_fixes.TestAuthRegression" name="test_email_signup_requires_verification" time="0.294" /><testcase classname="test_iter149_deploy_security_fixes.TestAuthRegression" name="test_login_wrong_password_401" time="0.070" /><testcase classname="test_iter149_deploy_security_fixes.TestFeedRegression" name="test_feuds_returns_list" time="0.132" /><testcase classname="test_iter149_deploy_security_fixes.TestStoriesFeedRegression" name="test_stories_feed_anon" time="0.082" /><testcase classname="test_iter150_boot_cleanup_gated.TestBackendHealthy" name="test_root_or_feuds_reachable" time="0.195" /><testcase classname="test_iter150_boot_cleanup_gated.TestBackendHealthy" name="test_env_malformed_did_not_break_firebase" time="0.069" /><testcase classname="test_iter150_boot_cleanup_gated.TestNoDestructiveBoot" name="test_no_bot_dedupe_line_in_last_boot" time="0.003" /><testcase classname="test_iter150_boot_cleanup_gated.TestNoDestructiveBoot" name="test_no_testing_agent_cleanup_in_last_boot" time="0.002" /><testcase classname="test_iter150_boot_cleanup_gated.TestNoDestructiveBoot" name="test_no_feud_retention_delete_in_last_boot" time="0.002" /><testcase classname="test_iter150_boot_cleanup_gated.TestDataPreserved" name="test_bot_count_still_100" time="0.073" /><testcase classname="test_iter150_boot_cleanup_gated.TestDataPreserved" name="test_feuds_count_reasonable" time="0.102" /><testcase classname="test_iter150_boot_cleanup_gated.TestAuthRegression" name="test_anonymous_signup" time="0.067" /><testcase classname="test_iter150_boot_cleanup_gated.TestAuthRegression" name="test_auth_me" time="0.069" /><testcase classname="test_iter150_boot_cleanup_gated.TestAuthRegression" name="test_email_signup" time="0.301" /><testcase classname="test_iter150_boot_cleanup_gated.TestAuthRegression" name="test_login_bad_credentials_no_crash" time="0.062" /><testcase classname="test_iter150_boot_cleanup_gated.TestNotifications" name="test_notifications_hot_news" time="0.065" /><testcase classname="test_iter150_boot_cleanup_gated.TestNotifications" name="test_notifications_list" time="0.059" /><testcase classname="test_iter150_boot_cleanup_gated.TestStoriesFeed" name="test_stories_feed_anon" time="0.081" /><testcase classname="test_iter150_boot_cleanup_gated.TestGoogleSessionEnvBase" name="test_google_session_invalid_returns_401" time="0.131" /></testsuite></testsuites>