<?xml version="1.0" encoding="utf-8"?><testsuites name="pytest tests"><testsuite name="pytest" errors="0" failures="0" skipped="0" tests="5" time="35.476" timestamp="2026-07-27T21:03:21.529133+00:00" hostname="agent-env-33ff820b-07dc-40ac-9b4d-956a1818b10f"><testcase classname="backend.tests.test_iter77_context_text.TestGenerateDailyContextText" name="test_admin_key_required" time="0.211" /><testcase classname="backend.tests.test_iter77_context_text.TestGenerateDailyContextText" name="test_generate_daily_returns_context_text" time="34.457" /><testcase classname="backend.tests.test_iter77_context_text.TestGenerateDailyContextText" name="test_get_feud_exposes_context_text" time="0.067" /><testcase classname="backend.tests.test_iter77_context_text.TestLegacyFeudsContextTextTolerant" name="test_legacy_feud_context_text_optional" time="0.191" /><testcase classname="backend.tests.test_iter77_context_text.TestAiSummaryRegression" name="test_ai_summary_endpoint_reachable" time="0.487" /></testsuite></testsuites>