<?xml version="1.0" encoding="utf-8"?><testsuites name="pytest tests"><testsuite name="pytest" errors="0" failures="0" skipped="0" tests="18" time="0.096" timestamp="2026-08-18T00:13:53.009267+00:00" hostname="agent-env-7076ab42-b724-446b-ae9e-6fb97fd9d601"><testcase classname="backend.tests.test_iter122_editorial_and_review.TestEditorialPromptPresence" name="test_generator_prompt_contains_impartiality_block" time="0.001" /><testcase classname="backend.tests.test_iter122_editorial_and_review.TestEditorialPromptPresence" name="test_generator_prompt_contains_simmetria_rule" time="0.000" /><testcase classname="backend.tests.test_iter122_editorial_and_review.TestEditorialPromptPresence" name="test_generator_prompt_lists_political_axis" time="0.001" /><testcase classname="backend.tests.test_iter122_editorial_and_review.TestEditorialPromptPresence" name="test_generator_prompt_bans_ai_value_judgments" time="0.000" /><testcase classname="backend.tests.test_iter122_editorial_and_review.TestEditorialPromptPresence" name="test_generator_prompt_has_minors_skip_rule" time="0.000" /><testcase classname="backend.tests.test_iter122_editorial_and_review.TestEditorialPromptPresence" name="test_factcheck_prompt_contains_impartiality_block" time="0.000" /><testcase classname="backend.tests.test_iter122_editorial_and_review.TestEditorialPromptPresence" name="test_factcheck_prompt_mentions_asymmetric_adjectives" time="0.000" /><testcase classname="backend.tests.test_iter122_editorial_and_review.TestEditorialPromptPresence" name="test_factcheck_prompt_rejects_conspiracy_parity" time="0.000" /><testcase classname="backend.tests.test_iter122_editorial_and_review.TestReviewManagerSource" name="test_review_manager_file_exists" time="0.000" /><testcase classname="backend.tests.test_iter122_editorial_and_review.TestReviewManagerSource" name="test_review_manager_exports_public_api" time="0.000" /><testcase classname="backend.tests.test_iter122_editorial_and_review.TestReviewManagerSource" name="test_review_manager_uses_platform_web_noop" time="0.000" /><testcase classname="backend.tests.test_iter122_editorial_and_review.TestReviewManagerSource" name="test_review_manager_uses_expo_store_review" time="0.000" /><testcase classname="backend.tests.test_iter122_editorial_and_review.TestReviewManagerSource" name="test_review_manager_gates_present" time="0.000" /><testcase classname="backend.tests.test_iter122_editorial_and_review.TestReviewManagerSource" name="test_expo_store_review_pinned_in_package_json" time="0.000" /><testcase classname="backend.tests.test_iter122_editorial_and_review.TestReviewManagerSource" name="test_root_layout_calls_mark_session_open" time="0.000" /><testcase classname="backend.tests.test_iter122_editorial_and_review.TestReviewManagerSource" name="test_feud_screen_records_all_three_actions" time="0.000" /><testcase classname="backend.tests.test_iter122_editorial_and_review.TestLiveApiRegression" name="test_api_root_alive" time="0.004" /><testcase classname="backend.tests.test_iter122_editorial_and_review.TestLiveApiRegression" name="test_feuds_list_endpoint_alive" time="0.019" /></testsuite></testsuites>