<?xml version="1.0" encoding="utf-8"?><testsuites name="pytest tests"><testsuite name="pytest" errors="0" failures="2" skipped="0" tests="6" time="19.743" timestamp="2026-08-17T22:04:42.476645+00:00" hostname="agent-env-7076ab42-b724-446b-ae9e-6fb97fd9d601"><testcase classname="backend.tests.test_iter115_bugfixes.TestHypeVisibleCountsFilter" name="test_no_zero_vote_or_zero_visible_comment_in_hype" time="1.111" /><testcase classname="backend.tests.test_iter115_bugfixes.TestHypeVisibleCountsFilter" name="test_fresh_feud_with_comment_but_no_vote_is_hidden" time="0.549"><failure message="AssertionError: HYPE excluded a feud that now has vote+visible comment.&#10;assert 'feud_iter115_e46b697a75' in ['feud_7c6d16e4baee', 'feud_58ebeba6d768', 'feud_2e5b4481a8a4', 'feud_2e68b973e670', 'feud_198672d881cc']&#10; +  where ['feud_7c6d16e4baee', 'feud_58ebeba6d768', 'feud_2e5b4481a8a4', 'feud_2e68b973e670', 'feud_198672d881cc'] = _hype_ids(&lt;requests.sessions.Session object at 0xfa6eff125bd0&gt;, 'eyJhbGciOiJIUzI1NiIsInR5cCI6IkpXVCJ9.eyJzdWIiOiJ1c2VyXzZlNjVlMTk1MjVkNSIsImlhdCI6MTc4NzAwNDI4MywiZXhwIjoxNzg3NjA5MDgzfQ.7tpXyJl-p4NGeQpUFYmpxZ4ue8Ws-OHiTk7LYm8Z--4')">backend/tests/test_iter115_bugfixes.py:245: in test_fresh_feud_with_comment_but_no_vote_is_hidden
    assert fid in _hype_ids(sess, tok["A"]), (
E   AssertionError: HYPE excluded a feud that now has vote+visible comment.
E   assert 'feud_iter115_e46b697a75' in ['feud_7c6d16e4baee', 'feud_58ebeba6d768', 'feud_2e5b4481a8a4', 'feud_2e68b973e670', 'feud_198672d881cc']
E    +  where ['feud_7c6d16e4baee', 'feud_58ebeba6d768', 'feud_2e5b4481a8a4', 'feud_2e68b973e670', 'feud_198672d881cc'] = _hype_ids(&lt;requests.sessions.Session object at 0xfa6eff125bd0&gt;, 'eyJhbGciOiJIUzI1NiIsInR5cCI6IkpXVCJ9.eyJzdWIiOiJ1c2VyXzZlNjVlMTk1MjVkNSIsImlhdCI6MTc4NzAwNDI4MywiZXhwIjoxNzg3NjA5MDgzfQ.7tpXyJl-p4NGeQpUFYmpxZ4ue8Ws-OHiTk7LYm8Z--4')</failure></testcase><testcase classname="backend.tests.test_iter115_bugfixes.TestHypeVisibleCountsFilter" name="test_vote_flip_hides_comment_from_hype" time="1.252"><failure message="AssertionError: Baseline: seeded feud must appear in HYPE before flip.&#10;assert 'feud_iter115_7c8bd43e4d' in ['feud_7c6d16e4baee', 'feud_58ebeba6d768', 'feud_2e5b4481a8a4', 'feud_2e68b973e670', 'feud_198672d881cc']&#10; +  where ['feud_7c6d16e4baee', 'feud_58ebeba6d768', 'feud_2e5b4481a8a4', 'feud_2e68b973e670', 'feud_198672d881cc'] = _hype_ids(&lt;requests.sessions.Session object at 0xfa6eff125bd0&gt;, 'eyJhbGciOiJIUzI1NiIsInR5cCI6IkpXVCJ9.eyJzdWIiOiJ1c2VyXzZlNjVlMTk1MjVkNSIsImlhdCI6MTc4NzAwNDI4MywiZXhwIjoxNzg3NjA5MDgzfQ.7tpXyJl-p4NGeQpUFYmpxZ4ue8Ws-OHiTk7LYm8Z--4')">backend/tests/test_iter115_bugfixes.py:269: in test_vote_flip_hides_comment_from_hype
    assert fid in _hype_ids(sess, tok["A"]), (
E   AssertionError: Baseline: seeded feud must appear in HYPE before flip.
E   assert 'feud_iter115_7c8bd43e4d' in ['feud_7c6d16e4baee', 'feud_58ebeba6d768', 'feud_2e5b4481a8a4', 'feud_2e68b973e670', 'feud_198672d881cc']
E    +  where ['feud_7c6d16e4baee', 'feud_58ebeba6d768', 'feud_2e5b4481a8a4', 'feud_2e68b973e670', 'feud_198672d881cc'] = _hype_ids(&lt;requests.sessions.Session object at 0xfa6eff125bd0&gt;, 'eyJhbGciOiJIUzI1NiIsInR5cCI6IkpXVCJ9.eyJzdWIiOiJ1c2VyXzZlNjVlMTk1MjVkNSIsImlhdCI6MTc4NzAwNDI4MywiZXhwIjoxNzg3NjA5MDgzfQ.7tpXyJl-p4NGeQpUFYmpxZ4ue8Ws-OHiTk7LYm8Z--4')</failure></testcase><testcase classname="backend.tests.test_iter115_bugfixes.TestBiDirectionalBlockOnComments" name="test_block_hides_other_users_comments_bidirectional" time="3.146" /><testcase classname="backend.tests.test_iter115_bugfixes.TestBiDirectionalBlockOnComments" name="test_block_hides_replies_bidirectional" time="5.082" /><testcase classname="backend.tests.test_iter115_bugfixes.TestNotificationsBlockFilter" name="test_mention_from_blocked_user_hidden" time="8.385" /></testsuite></testsuites>