<?xml version="1.0" encoding="utf-8"?><testsuites name="pytest tests"><testsuite name="pytest" errors="0" failures="0" skipped="0" tests="3" time="0.626" timestamp="2026-08-18T13:54:10.622125+00:00" hostname="agent-env-606954eb-0374-4c66-91b4-6e802ad31a4b"><testcase classname="test_iter138_ads_downgrade_regression" name="test_api_root_ok" time="0.415" /><testcase classname="test_iter138_ads_downgrade_regression" name="test_categories_list" time="0.080" /><testcase classname="test_iter138_ads_downgrade_regression" name="test_feuds_hype_limit3" time="0.086" /></testsuite></testsuites>