<?xml version="1.0" encoding="utf-8"?><testsuites name="pytest tests"><testsuite name="pytest" errors="0" failures="0" skipped="0" tests="5" time="1.656" timestamp="2026-08-20T09:00:07.023259+00:00" hostname="agent-env-1333d43d-20d8-4aec-b72f-dc4ea9c47e7d"><testcase classname="test_iter155_stories_viewer_smoke.TestStoriesFeedHealth" name="test_stories_feed_reachable_for_anon" time="0.538" /><testcase classname="test_iter155_stories_viewer_smoke.TestStoriesFeedHealth" name="test_anonymous_auth_still_works" time="0.191" /><testcase classname="test_iter155_stories_viewer_smoke.TestStoriesFeedHealth" name="test_view_unknown_story_returns_404" time="0.353" /><testcase classname="test_iter155_stories_viewer_smoke.TestStoriesFeedHealth" name="test_view_unauth_401_or_403" time="0.193" /><testcase classname="test_iter155_stories_viewer_smoke.TestStoriesFeedHealth" name="test_stories_by_user_reachable" time="0.333" /></testsuite></testsuites>