<?xml version="1.0" encoding="utf-8"?><testsuites name="pytest tests"><testsuite name="pytest" errors="0" failures="0" skipped="0" tests="6" time="24.585" timestamp="2026-08-17T21:33:27.812595+00:00" hostname="agent-env-7076ab42-b724-446b-ae9e-6fb97fd9d601"><testcase classname="backend.tests.test_iter115_bugfixes.TestHypeVisibleCountsFilter" name="test_no_zero_vote_or_zero_visible_comment_in_hype" time="1.391" /><testcase classname="backend.tests.test_iter115_bugfixes.TestHypeVisibleCountsFilter" name="test_fresh_feud_with_comment_but_no_vote_is_hidden" time="0.604" /><testcase classname="backend.tests.test_iter115_bugfixes.TestHypeVisibleCountsFilter" name="test_vote_flip_hides_comment_from_hype" time="2.795" /><testcase classname="backend.tests.test_iter115_bugfixes.TestBiDirectionalBlockOnComments" name="test_block_hides_other_users_comments_bidirectional" time="4.552" /><testcase classname="backend.tests.test_iter115_bugfixes.TestBiDirectionalBlockOnComments" name="test_block_hides_replies_bidirectional" time="6.708" /><testcase classname="backend.tests.test_iter115_bugfixes.TestNotificationsBlockFilter" name="test_mention_from_blocked_user_hidden" time="8.328" /></testsuite></testsuites>