<?xml version="1.0" encoding="utf-8"?><testsuites name="pytest tests"><testsuite name="pytest" errors="3" failures="8" skipped="5" tests="38" time="25.373" timestamp="2026-08-18T00:57:00.350153+00:00" hostname="agent-env-7076ab42-b724-446b-ae9e-6fb97fd9d601"><testcase classname="tests.test_hype_feuds.TestHypeContract" name="test_endpoint_ok" time="0.199" /><testcase classname="tests.test_hype_feuds.TestHypeContract" name="test_response_shape" time="0.000" /><testcase classname="tests.test_hype_feuds.TestNoZeroEngagement" name="test_no_zero_engagement_feud_returned" time="0.042" /><testcase classname="tests.test_hype_feuds.TestCompleteness" name="test_all_voted_feuds_in_7d_are_present" time="0.001"><failure message="AssertionError: 8 voted feud(s) missing from HYPE: sample=['feud_473708929f86', 'feud_2e68b973e670', 'feud_e98c9d6448f4', 'feud_d79053781435', 'feud_45df5c3c4d73'] voted_total=16 returned=8&#10;assert not {'feud_2e68b973e670', 'feud_45df5c3c4d73', 'feud_473708929f86', 'feud_5e1d9e81b9c2', 'feud_6e1aa5a0ef54', 'feud_b152874a5e66', ...}">E   AssertionError: 8 voted feud(s) missing from HYPE: sample=['feud_473708929f86', 'feud_2e68b973e670', 'feud_e98c9d6448f4', 'feud_d79053781435', 'feud_45df5c3c4d73'] voted_total=16 returned=8
    assert not {'feud_2e68b973e670', 'feud_45df5c3c4d73', 'feud_473708929f86', 'feud_5e1d9e81b9c2', 'feud_6e1aa5a0ef54', 'feud_b152874a5e66', ...}</failure></testcase><testcase classname="tests.test_hype_feuds.TestOrdering" name="test_ordering_by_score_then_created_at" time="0.037"><failure message="AssertionError: score order broken at idx 0: feud_7c0f3e8f1423(s=24) then feud_352d3a27e745(s=28)&#10;assert 24 &gt;= 28">E   AssertionError: score order broken at idx 0: feud_7c0f3e8f1423(s=24) then feud_352d3a27e745(s=28)
    assert 24 &gt;= 28</failure></testcase><testcase classname="tests.test_hype_feuds.TestCommentEngagementCounts" name="test_comment_only_feud_is_included" time="0.017"><skipped type="pytest.skip" message="no comment-only feuds available to test">/app/backend/tests/test_hype_feuds.py:211: no comment-only feuds available to test</skipped></testcase><testcase classname="tests.test_hype_feuds.TestWindow" name="test_no_feud_older_than_7d" time="0.001" /><testcase classname="tests.test_hype_feuds.TestAnonymousVsAuth" name="test_anonymous_returns_null_my_vote" time="0.000" /><testcase classname="tests.test_hype_feuds.TestAnonymousVsAuth" name="test_authenticated_call_ok" time="0.451" /><testcase classname="tests.test_hype_feuds.TestLiveUpdate" name="test_inserting_comment_promotes_feud" time="1.185"><failure message="AssertionError: feud feud_6f94ca22fb67 not surfaced after inserting comment. HYPE size before=8 after=8&#10;assert 'feud_6f94ca22fb67' in {'feud_198672d881cc', 'feud_2e5b4481a8a4', 'feud_352d3a27e745', 'feud_58ebeba6d768', 'feud_74684aaee130', 'feud_7c0f3e8f1423', ...}">E   AssertionError: feud feud_6f94ca22fb67 not surfaced after inserting comment. HYPE size before=8 after=8
    assert 'feud_6f94ca22fb67' in {'feud_198672d881cc', 'feud_2e5b4481a8a4', 'feud_352d3a27e745', 'feud_58ebeba6d768', 'feud_74684aaee130', 'feud_7c0f3e8f1423', ...}</failure></testcase><testcase classname="tests.test_archive.TestFeudsLive" name="test_feuds_all_within_24h" time="0.198" /><testcase classname="tests.test_archive.TestArchiveDates" name="test_dates_all_within_7d_and_older_than_24h" time="0.125"><failure message="AssertionError: expected at least one archive date (seeded)&#10;assert 0 &gt;= 1&#10; +  where 0 = len([])">E   AssertionError: expected at least one archive date (seeded)
    assert 0 &gt;= 1
     +  where 0 = len([])</failure></testcase><testcase classname="tests.test_archive.TestArchiveDates" name="test_dates_category_filter_leq_total" time="0.277" /><testcase classname="tests.test_archive.TestArchiveFeuds" name="test_yesterday_returns_feuds" time="0.249"><failure message="assert False is True">E   assert False is True</failure></testcase><testcase classname="tests.test_archive.TestArchiveFeuds" name="test_invalid_date_400" time="0.121" /><testcase classname="tests.test_archive.TestArchiveFeuds" name="test_date_too_old_400" time="0.117" /><testcase classname="tests.test_archive.TestArchivedDetail" name="test_detail_serves_archived_feud" time="0.352" /><testcase classname="tests.test_archive.TestHistoryRegression" name="test_me_history" time="0.587"><error message="failed on setup with &quot;KeyError: 'token'&quot;">E   KeyError: 'token'</error></testcase><testcase classname="tests.test_archive.TestHistoryRegression" name="test_public_history" time="0.000"><error message="failed on setup with &quot;KeyError: 'token'&quot;">E   KeyError: 'token'</error></testcase><testcase classname="tests.test_archive.TestRouteOrdering" name="test_archive_not_shadowed" time="0.113" /><testcase classname="tests.test_archive.TestRouteOrdering" name="test_archive_dates_not_shadowed" time="0.117" /><testcase classname="tests.test_feud_retention.TestGoneStatus" name="test_missing_feud_returns_410" time="0.140" /><testcase classname="tests.test_feud_retention.TestVoteSnapshot" name="test_vote_persists_snapshot" time="0.078"><failure message="AssertionError: signup failed: 400 {&quot;detail&quot;:&quot;Email già registrata&quot;}&#10;assert 400 == 200&#10; +  where 400 = &lt;Response [400]&gt;.status_code">E   AssertionError: signup failed: 400 {"detail":"Email già registrata"}
    assert 400 == 200
     +  where 400 = &lt;Response [400]&gt;.status_code</failure></testcase><testcase classname="tests.test_feud_retention.TestAdminAuth" name="test_no_key_rejected" time="0.068" /><testcase classname="tests.test_feud_retention.TestAdminAuth" name="test_wrong_key_rejected" time="0.067" /><testcase classname="tests.test_feud_retention.TestAdminAuth" name="test_correct_key_accepted" time="0.113" /><testcase classname="tests.test_feud_retention.TestCleanupEndToEnd" name="test_full_flow" time="0.087"><failure message="AssertionError: signup failed: 400 {&quot;detail&quot;:&quot;Email già registrata&quot;}&#10;assert 400 == 200&#10; +  where 400 = &lt;Response [400]&gt;.status_code">E   AssertionError: signup failed: 400 {"detail":"Email già registrata"}
    assert 400 == 200
     +  where 400 = &lt;Response [400]&gt;.status_code</failure></testcase><testcase classname="tests.test_iter114_hype_block_filter.TestHypeBlockFilter" name="test_hype_excludes_feuds_when_only_commenter_is_blocked" time="1.940"><skipped type="pytest.xfail" message="Superseded by iter116/iter120 HYPE threshold ≥2/≥2. Invariant re-covered by newer suites." /></testcase><testcase classname="tests.test_iter114_hype_block_filter.TestHypeBlockFilter" name="test_hype_reply_by_blocked_user_alone_hides_feud" time="3.079"><skipped type="pytest.xfail" message="Superseded by iter116/iter120 HYPE threshold ≥2/≥2." /></testcase><testcase classname="tests.test_iter114_hype_block_filter.TestHypeBlockFilter" name="test_hype_mixed_feud_stays_visible_after_block" time="1.894"><skipped type="pytest.xfail" message="Superseded by iter116/iter120 HYPE threshold ≥2/≥2." /></testcase><testcase classname="tests.test_iter114_hype_block_filter.TestHypeBlockFilter" name="test_hype_reverse_block_direction" time="1.050"><skipped type="pytest.xfail" message="Superseded by iter116/iter120 HYPE threshold ≥2/≥2." /></testcase><testcase classname="tests.test_iter114_hype_block_filter.TestHypeBlockFilter" name="test_hype_response_schema_intact" time="0.280" /><testcase classname="tests.test_vote_changes.TestVoteChanges" name="test_full_vote_change_flow" time="0.813"><error message="failed on setup with &quot;KeyError: 'token'&quot;">E   KeyError: 'token'</error></testcase><testcase classname="tests.test_vote_changes.TestNicknameSideOnComments" name="test_comment_nickname_side_updates_on_vote_change" time="0.488"><failure message="KeyError: 'token'">E   KeyError: 'token'</failure></testcase><testcase classname="tests.test_iter113_reply_count_block_filter.TestReplyCountBlockFilter" name="test_a_blocks_b_reply_count_zero_from_a_perspective" time="3.875" /><testcase classname="tests.test_iter113_reply_count_block_filter.TestReplyCountBlockFilter" name="test_b_blocks_a_symmetry" time="2.614" /><testcase classname="tests.test_iter113_reply_count_block_filter.TestReplyCountBlockFilter" name="test_reply_count_intact_when_no_block" time="2.113" /><testcase classname="tests.test_iter113_reply_count_block_filter.TestReplyCountBlockFilter" name="test_anonymous_viewer_sees_full_reply_count" time="2.254" /></testsuite></testsuites>