<?xml version="1.0" encoding="utf-8"?><testsuites name="pytest tests"><testsuite name="pytest" errors="0" failures="0" skipped="1" tests="7" time="2.304" timestamp="2026-07-31T05:48:19.421890+00:00" hostname="agent-env-235439bb-055e-4681-a544-944a86f0af90"><testcase classname="backend.tests.test_iter101_logout_notifications.TestAuthLogout" name="test_logout_valid_token" time="0.586" /><testcase classname="backend.tests.test_iter101_logout_notifications.TestAuthLogout" name="test_logout_invalid_token" time="0.091" /><testcase classname="backend.tests.test_iter101_logout_notifications.TestAuthLogout" name="test_logout_no_token" time="0.089" /><testcase classname="backend.tests.test_iter101_logout_notifications.TestNotifications" name="test_notifications_list_returns_read_field" time="0.443" /><testcase classname="backend.tests.test_iter101_logout_notifications.TestNotifications" name="test_mark_read_bulk" time="0.242" /><testcase classname="backend.tests.test_iter101_logout_notifications.TestNotifications" name="test_unread_count_endpoint" time="0.132" /><testcase classname="backend.tests.test_iter101_logout_notifications.TestNotifications" name="test_unread_appears_after_reply" time="0.630"><skipped type="pytest.skip" message="could not post seed comment: 400 {&quot;detail&quot;:&quot;Devi prima votare&quot;}">/app/backend/tests/test_iter101_logout_notifications.py:136: could not post seed comment: 400 {"detail":"Devi prima votare"}</skipped></testcase></testsuite></testsuites>