<?xml version="1.0" encoding="utf-8"?><testsuites name="pytest tests"><testsuite name="pytest" errors="0" failures="0" skipped="0" tests="9" time="73.394" timestamp="2026-07-21T20:08:47.356734+00:00" hostname="agent-env-a2b33949-310e-43de-a51a-3db600b378aa"><testcase classname="backend.tests.test_iter55_ai_summary_facts_terms.TestAiSummary" name="test_summary_with_comments" time="54.359" /><testcase classname="backend.tests.test_iter55_ai_summary_facts_terms.TestAiSummary" name="test_summary_no_comments_returns_empty" time="0.426" /><testcase classname="backend.tests.test_iter55_ai_summary_facts_terms.TestAiSummary" name="test_summary_requires_auth" time="0.129" /><testcase classname="backend.tests.test_iter55_ai_summary_facts_terms.TestAiSummary" name="test_summary_unknown_feud_404" time="0.105" /><testcase classname="backend.tests.test_iter55_ai_summary_facts_terms.TestFactChecker" name="test_admin_generate_writes_fact_check" time="15.531" /><testcase classname="backend.tests.test_iter55_ai_summary_facts_terms.TestTerms" name="test_get_terms_public" time="0.127" /><testcase classname="backend.tests.test_iter55_ai_summary_facts_terms.TestTerms" name="test_terms_flow_full" time="1.424" /><testcase classname="backend.tests.test_iter55_ai_summary_facts_terms.TestTerms" name="test_accept_wrong_version" time="1.054" /><testcase classname="backend.tests.test_iter55_ai_summary_facts_terms.TestTerms" name="test_accept_requires_auth" time="0.110" /></testsuite></testsuites>