<?xml version="1.0" encoding="utf-8"?><testsuites name="pytest tests"><testsuite name="pytest" errors="0" failures="0" skipped="0" tests="25" time="0.878" timestamp="2026-08-20T08:09:19.971355+00:00" hostname="agent-env-1333d43d-20d8-4aec-b72f-dc4ea9c47e7d"><testcase classname="test_iter154_anti_generic_caption.TestAntiGenericFilter" name="test_generic_short_caption_is_rejected[questo mi piace]" time="0.012" /><testcase classname="test_iter154_anti_generic_caption.TestAntiGenericFilter" name="test_generic_short_caption_is_rejected[veramente interessante]" time="0.001" /><testcase classname="test_iter154_anti_generic_caption.TestAntiGenericFilter" name="test_generic_short_caption_is_rejected[ma quanto e' vero questo]" time="0.001" /><testcase classname="test_iter154_anti_generic_caption.TestAntiGenericFilter" name="test_generic_short_caption_is_rejected[mi ritrovo in questo]" time="0.001" /><testcase classname="test_iter154_anti_generic_caption.TestAntiGenericFilter" name="test_generic_short_caption_is_rejected[mi tocca il cuore]" time="0.001" /><testcase classname="test_iter154_anti_generic_caption.TestAntiGenericFilter" name="test_caption_with_keyword_passes" time="0.001" /><testcase classname="test_iter154_anti_generic_caption.TestAntiGenericFilter" name="test_caption_with_title_keyword_passes" time="0.001" /><testcase classname="test_iter154_anti_generic_caption.TestLongCaptionBypass" name="test_long_caption_without_keyword_passes" time="0.001" /><testcase classname="test_iter154_anti_generic_caption.TestLongCaptionBypass" name="test_short_caption_no_keyword_no_bypass" time="0.001" /><testcase classname="test_iter154_anti_generic_caption.TestAccentAndCase" name="test_case_insensitive_match" time="0.001" /><testcase classname="test_iter154_anti_generic_caption.TestAccentAndCase" name="test_accent_insensitive_match" time="0.001" /><testcase classname="test_iter154_anti_generic_caption.TestStopwords" name="test_questo_is_stopword_no_match" time="0.001" /><testcase classname="test_iter154_anti_generic_caption.TestStopwords" name="test_non_stopword_token_matches" time="0.001" /><testcase classname="test_iter154_anti_generic_caption.TestRefusalFilterStillWorks" name="test_refusal_returns_none[Non posso commentare senza il post di riferimento.]" time="0.001" /><testcase classname="test_iter154_anti_generic_caption.TestRefusalFilterStillWorks" name="test_refusal_returns_none[Mi serve il post per rispondere]" time="0.001" /><testcase classname="test_iter154_anti_generic_caption.TestRefusalFilterStillWorks" name="test_refusal_returns_none[Quale post stai condividendo?]" time="0.001" /><testcase classname="test_iter154_anti_generic_caption.TestSystemPromptStrengthened" name="test_system_prompt_forbids_generic_phrases" time="0.001" /><testcase classname="test_iter154_anti_generic_caption.TestSystemPromptStrengthened" name="test_user_prompt_contains_ban_and_120_cap" time="0.001" /><testcase classname="test_iter154_anti_generic_caption.TestBotCreateStoryIntegration" name="test_generic_caption_stored_as_empty" time="0.009" /><testcase classname="test_iter154_anti_generic_caption.TestBotCreateStoryIntegration" name="test_valid_caption_stored" time="0.006" /><testcase classname="test_iter154_anti_generic_caption.TestBotCreateStoryIntegration" name="test_anti_dup_same_bot_same_feud" time="0.006" /><testcase classname="test_iter154_anti_generic_caption.TestBotCreateStoryIntegration" name="test_24h_quota_one_story_per_bot" time="0.005" /><testcase classname="test_iter154_anti_generic_caption.TestHTTPRegression" name="test_get_feuds" time="0.492" /><testcase classname="test_iter154_anti_generic_caption.TestHTTPRegression" name="test_anonymous_signup" time="0.074" /><testcase classname="test_iter154_anti_generic_caption.TestHTTPRegression" name="test_stories_feed" time="0.069" /></testsuite></testsuites>