<?xml version="1.0" encoding="utf-8"?><testsuites name="pytest tests"><testsuite name="pytest" errors="0" failures="0" skipped="0" tests="3" time="39.165" timestamp="2026-08-19T09:37:41.385523+00:00" hostname="agent-env-3008800a-f1d5-482f-ac4c-0708d9391c58"><testcase classname="test_iter141_testing_agent_cleanup" name="test_1_api_created_test_user_and_comment_get_cleaned" time="12.876" /><testcase classname="test_iter141_testing_agent_cleanup" name="test_2_batch_matrix_and_admin_bots_preserved" time="13.064" /><testcase classname="test_iter141_testing_agent_cleanup" name="test_5_cleanup_log_line_present" time="13.037" /></testsuite></testsuites>