<?xml version="1.0" encoding="utf-8"?><testsuites name="pytest tests"><testsuite name="pytest" errors="0" failures="0" skipped="1" tests="15" time="2.362" timestamp="2026-08-19T21:10:42.343993+00:00" hostname="agent-env-1333d43d-20d8-4aec-b72f-dc4ea9c47e7d"><testcase classname="test_iter150_boot_cleanup_gated.TestBackendHealthy" name="test_root_or_feuds_reachable" time="0.589" /><testcase classname="test_iter150_boot_cleanup_gated.TestBackendHealthy" name="test_env_malformed_did_not_break_firebase" time="0.177" /><testcase classname="test_iter150_boot_cleanup_gated.TestNoDestructiveBoot" name="test_no_bot_dedupe_line_in_last_boot" time="0.003" /><testcase classname="test_iter150_boot_cleanup_gated.TestNoDestructiveBoot" name="test_no_testing_agent_cleanup_in_last_boot" time="0.002" /><testcase classname="test_iter150_boot_cleanup_gated.TestNoDestructiveBoot" name="test_no_feud_retention_delete_in_last_boot" time="0.002" /><testcase classname="test_iter150_boot_cleanup_gated.TestDataPreserved" name="test_bot_count_still_100" time="0.080"><skipped type="pytest.skip" message="admin bots/count not available: 422">/app/backend/tests/test_iter150_boot_cleanup_gated.py:152: admin bots/count not available: 422</skipped></testcase><testcase classname="test_iter150_boot_cleanup_gated.TestDataPreserved" name="test_feuds_count_reasonable" time="0.122" /><testcase classname="test_iter150_boot_cleanup_gated.TestAuthRegression" name="test_anonymous_signup" time="0.074" /><testcase classname="test_iter150_boot_cleanup_gated.TestAuthRegression" name="test_auth_me" time="0.158" /><testcase classname="test_iter150_boot_cleanup_gated.TestAuthRegression" name="test_email_signup" time="0.568" /><testcase classname="test_iter150_boot_cleanup_gated.TestAuthRegression" name="test_login_bad_credentials_no_crash" time="0.082" /><testcase classname="test_iter150_boot_cleanup_gated.TestNotifications" name="test_notifications_hot_news" time="0.105" /><testcase classname="test_iter150_boot_cleanup_gated.TestNotifications" name="test_notifications_list" time="0.074" /><testcase classname="test_iter150_boot_cleanup_gated.TestStoriesFeed" name="test_stories_feed_anon" time="0.100" /><testcase classname="test_iter150_boot_cleanup_gated.TestGoogleSessionEnvBase" name="test_google_session_invalid_returns_401" time="0.161" /></testsuite></testsuites>