<?xml version="1.0" encoding="utf-8"?><testsuites name="pytest tests"><testsuite name="pytest" errors="0" failures="0" skipped="0" tests="11" time="2.318" timestamp="2026-08-19T20:56:05.876047+00:00" hostname="agent-env-1333d43d-20d8-4aec-b72f-dc4ea9c47e7d"><testcase classname="test_iter149_deploy_security_fixes.TestFirebaseSessionGraceful" name="test_firebase_session_invalid_token_no_crash" time="0.509" /><testcase classname="test_iter149_deploy_security_fixes.TestFirebaseSessionGraceful" name="test_firebase_session_missing_field_422" time="0.132" /><testcase classname="test_iter149_deploy_security_fixes.TestFirebaseSessionGraceful" name="test_firebase_session_empty_token_no_crash" time="0.104" /><testcase classname="test_iter149_deploy_security_fixes.TestGoogleSessionEnvBase" name="test_google_session_invalid_session_id_returns_401" time="0.155" /><testcase classname="test_iter149_deploy_security_fixes.TestGoogleSessionEnvBase" name="test_google_session_missing_field_422" time="0.118" /><testcase classname="test_iter149_deploy_security_fixes.TestAuthRegression" name="test_anonymous_signup" time="0.133" /><testcase classname="test_iter149_deploy_security_fixes.TestAuthRegression" name="test_auth_me_with_anon" time="0.139" /><testcase classname="test_iter149_deploy_security_fixes.TestAuthRegression" name="test_email_signup_requires_verification" time="0.543" /><testcase classname="test_iter149_deploy_security_fixes.TestAuthRegression" name="test_login_wrong_password_401" time="0.109" /><testcase classname="test_iter149_deploy_security_fixes.TestFeedRegression" name="test_feuds_returns_list" time="0.202" /><testcase classname="test_iter149_deploy_security_fixes.TestStoriesFeedRegression" name="test_stories_feed_anon" time="0.115" /></testsuite></testsuites>