<?xml version="1.0" encoding="utf-8"?><testsuites name="pytest tests"><testsuite name="pytest" errors="0" failures="0" skipped="0" tests="12" time="7.602" timestamp="2026-07-18T16:52:59.665848+00:00" hostname="agent-env-a2b33949-310e-43de-a51a-3db600b378aa"><testcase classname="backend.tests.test_cronaca_profession_migration.TestCategories" name="test_categories_include_cronaca_and_are_nine" time="0.300" /><testcase classname="backend.tests.test_cronaca_profession_migration.TestProfessions" name="test_professions_returns_25_strings" time="0.114" /><testcase classname="backend.tests.test_cronaca_profession_migration.TestPatchProfile" name="test_profile_accepts_valid_profession_and_persists" time="0.749" /><testcase classname="backend.tests.test_cronaca_profession_migration.TestPatchProfile" name="test_profile_rejects_invalid_profession" time="0.445" /><testcase classname="backend.tests.test_cronaca_profession_migration.TestPatchProfile" name="test_profile_accepts_cronaca_favorite_category" time="0.524" /><testcase classname="backend.tests.test_cronaca_profession_migration.TestPatchProfile" name="test_profile_backward_compat_without_profession" time="0.500" /><testcase classname="backend.tests.test_cronaca_profession_migration.TestPatchProfile" name="test_profile_profession_max_length_60" time="0.429" /><testcase classname="backend.tests.test_cronaca_profession_migration.TestAuthMeProfileShape" name="test_me_returns_profession_and_locked_achievements_for_fresh_user" time="0.220" /><testcase classname="backend.tests.test_cronaca_profession_migration.TestAnonMigrationFreshEmail" name="test_anon_signup_fresh_email_preserves_vote" time="1.178" /><testcase classname="backend.tests.test_cronaca_profession_migration.TestAnonMigrationToExistingAccount" name="test_anon_vote_migrates_on_login_to_existing_user" time="0.878" /><testcase classname="backend.tests.test_cronaca_profession_migration.TestPendingMigrationFromToken" name="test_pending_migration_from_stored_on_token" time="1.036" /><testcase classname="backend.tests.test_cronaca_profession_migration.TestCronacaAchievementBadges" name="test_curioso_unlocks_after_5_cronaca_votes" time="1.041" /></testsuite></testsuites>