<?xml version="1.0" encoding="utf-8"?><testsuites name="pytest tests"><testsuite name="pytest" errors="0" failures="0" skipped="0" tests="11" time="1.117" timestamp="2026-08-18T02:26:07.740872+00:00" hostname="agent-env-b8665292-f713-4bed-9f4b-4b10153b833f"><testcase classname="backend.tests.test_terms_nda_and_bots_iter125.TestBotSurnamesUnique" name="test_admin_bots_state_reports_100" time="0.225" /><testcase classname="backend.tests.test_terms_nda_and_bots_iter125.TestBotSurnamesUnique" name="test_bot_surnames_all_unique" time="0.013" /><testcase classname="backend.tests.test_terms_nda_and_bots_iter125.TestLegalEndpoints" name="test_terms_endpoint" time="0.061" /><testcase classname="backend.tests.test_terms_nda_and_bots_iter125.TestLegalEndpoints" name="test_nda_endpoint" time="0.061" /><testcase classname="backend.tests.test_terms_nda_and_bots_iter125.TestAcceptTerms" name="test_me_initial_state" time="0.123" /><testcase classname="backend.tests.test_terms_nda_and_bots_iter125.TestAcceptTerms" name="test_empty_body_rejected" time="0.063" /><testcase classname="backend.tests.test_terms_nda_and_bots_iter125.TestAcceptTerms" name="test_bad_terms_version_rejected" time="0.060" /><testcase classname="backend.tests.test_terms_nda_and_bots_iter125.TestAcceptTerms" name="test_bad_nda_version_rejected" time="0.065" /><testcase classname="backend.tests.test_terms_nda_and_bots_iter125.TestAcceptTerms" name="test_only_tos_accepted_leaves_flag_false" time="0.062" /><testcase classname="backend.tests.test_terms_nda_and_bots_iter125.TestAcceptTerms" name="test_only_nda_accepted_leaves_flag_false" time="0.070" /><testcase classname="backend.tests.test_terms_nda_and_bots_iter125.TestAcceptTerms" name="test_both_accepted_sets_flag_true_and_me_reflects" time="0.132" /></testsuite></testsuites>