<?xml version="1.0" encoding="utf-8"?><testsuites name="pytest tests"><testsuite name="pytest" errors="0" failures="0" skipped="0" tests="10" time="4.725" timestamp="2026-07-22T16:29:07.378044+00:00" hostname="agent-env-411a2cc7-a26b-46f8-9d05-62845cf42428"><testcase classname="backend.tests.test_iter70_hydration_and_badge_share.TestBadgeShareGrantFormats" name="test_no_grant_returns_403" time="0.550" /><testcase classname="backend.tests.test_iter70_hydration_and_badge_share.TestBadgeShareGrantFormats" name="test_dict_format_grant_returns_200" time="0.599" /><testcase classname="backend.tests.test_iter70_hydration_and_badge_share.TestBadgeShareGrantFormats" name="test_string_format_grant_returns_200" time="0.462" /><testcase classname="backend.tests.test_iter70_hydration_and_badge_share.TestBadgeShareGrantFormats" name="test_dict_grant_wrong_tier_returns_403" time="0.521" /><testcase classname="backend.tests.test_iter70_hydration_and_badge_share.TestBadgeShareGrantFormats" name="test_string_grant_wrong_category_returns_403" time="0.460" /><testcase classname="backend.tests.test_iter70_hydration_and_badge_share.TestPrimaryPhotoHydrationLogin" name="test_login_returns_primary_photo" time="0.347" /><testcase classname="backend.tests.test_iter70_hydration_and_badge_share.TestPrimaryPhotoHydrationSignup" name="test_signup_no_crash_no_user_field" time="0.562" /><testcase classname="backend.tests.test_iter70_hydration_and_badge_share.TestPrimaryPhotoHydrationAnonymous" name="test_anonymous_no_primary_photo" time="0.124" /><testcase classname="backend.tests.test_iter70_hydration_and_badge_share.TestPrimaryPhotoHydrationProfileUpdate" name="test_update_profile_returns_primary_photo" time="0.449" /><testcase classname="backend.tests.test_iter70_hydration_and_badge_share.TestPrimaryPhotoHydrationMe" name="test_me_returns_primary_photo" time="0.512" /></testsuite></testsuites>