<?xml version="1.0" encoding="utf-8"?><testsuites name="pytest tests"><testsuite name="pytest" errors="0" failures="0" skipped="0" tests="2" time="4.146" timestamp="2026-08-18T08:01:57.700587+00:00" hostname="agent-env-b8665292-f713-4bed-9f4b-4b10153b833f"><testcase classname="test_iter133_bot_reply_notification_fix" name="test_emit_notification_signature_uses_actor_id" time="0.000" /><testcase classname="test_iter133_bot_reply_notification_fix" name="test_bot_add_reply_creates_reply_and_notification" time="3.675" /></testsuite></testsuites>