<?xml version="1.0" encoding="utf-8"?><testsuites name="pytest tests"><testsuite name="pytest" errors="0" failures="0" skipped="1" tests="16" time="8.611" timestamp="2026-07-22T16:10:19.740518+00:00" hostname="agent-env-411a2cc7-a26b-46f8-9d05-62845cf42428"><testcase classname="tests.test_auth_me_primary_photo.TestAuthMeAnonNoPrimaryPhoto" name="test_anon_no_primary_photo" time="0.525" /><testcase classname="tests.test_auth_me_primary_photo.TestAuthMeUploadHydration" name="test_upload_then_me_hydrates_primary_photo" time="1.163" /><testcase classname="tests.test_auth_me_primary_photo.TestAuthMeGracefulDegradeAfterDelete" name="test_delete_primary_no_500" time="1.190" /><testcase classname="tests.test_auth_me_primary_photo.TestAuthMeRegression" name="test_me_returns_expected_fields" time="0.449" /><testcase classname="tests.test_stories_kind_badge.TestBackwardCompat" name="test_legacy_body_only_feud_id_creates_story" time="1.458" /><testcase classname="tests.test_stories_kind_badge.TestBackwardCompat" name="test_explicit_kind_feud_creates_story" time="0.870" /><testcase classname="tests.test_stories_kind_badge.TestFeedContractKind" name="test_feed_rows_have_kind_feud" time="0.368" /><testcase classname="tests.test_stories_kind_badge.TestBadgeKindValidation" name="test_invalid_kind_returns_400" time="0.107" /><testcase classname="tests.test_stories_kind_badge.TestBadgeKindValidation" name="test_badge_missing_category_400" time="0.155" /><testcase classname="tests.test_stories_kind_badge.TestBadgeKindValidation" name="test_badge_bad_tier_400" time="0.105" /><testcase classname="tests.test_stories_kind_badge.TestBadgeKindValidation" name="test_badge_unknown_category_400" time="0.108" /><testcase classname="tests.test_stories_kind_badge.TestBadgeKindValidation" name="test_badge_not_unlocked_returns_403" time="0.110" /><testcase classname="tests.test_stories_kind_badge.TestFeudKindNotFound" name="test_feud_kind_nonexistent_feud_returns_404" time="0.103" /><testcase classname="tests.test_stories_kind_badge.TestFeudKindNotFound" name="test_feud_kind_missing_feud_id_returns_400" time="0.138" /><testcase classname="tests.test_stories_badge_feed_iter68.TestBadgeStoryHappyPath" name="test_create_and_feed_hydrate" time="1.217"><skipped type="pytest.skip" message="Could not grant a category badge via admin endpoint — the 403 path is already covered in test_stories_kind_badge.py.">/app/backend/tests/test_stories_badge_feed_iter68.py:92: Could not grant a category badge via admin endpoint — the 403 path is already covered in test_stories_kind_badge.py.</skipped></testcase><testcase classname="tests.test_stories_badge_feed_iter68.TestFeudStoryRegression" name="test_feud_story_still_has_feud_hydrated" time="0.482" /></testsuite></testsuites>