<?xml version="1.0" encoding="utf-8"?><testsuites name="pytest tests"><testsuite name="pytest" errors="0" failures="0" skipped="0" tests="5" time="13.381" timestamp="2026-08-17T22:04:24.859853+00:00" hostname="agent-env-7076ab42-b724-446b-ae9e-6fb97fd9d601"><testcase classname="backend.tests.test_iter116_bugfixes.TestHypeStricterThreshold" name="test_global_invariant_no_low_engagement_feuds" time="1.111" /><testcase classname="backend.tests.test_iter116_bugfixes.TestHypeStricterThreshold" name="test_step_by_step_threshold" time="2.206" /><testcase classname="backend.tests.test_iter116_bugfixes.TestMentionScrubbingOnComments" name="test_scrub_mention_of_blocked_user_in_own_comment" time="1.435" /><testcase classname="backend.tests.test_iter116_bugfixes.TestMentionScrubbingOnReplies" name="test_scrub_mention_of_blocked_user_in_reply" time="4.350" /><testcase classname="backend.tests.test_iter116_bugfixes.TestRegressionBlockHidesAuthoredComments" name="test_comment_from_blocked_user_hidden_entirely" time="4.072" /></testsuite></testsuites>