<?xml version="1.0" encoding="utf-8"?><testsuites name="pytest tests"><testsuite name="pytest" errors="0" failures="0" skipped="0" tests="21" time="4.481" timestamp="2026-08-18T09:12:43.151292+00:00" hostname="agent-env-088d908f-e6a7-4bc4-ac57-bb40a15b6108"><testcase classname="test_iter134_bots_and_router_regression.TestBotAdminEndpoints" name="test_state_requires_admin_key" time="0.004" /><testcase classname="test_iter134_bots_and_router_regression.TestBotAdminEndpoints" name="test_state_returns_expected_shape" time="0.044" /><testcase classname="test_iter134_bots_and_router_regression.TestBotAdminEndpoints" name="test_toggle_on" time="0.045" /><testcase classname="test_iter134_bots_and_router_regression.TestBotAdminEndpoints" name="test_set_count_25" time="0.047" /><testcase classname="test_iter134_bots_and_router_regression.TestBotAdminEndpoints" name="test_burst_bumps_last_burst_at" time="3.253" /><testcase classname="test_iter134_bots_and_router_regression.TestBotAdminEndpoints" name="test_count_boundary_validation" time="0.042" /><testcase classname="test_iter134_bots_and_router_regression.TestBotAdminEndpoints" name="test_toggle_off_restores_offline_state" time="0.045" /><testcase classname="test_iter134_bots_and_router_regression.TestExtractedRoutersRegression" name="test_legal_terms" time="0.042" /><testcase classname="test_iter134_bots_and_router_regression.TestExtractedRoutersRegression" name="test_legal_nda" time="0.042" /><testcase classname="test_iter134_bots_and_router_regression.TestExtractedRoutersRegression" name="test_docs_list" time="0.042" /><testcase classname="test_iter134_bots_and_router_regression.TestExtractedRoutersRegression" name="test_docs_by_slug" time="0.042" /><testcase classname="test_iter134_bots_and_router_regression.TestExtractedRoutersRegression" name="test_docs_by_slug_404" time="0.318" /><testcase classname="test_iter134_bots_and_router_regression.TestExtractedRoutersRegression" name="test_sponsors_list" time="0.045" /><testcase classname="test_iter134_bots_and_router_regression.TestExtractedRoutersRegression" name="test_sponsors_filter_by_category" time="0.044" /><testcase classname="test_iter134_bots_and_router_regression.TestExtractedRoutersRegression" name="test_favorites_requires_auth" time="0.042" /><testcase classname="test_iter134_bots_and_router_regression.TestExtractedRoutersRegression" name="test_notifications_requires_auth" time="0.043" /><testcase classname="test_iter134_bots_and_router_regression.TestExtractedRoutersRegression" name="test_notifications_unread_count_requires_auth" time="0.042" /><testcase classname="test_iter134_bots_and_router_regression.TestExtractedRoutersRegression" name="test_blocks_list_requires_auth" time="0.042" /><testcase classname="test_iter134_bots_and_router_regression.TestExtractedRoutersRegression" name="test_block_user_requires_auth" time="0.043" /><testcase classname="test_iter134_bots_and_router_regression.TestExtractedRoutersRegression" name="test_support_submit_requires_auth" time="0.042" /><testcase classname="test_iter134_bots_and_router_regression.TestExtractedRoutersRegression" name="test_add_favorite_requires_auth" time="0.042" /></testsuite></testsuites>