<?xml version="1.0" encoding="utf-8"?><testsuites name="pytest tests"><testsuite name="pytest" errors="0" failures="0" skipped="0" tests="15" time="2.367" timestamp="2026-08-19T21:18:24.900213+00:00" hostname="agent-env-1333d43d-20d8-4aec-b72f-dc4ea9c47e7d"><testcase classname="test_iter151_verify_email_missing_base.TestSignupMissingBase" name="test_signup_returns_requires_verification" time="1.118" /><testcase classname="test_iter151_verify_email_missing_base.TestSignupMissingBase" name="test_user_exists_unverified" time="0.002" /><testcase classname="test_iter151_verify_email_missing_base.TestSignupMissingBase" name="test_verification_token_still_persisted" time="0.001" /><testcase classname="test_iter151_verify_email_missing_base.TestSignupMissingBase" name="test_login_blocked_until_verified" time="0.312" /><testcase classname="test_iter151_verify_email_missing_base.TestSignupMissingBase" name="test_resend_verification_returns_generic_success" time="0.089" /><testcase classname="test_iter151_verify_email_missing_base.TestSignupMissingBase" name="test_cleanup" time="0.002" /><testcase classname="test_iter151_verify_email_missing_base.TestVerifyEmailRegression" name="test_seed_user_and_token" time="0.001" /><testcase classname="test_iter151_verify_email_missing_base.TestVerifyEmailRegression" name="test_verify_email_success" time="0.081" /><testcase classname="test_iter151_verify_email_missing_base.TestVerifyEmailRegression" name="test_verify_email_invalid_token" time="0.080" /><testcase classname="test_iter151_verify_email_missing_base.TestVerifyEmailRegression" name="test_cleanup" time="0.001" /><testcase classname="test_iter151_verify_email_missing_base.TestBackendHealth" name="test_feuds_list" time="0.351" /><testcase classname="test_iter151_verify_email_missing_base.TestBackendHealth" name="test_anonymous_login" time="0.074" /><testcase classname="test_iter151_verify_email_missing_base.TestBackendHealth" name="test_login_wrong_password" time="0.074" /><testcase classname="test_iter151_verify_email_missing_base.TestFrontendLockfile" name="test_package_lock_gone" time="0.000" /><testcase classname="test_iter151_verify_email_missing_base.TestFrontendLockfile" name="test_yarn_lock_present" time="0.001" /></testsuite></testsuites>