<?xml version="1.0" encoding="utf-8"?><testsuites name="pytest tests"><testsuite name="pytest" errors="0" failures="0" skipped="0" tests="8" time="0.815" timestamp="2026-08-18T05:45:30.947189+00:00" hostname="agent-env-b8665292-f713-4bed-9f4b-4b10153b833f"><testcase classname="backend.tests.test_iter126_bugs.TestAnonymousLogin" name="test_anonymous_login_valid_nickname_returns_token" time="0.138" /><testcase classname="backend.tests.test_iter126_bugs.TestAnonymousLogin" name="test_anonymous_login_empty_nickname_rejected" time="0.059" /><testcase classname="backend.tests.test_iter126_bugs.TestAnonymousLogin" name="test_anonymous_login_token_works_for_me" time="0.103" /><testcase classname="backend.tests.test_iter126_bugs.TestAcceptTermsAndNda" name="test_accept_both_terms_and_nda" time="0.146" /><testcase classname="backend.tests.test_iter126_bugs.TestAcceptTermsAndNda" name="test_accept_terms_only_returns_terms_accepted_false" time="0.103" /><testcase classname="backend.tests.test_iter126_bugs.TestAcceptTermsAndNda" name="test_wrong_nda_version_rejected" time="0.103" /><testcase classname="backend.tests.test_iter126_bugs.TestLegalEndpoints" name="test_get_terms" time="0.059" /><testcase classname="backend.tests.test_iter126_bugs.TestLegalEndpoints" name="test_get_nda" time="0.043" /></testsuite></testsuites>