<?xml version="1.0" encoding="utf-8"?><testsuites name="pytest tests"><testsuite name="pytest" errors="0" failures="0" skipped="0" tests="10" time="13.580" timestamp="2026-07-21T19:29:40.378792+00:00" hostname="agent-env-a2b33949-310e-43de-a51a-3db600b378aa"><testcase classname="tests.test_history_privacy_and_comment_ordering.TestHistoryPrivacy" name="test_1_patch_generic_false" time="1.548" /><testcase classname="tests.test_history_privacy_and_comment_ordering.TestHistoryPrivacy" name="test_2_viewer_non_mutual_sees_hidden_private" time="1.118" /><testcase classname="tests.test_history_privacy_and_comment_ordering.TestHistoryPrivacy" name="test_3_anonymous_no_auth_sees_hidden_private" time="0.102" /><testcase classname="tests.test_history_privacy_and_comment_ordering.TestHistoryPrivacy" name="test_4_owner_self_not_hidden" time="0.205" /><testcase classname="tests.test_history_privacy_and_comment_ordering.TestHistoryPrivacy" name="test_5_patch_generic_true_mutual_false" time="0.240" /><testcase classname="tests.test_history_privacy_and_comment_ordering.TestHistoryPrivacy" name="test_5b_non_mutual_viewer_now_sees_history" time="0.118" /><testcase classname="tests.test_history_privacy_and_comment_ordering.TestHistoryPrivacy" name="test_6_mutual_circle_viewer_sees_hidden_mutual" time="0.564" /><testcase classname="tests.test_history_privacy_and_comment_ordering.TestHistoryPrivacy" name="test_7_patch_empty_body_returns_400" time="1.154" /><testcase classname="tests.test_history_privacy_and_comment_ordering.TestHistoryPrivacy" name="test_7b_patch_ignores_invalid_types" time="0.139" /><testcase classname="tests.test_history_privacy_and_comment_ordering.TestCommentOrdering" name="test_setup_and_ordering" time="8.247" /></testsuite></testsuites>