<?xml version="1.0" encoding="utf-8"?><testsuites name="pytest tests"><testsuite name="pytest" errors="0" failures="0" skipped="1" tests="32" time="13.004" timestamp="2026-07-22T16:29:18.228958+00:00" hostname="agent-env-411a2cc7-a26b-46f8-9d05-62845cf42428"><testcase classname="backend.tests.test_auth_session_regression.TestAuthMe" name="test_me_missing_token" time="0.159" /><testcase classname="backend.tests.test_auth_session_regression.TestAuthMe" name="test_me_invalid_token" time="0.074" /><testcase classname="backend.tests.test_auth_session_regression.TestAuthMe" name="test_me_malformed_header" time="0.086" /><testcase classname="backend.tests.test_auth_session_regression.TestAuthMe" name="test_me_valid_jwt" time="0.372" /><testcase classname="backend.tests.test_auth_session_regression.TestAuthLogout" name="test_logout_no_token_ok" time="0.066" /><testcase classname="backend.tests.test_auth_session_regression.TestAuthLogout" name="test_logout_removes_session_row" time="0.224" /><testcase classname="backend.tests.test_auth_session_regression.TestGoogleSessionUpsertIdempotency" name="test_bogus_session_id_returns_401_not_500" time="0.387" /><testcase classname="backend.tests.test_auth_session_regression.TestGoogleSessionUpsertIdempotency" name="test_unique_index_on_session_token" time="0.001" /><testcase classname="backend.tests.test_auth_session_regression.TestGoogleSessionUpsertIdempotency" name="test_upsert_same_token_twice_is_idempotent" time="0.002" /><testcase classname="backend.tests.test_auth_session_regression.TestGoogleSessionUpsertIdempotency" name="test_preexisting_sessions_not_wiped_on_new_google_session" time="0.245" /><testcase classname="backend.tests.test_auth_session_regression.TestRegressionSignup" name="test_signup_new_email_requires_verification" time="0.605" /><testcase classname="backend.tests.test_auth_session_regression.TestRegressionSignup" name="test_signup_missing_password_400" time="0.070" /><testcase classname="backend.tests.test_auth_session_regression.TestRegressionAnonymous" name="test_anonymous_returns_token" time="0.137" /><testcase classname="backend.tests.test_auth_session_regression.TestRegressionStories" name="test_story_create_ok" time="1.526" /><testcase classname="backend.tests.test_auth_session_regression.TestRegressionStories" name="test_story_quota_429" time="0.628" /><testcase classname="backend.tests.test_auth_session_regression.TestRegressionStories" name="test_story_bad_feud_404" time="0.075" /><testcase classname="backend.tests.test_auth_me_primary_photo.TestAuthMeAnonNoPrimaryPhoto" name="test_anon_no_primary_photo" time="0.233" /><testcase classname="backend.tests.test_auth_me_primary_photo.TestAuthMeUploadHydration" name="test_upload_then_me_hydrates_primary_photo" time="1.110" /><testcase classname="backend.tests.test_auth_me_primary_photo.TestAuthMeGracefulDegradeAfterDelete" name="test_delete_primary_no_500" time="1.023" /><testcase classname="backend.tests.test_auth_me_primary_photo.TestAuthMeRegression" name="test_me_returns_expected_fields" time="0.448" /><testcase classname="backend.tests.test_stories_kind_badge.TestBackwardCompat" name="test_legacy_body_only_feud_id_creates_story" time="1.401" /><testcase classname="backend.tests.test_stories_kind_badge.TestBackwardCompat" name="test_explicit_kind_feud_creates_story" time="0.882" /><testcase classname="backend.tests.test_stories_kind_badge.TestFeedContractKind" name="test_feed_rows_have_kind_feud" time="0.417" /><testcase classname="backend.tests.test_stories_kind_badge.TestBadgeKindValidation" name="test_invalid_kind_returns_400" time="0.106" /><testcase classname="backend.tests.test_stories_kind_badge.TestBadgeKindValidation" name="test_badge_missing_category_400" time="0.149" /><testcase classname="backend.tests.test_stories_kind_badge.TestBadgeKindValidation" name="test_badge_bad_tier_400" time="0.123" /><testcase classname="backend.tests.test_stories_kind_badge.TestBadgeKindValidation" name="test_badge_unknown_category_400" time="0.117" /><testcase classname="backend.tests.test_stories_kind_badge.TestBadgeKindValidation" name="test_badge_not_unlocked_returns_403" time="0.116" /><testcase classname="backend.tests.test_stories_kind_badge.TestFeudKindNotFound" name="test_feud_kind_nonexistent_feud_returns_404" time="0.104" /><testcase classname="backend.tests.test_stories_kind_badge.TestFeudKindNotFound" name="test_feud_kind_missing_feud_id_returns_400" time="0.130" /><testcase classname="backend.tests.test_stories_badge_feed_iter68.TestBadgeStoryHappyPath" name="test_create_and_feed_hydrate" time="1.346"><skipped type="pytest.skip" message="Could not grant a category badge via admin endpoint — the 403 path is already covered in test_stories_kind_badge.py.">/app/backend/tests/test_stories_badge_feed_iter68.py:92: Could not grant a category badge via admin endpoint — the 403 path is already covered in test_stories_kind_badge.py.</skipped></testcase><testcase classname="backend.tests.test_stories_badge_feed_iter68.TestFeudStoryRegression" name="test_feud_story_still_has_feud_hydrated" time="0.503" /></testsuite></testsuites>