<?xml version="1.0" encoding="utf-8"?><testsuites name="pytest tests"><testsuite name="pytest" errors="0" failures="1" skipped="0" tests="11" time="1.036" timestamp="2026-08-17T23:22:03.879669+00:00" hostname="agent-env-7076ab42-b724-446b-ae9e-6fb97fd9d601"><testcase classname="backend.tests.test_iter119_logout_crash.TestMissingBearerContract" name="test_photos_without_auth_401_missing_bearer" time="0.004" /><testcase classname="backend.tests.test_iter119_logout_crash.TestMissingBearerContract" name="test_me_without_auth_401" time="0.042" /><testcase classname="backend.tests.test_iter119_logout_crash.TestMissingBearerContract" name="test_history_without_auth_401" time="0.043" /><testcase classname="backend.tests.test_iter119_logout_crash.TestMissingBearerContract" name="test_notifications_without_auth_401" time="0.042" /><testcase classname="backend.tests.test_iter119_logout_crash.TestPublicEndpoints" name="test_categories_no_token" time="0.044" /><testcase classname="backend.tests.test_iter119_logout_crash.TestPublicEndpoints" name="test_professions_no_token" time="0.042" /><testcase classname="backend.tests.test_iter119_logout_crash.TestPublicEndpoints" name="test_login_no_token" time="0.270" /><testcase classname="backend.tests.test_iter119_logout_crash.TestAuthedWithToken" name="test_photos_with_token_200" time="0.314" /><testcase classname="backend.tests.test_iter119_logout_crash.TestAuthedWithToken" name="test_me_with_token_200" time="0.050"><failure message="AssertionError: assert None == 'user_6e65e19525d5'&#10; +  where None = &lt;built-in method get of dict object at 0xfb8575ff1e00&gt;('user_id')&#10; +    where &lt;built-in method get of dict object at 0xfb8575ff1e00&gt; = {'user': {'user_id': 'user_6e65e19525d5', 'email': 'chat_a@test.it', 'nickname': 'chat_a', 'display_name': 'Mario Rossi', ...}}.get">backend/tests/test_iter119_logout_crash.py:118: in test_me_with_token_200
    assert me.get("user_id") == A_ID
E   AssertionError: assert None == 'user_6e65e19525d5'
E    +  where None = &lt;built-in method get of dict object at 0xfb8575ff1e00&gt;('user_id')
E    +    where &lt;built-in method get of dict object at 0xfb8575ff1e00&gt; = {'user': {'user_id': 'user_6e65e19525d5', 'email': 'chat_a@test.it', 'nickname': 'chat_a', 'display_name': 'Mario Rossi', ...}}.get</failure></testcase><testcase classname="backend.tests.test_iter119_logout_crash.TestHypeOptionalAuth" name="test_hype_anon_200" time="0.050" /><testcase classname="backend.tests.test_iter119_logout_crash.TestHypeOptionalAuth" name="test_hype_auth_200" time="0.050" /></testsuite></testsuites>