<?xml version="1.0" encoding="utf-8"?><testsuites name="pytest tests"><testsuite name="pytest" errors="0" failures="4" skipped="0" tests="7" time="1.157" timestamp="2026-08-20T07:46:55.735962+00:00" hostname="agent-env-1333d43d-20d8-4aec-b72f-dc4ea9c47e7d"><testcase classname="test_iter146_bot_story_dedup.TestBotStoryAntiDuplicate" name="test_second_call_same_feud_is_skipped" time="0.019"><failure message="TypeError: TestBotStoryAntiDuplicate.test_second_call_same_feud_is_skipped.&lt;locals&gt;.run.&lt;locals&gt;.&lt;lambda&gt;() takes 1 positional argument but 2 were given">E   TypeError: TestBotStoryAntiDuplicate.test_second_call_same_feud_is_skipped.&lt;locals&gt;.run.&lt;locals&gt;.&lt;lambda&gt;() takes 1 positional argument but 2 were given</failure></testcase><testcase classname="test_iter146_bot_story_dedup.TestBotStoryAntiDuplicate" name="test_story_doc_shape_intact" time="0.004"><failure message="TypeError: TestBotStoryAntiDuplicate.test_story_doc_shape_intact.&lt;locals&gt;.run.&lt;locals&gt;.&lt;lambda&gt;() takes 1 positional argument but 2 were given">E   TypeError: TestBotStoryAntiDuplicate.test_story_doc_shape_intact.&lt;locals&gt;.run.&lt;locals&gt;.&lt;lambda&gt;() takes 1 positional argument but 2 were given</failure></testcase><testcase classname="test_iter146_bot_story_dedup.TestBotStoryDailyQuota" name="test_second_feud_within_24h_is_skipped" time="0.004"><failure message="TypeError: TestBotStoryDailyQuota.test_second_feud_within_24h_is_skipped.&lt;locals&gt;.run.&lt;locals&gt;.&lt;lambda&gt;() takes 1 positional argument but 2 were given">E   TypeError: TestBotStoryDailyQuota.test_second_feud_within_24h_is_skipped.&lt;locals&gt;.run.&lt;locals&gt;.&lt;lambda&gt;() takes 1 positional argument but 2 were given</failure></testcase><testcase classname="test_iter146_bot_story_dedup.TestBotStoryDailyQuota" name="test_after_24h_new_story_allowed" time="0.005"><failure message="TypeError: TestBotStoryDailyQuota.test_after_24h_new_story_allowed.&lt;locals&gt;.run.&lt;locals&gt;.&lt;lambda&gt;() takes 1 positional argument but 2 were given">E   TypeError: TestBotStoryDailyQuota.test_after_24h_new_story_allowed.&lt;locals&gt;.run.&lt;locals&gt;.&lt;lambda&gt;() takes 1 positional argument but 2 were given</failure></testcase><testcase classname="test_iter146_bot_story_dedup.TestStoriesFeedRegression" name="test_admin_feed_ok" time="0.244" /><testcase classname="test_iter146_bot_story_dedup.TestStoriesFeedRegression" name="test_feuds_endpoint_ok" time="0.181" /><testcase classname="test_iter146_bot_story_dedup.TestAuthRegression" name="test_signup_and_anonymous" time="0.528" /></testsuite></testsuites>