<?xml version="1.0" encoding="utf-8"?><testsuites name="pytest tests"><testsuite name="pytest" errors="0" failures="0" skipped="0" tests="7" time="6.330" timestamp="2026-07-27T20:42:06.873138+00:00" hostname="agent-env-33ff820b-07dc-40ac-9b4d-956a1818b10f"><testcase classname="backend.tests.test_iter76_ai_summary_fix.TestAiSummaryFix" name="test_ai_summary_returns_200_not_500" time="4.321" /><testcase classname="backend.tests.test_iter76_ai_summary_fix.TestAiSummaryFix" name="test_ai_summary_shape" time="1.598" /><testcase classname="backend.tests.test_iter76_ai_summary_fix.TestAiSummaryFix" name="test_ai_summary_requires_auth" time="0.048" /><testcase classname="backend.tests.test_iter76_ai_summary_fix.TestAiSummaryFix" name="test_ai_summary_404_for_unknown_feud" time="0.047" /><testcase classname="backend.tests.test_iter76_ai_summary_fix.TestCommentsRegression" name="test_get_comments_no_owner" time="0.048" /><testcase classname="backend.tests.test_iter76_ai_summary_fix.TestCommentsRegression" name="test_get_comments_with_owner_user_id" time="0.049" /><testcase classname="backend.tests.test_iter76_ai_summary_fix.TestCommentsRegression" name="test_get_comments_anonymous" time="0.157" /></testsuite></testsuites>