<?xml version="1.0" encoding="utf-8"?><testsuites name="pytest tests"><testsuite name="pytest" errors="0" failures="0" skipped="0" tests="7" time="1.274" timestamp="2026-08-19T20:04:59.095987+00:00" hostname="agent-env-1333d43d-20d8-4aec-b72f-dc4ea9c47e7d"><testcase classname="test_iter146_bot_story_dedup.TestBotStoryAntiDuplicate" name="test_second_call_same_feud_is_skipped" time="0.021" /><testcase classname="test_iter146_bot_story_dedup.TestBotStoryAntiDuplicate" name="test_story_doc_shape_intact" time="0.005" /><testcase classname="test_iter146_bot_story_dedup.TestBotStoryDailyQuota" name="test_second_feud_within_24h_is_skipped" time="0.006" /><testcase classname="test_iter146_bot_story_dedup.TestBotStoryDailyQuota" name="test_after_24h_new_story_allowed" time="0.005" /><testcase classname="test_iter146_bot_story_dedup.TestStoriesFeedRegression" name="test_admin_feed_ok" time="0.276" /><testcase classname="test_iter146_bot_story_dedup.TestStoriesFeedRegression" name="test_feuds_endpoint_ok" time="0.169" /><testcase classname="test_iter146_bot_story_dedup.TestAuthRegression" name="test_signup_and_anonymous" time="0.620" /></testsuite></testsuites>