<?xml version="1.0" encoding="utf-8"?><testsuites name="pytest tests"><testsuite name="pytest" errors="0" failures="0" skipped="0" tests="12" time="21.273" timestamp="2026-08-19T09:44:50.485472+00:00" hostname="agent-env-3008800a-f1d5-482f-ac4c-0708d9391c58"><testcase classname="test_admin_comment_moderation.TestAdminCanDeleteAnyComment" name="test_admin_deletes_other_user_comment" time="2.068" /><testcase classname="test_admin_comment_moderation.TestAdminCanDeleteAnyComment" name="test_admin_deletes_other_user_reply" time="2.542" /><testcase classname="test_admin_comment_moderation.TestAdminCanDeleteAnyComment" name="test_admin_cascade_deletes_replies" time="6.034" /><testcase classname="test_admin_comment_moderation.TestAuthorSelfDeleteRegression" name="test_author_deletes_own_comment_moderated_false" time="1.203" /><testcase classname="test_admin_comment_moderation.TestAuthorSelfDeleteRegression" name="test_author_deletes_own_reply_moderated_false" time="2.142" /><testcase classname="test_admin_comment_moderation.TestAuthorSelfDeleteRegression" name="test_admin_deletes_own_comment_moderated_false" time="0.904" /><testcase classname="test_admin_comment_moderation.TestRegularUserCannotDeleteOthers" name="test_regular_user_cannot_delete_others_comment" time="0.953" /><testcase classname="test_admin_comment_moderation.TestRegularUserCannotDeleteOthers" name="test_regular_user_cannot_delete_others_reply" time="2.607" /><testcase classname="test_admin_comment_moderation.TestErrorCases" name="test_delete_nonexistent_comment_returns_404" time="0.114" /><testcase classname="test_admin_comment_moderation.TestErrorCases" name="test_delete_nonexistent_reply_returns_404" time="0.106" /><testcase classname="test_admin_comment_moderation.TestErrorCases" name="test_delete_comment_unauthenticated_returns_401" time="0.924" /><testcase classname="test_admin_comment_moderation.TestErrorCases" name="test_delete_reply_unauthenticated_returns_401" time="1.479" /></testsuite></testsuites>