<?xml version="1.0" encoding="utf-8"?><testsuites name="pytest tests"><testsuite name="pytest" errors="0" failures="0" skipped="0" tests="21" time="3.110" timestamp="2026-08-19T21:47:50.636398+00:00" hostname="agent-env-1333d43d-20d8-4aec-b72f-dc4ea9c47e7d"><testcase classname="test_iter152_firebase_rotation.TestFirebaseSDKRotation" name="test_bogus_token_returns_401_not_503" time="0.524" /><testcase classname="test_iter152_firebase_rotation.TestFirebaseSDKRotation" name="test_wellformed_jwt_shape_returns_401" time="0.088" /><testcase classname="test_iter152_firebase_rotation.TestFirebaseSDKRotation" name="test_missing_id_token_returns_422" time="0.137" /><testcase classname="test_iter152_firebase_rotation.TestFirebaseSDKRotation" name="test_empty_body_returns_422" time="0.084" /><testcase classname="test_iter152_firebase_rotation.TestFirebaseSDKRotation" name="test_error_mentions_segments_or_invalid" time="0.072" /><testcase classname="test_iter152_firebase_rotation.TestBackendBootHealth" name="test_no_firebase_init_failed_in_supervisor_log" time="0.001" /><testcase classname="test_iter152_firebase_rotation.TestBackendBootHealth" name="test_service_account_file_valid" time="0.000" /><testcase classname="test_iter152_firebase_rotation.TestAuthRegression" name="test_login_wrong_password_returns_400_or_401" time="0.072" /><testcase classname="test_iter152_firebase_rotation.TestAuthRegression" name="test_signup_creates_user" time="0.616" /><testcase classname="test_iter152_firebase_rotation.TestAuthRegression" name="test_anonymous_creates_user" time="0.112" /><testcase classname="test_iter152_firebase_rotation.TestAuthRegression" name="test_google_session_bogus_returns_4xx_not_5xx" time="0.163" /><testcase classname="test_iter152_firebase_rotation.TestAuthRegression" name="test_google_session_missing_body_returns_422" time="0.105" /><testcase classname="test_iter152_firebase_rotation.TestPublicRegression" name="test_feuds_list" time="0.167" /><testcase classname="test_iter152_firebase_rotation.TestPublicRegression" name="test_stories_feed_requires_auth_or_lists" time="0.077" /><testcase classname="test_iter152_firebase_rotation.TestPublicRegression" name="test_notifications_requires_auth_not_5xx" time="0.071" /><testcase classname="test_iter152_firebase_rotation.TestAdminRegression" name="test_admin_without_token_forbidden" time="0.071" /><testcase classname="test_iter152_firebase_rotation.TestAdminRegression" name="test_admin_with_token_returns_2xx_or_404" time="0.071" /><testcase classname="test_iter152_firebase_rotation.TestAdminRegression" name="test_admin_retention_manual_endpoint_gated" time="0.212" /><testcase classname="test_iter152_firebase_rotation.TestVerifyEmailRegression" name="test_verify_email_requires_token" time="0.117" /><testcase classname="test_iter152_firebase_rotation.TestVerifyEmailRegression" name="test_verify_email_invalid_token_400" time="0.161" /><testcase classname="test_iter152_firebase_rotation.TestVerifyEmailRegression" name="test_resend_verification_returns_generic_200" time="0.112" /></testsuite></testsuites>