<?xml version="1.0" encoding="utf-8"?><testsuites name="pytest tests"><testsuite name="pytest" errors="0" failures="2" skipped="0" tests="18" time="1.272" timestamp="2026-08-20T08:09:25.344534+00:00" hostname="agent-env-1333d43d-20d8-4aec-b72f-dc4ea9c47e7d"><testcase classname="test_iter153_story_caption_context.TestPromptContainsFeudContext" name="test_signature_accepts_persona_and_feud" time="0.002" /><testcase classname="test_iter153_story_caption_context.TestPromptContainsFeudContext" name="test_user_prompt_contains_title_and_parties" time="0.010"><failure message="AssertionError: assert None == 'una frase pertinente'">tests/test_iter153_story_caption_context.py:181: in test_user_prompt_contains_title_and_parties
    assert result == "una frase pertinente"
E   AssertionError: assert None == 'una frase pertinente'</failure></testcase><testcase classname="test_iter153_story_caption_context.TestPromptContainsFeudContext" name="test_system_prompt_reinforces_no_intro" time="0.001" /><testcase classname="test_iter153_story_caption_context.TestRefusalFilter" name="test_refusal_returns_none[Non posso commentare senza il post di riferimento.]" time="0.001" /><testcase classname="test_iter153_story_caption_context.TestRefusalFilter" name="test_refusal_returns_none[Mi servirebbe il post di riferimento per rispondere]" time="0.001" /><testcase classname="test_iter153_story_caption_context.TestRefusalFilter" name="test_refusal_returns_none[Non ho abbastanza contesto per commentare]" time="0.001" /><testcase classname="test_iter153_story_caption_context.TestRefusalFilter" name="test_refusal_returns_none[Puoi darmi il post di cui parlo?]" time="0.001" /><testcase classname="test_iter153_story_caption_context.TestRefusalFilter" name="test_refusal_returns_none[Non riesco a scrivere una story senza sapere il riferimento a un post]" time="0.001" /><testcase classname="test_iter153_story_caption_context.TestRefusalFilter" name="test_valid_caption_passes_through" time="0.001" /><testcase classname="test_iter153_story_caption_context.TestRefusalFilter" name="test_empty_response_returns_none" time="0.001" /><testcase classname="test_iter153_story_caption_context.TestBotCreateStoryIntegration" name="test_refusal_produces_empty_comment" time="0.009" /><testcase classname="test_iter153_story_caption_context.TestBotCreateStoryIntegration" name="test_valid_caption_persisted" time="0.006"><failure message="AssertionError: assert '' == 'dibattito acceso questo'&#10;  &#10;  - dibattito acceso questo">tests/test_iter153_story_caption_context.py:330: in test_valid_caption_persisted
    assert doc["comment"] == "dibattito acceso questo"
E   AssertionError: assert '' == 'dibattito acceso questo'
E     
E     - dibattito acceso questo</failure></testcase><testcase classname="test_iter153_story_caption_context.TestBotStoryQuotaRegression" name="test_anti_dup_same_feud" time="0.006" /><testcase classname="test_iter153_story_caption_context.TestBotStoryQuotaRegression" name="test_quota_one_per_24h" time="0.006" /><testcase classname="test_iter153_story_caption_context.TestGenerateCommentUntouched" name="test_comment_signature_still_three_args" time="0.001" /><testcase classname="test_iter153_story_caption_context.TestHttpRegression" name="test_stories_feed_reachable" time="0.253" /><testcase classname="test_iter153_story_caption_context.TestHttpRegression" name="test_feuds_endpoint_ok" time="0.192" /><testcase classname="test_iter153_story_caption_context.TestHttpRegression" name="test_signup_and_anonymous" time="0.582" /></testsuite></testsuites>