<?xml version="1.0" encoding="utf-8"?><testsuites name="pytest tests"><testsuite name="pytest" errors="0" failures="0" skipped="0" tests="15" time="4.336" timestamp="2026-07-28T15:04:52.289977+00:00" hostname="agent-env-c1d529e9-4050-451a-ae70-9c0ac299bcbc"><testcase classname="backend.tests.test_admin_reset_gate.TestOwnerAuth" name="test_owner_jwt_returns_owner_email" time="0.295" /><testcase classname="backend.tests.test_admin_reset_gate.TestAdminKeyGuard" name="test_overview_without_key_rejected" time="0.264" /><testcase classname="backend.tests.test_admin_reset_gate.TestAdminKeyGuard" name="test_overview_with_key_ok" time="0.207" /><testcase classname="backend.tests.test_admin_reset_gate.TestAdminResetFlow" name="test_reset_endpoint" time="1.542" /><testcase classname="backend.tests.test_admin_reset_gate.TestAdminResetFlow" name="test_reset_requires_admin_key" time="0.434" /><testcase classname="backend.tests.test_admin_reset_gate.TestSnapshotEndpoints" name="test_snapshot_endpoints_reachable[/api/admin/analytics/overview]" time="0.134" /><testcase classname="backend.tests.test_admin_reset_gate.TestSnapshotEndpoints" name="test_snapshot_endpoints_reachable[/api/admin/analytics/active-users?days=30]" time="0.145" /><testcase classname="backend.tests.test_admin_reset_gate.TestSnapshotEndpoints" name="test_snapshot_endpoints_reachable[/api/admin/analytics/retention]" time="0.135" /><testcase classname="backend.tests.test_admin_reset_gate.TestSnapshotEndpoints" name="test_snapshot_endpoints_reachable[/api/admin/analytics/deep-action-rate?days=7]" time="0.154" /><testcase classname="backend.tests.test_admin_reset_gate.TestSnapshotEndpoints" name="test_snapshot_endpoints_reachable[/api/admin/analytics/top-feuds-24h]" time="0.229" /><testcase classname="backend.tests.test_admin_reset_gate.TestSnapshotEndpoints" name="test_snapshot_endpoints_reachable[/api/admin/analytics/categories]" time="0.141" /><testcase classname="backend.tests.test_admin_reset_gate.TestSnapshotEndpoints" name="test_snapshot_endpoints_reachable[/api/admin/analytics/profiles]" time="0.147" /><testcase classname="backend.tests.test_admin_reset_gate.TestSnapshotEndpoints" name="test_snapshot_endpoints_reachable[/api/admin/analytics/funnel]" time="0.127" /><testcase classname="backend.tests.test_admin_reset_gate.TestSnapshotEndpoints" name="test_snapshot_endpoints_reachable[/api/admin/analytics/dev-accounts]" time="0.149" /><testcase classname="backend.tests.test_admin_reset_gate.TestSnapshotEndpoints" name="test_snapshot_endpoints_reachable[/api/admin/stats]" time="0.127" /></testsuite></testsuites>