<?xml version="1.0" encoding="utf-8"?><testsuites name="pytest tests"><testsuite name="pytest" errors="0" failures="0" skipped="0" tests="23" time="7.474" timestamp="2026-08-19T17:03:55.865049+00:00" hostname="agent-env-1333d43d-20d8-4aec-b72f-dc4ea9c47e7d"><testcase classname="test_iter143_secure_store_race_fix.TestPublicEndpointsWithoutToken" name="test_categories_no_auth" time="0.282" /><testcase classname="test_iter143_secure_store_race_fix.TestPublicEndpointsWithoutToken" name="test_professions_no_auth" time="0.067" /><testcase classname="test_iter143_secure_store_race_fix.TestPublicEndpointsWithoutToken" name="test_legal_terms_no_auth" time="0.067" /><testcase classname="test_iter143_secure_store_race_fix.TestPublicEndpointsWithoutToken" name="test_legal_nda_no_auth" time="0.064" /><testcase classname="test_iter143_secure_store_race_fix.TestAuthFlows" name="test_signup_new_user" time="0.494" /><testcase classname="test_iter143_secure_store_race_fix.TestAuthFlows" name="test_login_missing_email_400" time="0.063" /><testcase classname="test_iter143_secure_store_race_fix.TestAuthFlows" name="test_login_wrong_password_401" time="0.066" /><testcase classname="test_iter143_secure_store_race_fix.TestAuthFlows" name="test_anonymous_login" time="0.065" /><testcase classname="test_iter143_secure_store_race_fix.TestAuthFlows" name="test_anonymous_can_login_twice" time="0.126" /><testcase classname="test_iter143_secure_store_race_fix.TestFeedEndpointsBehaviourWithoutToken" name="test_feuds_no_auth" time="0.122" /><testcase classname="test_iter143_secure_store_race_fix.TestFeedEndpointsBehaviourWithoutToken" name="test_feuds_hype_no_auth" time="0.073" /><testcase classname="test_iter143_secure_store_race_fix.TestFeedEndpointsBehaviourWithoutToken" name="test_archive_dates_no_auth" time="0.067" /><testcase classname="test_iter143_secure_store_race_fix.TestFeedEndpointsBehaviourWithoutToken" name="test_archive_feuds_no_auth" time="0.199" /><testcase classname="test_iter143_secure_store_race_fix.TestFeedEndpointsBehaviourWithoutToken" name="test_hashtag_no_auth" time="0.071" /><testcase classname="test_iter143_secure_store_race_fix.TestFeedEndpointsAuthenticated" name="test_feuds_with_token" time="0.156" /><testcase classname="test_iter143_secure_store_race_fix.TestFeedEndpointsAuthenticated" name="test_archive_dates_with_token" time="0.077" /><testcase classname="test_iter143_secure_store_race_fix.TestFeedEndpointsAuthenticated" name="test_categories_with_token" time="0.075" /><testcase classname="test_iter143_secure_store_race_fix.TestProtectedEndpoint" name="test_me_requires_token" time="0.079" /><testcase classname="test_iter143_secure_store_race_fix.TestProtectedEndpoint" name="test_me_with_token" time="0.065" /><testcase classname="test_iter143_secure_store_race_fix.TestProtectedEndpoint" name="test_me_with_invalid_token_rejected" time="0.087" /><testcase classname="test_iter143_secure_store_race_fix.TestCommentReplyDeleteRegression" name="test_owner_can_delete_own_comment" time="1.888" /><testcase classname="test_iter143_secure_store_race_fix.TestCommentReplyDeleteRegression" name="test_owner_can_delete_own_reply" time="2.525" /><testcase classname="test_iter143_secure_store_race_fix.TestConcurrentAnonymousLoad" name="test_burst_no_5xx" time="0.614" /></testsuite></testsuites>