<?xml version="1.0" encoding="utf-8"?><testsuites name="pytest tests"><testsuite name="pytest" errors="0" failures="0" skipped="0" tests="11" time="1.294" timestamp="2026-07-31T06:47:55.601716+00:00" hostname="agent-env-235439bb-055e-4681-a544-944a86f0af90"><testcase classname="backend.tests.test_iter103_notif_mark_one_read.TestNotificationsList" name="test_list_notifications_returns_200" time="0.432" /><testcase classname="backend.tests.test_iter103_notif_mark_one_read.TestNotificationsList" name="test_unread_count_endpoint" time="0.041" /><testcase classname="backend.tests.test_iter103_notif_mark_one_read.TestMarkOneRead" name="test_seed_and_mark_single_notif" time="0.132" /><testcase classname="backend.tests.test_iter103_notif_mark_one_read.TestMarkOneRead" name="test_mark_one_read_idempotent" time="0.038" /><testcase classname="backend.tests.test_iter103_notif_mark_one_read.TestMarkOneRead" name="test_mark_one_read_wrong_owner_noop" time="0.081" /><testcase classname="backend.tests.test_iter103_notif_mark_one_read.TestMarkOneRead" name="test_mark_one_read_requires_auth" time="0.038" /><testcase classname="backend.tests.test_iter103_notif_mark_one_read.TestBulkMarkRead" name="test_bulk_mark_read_still_works" time="0.043" /><testcase classname="backend.tests.test_iter103_notif_mark_one_read.TestLogoutIdempotency" name="test_logout_valid_token" time="0.037" /><testcase classname="backend.tests.test_iter103_notif_mark_one_read.TestLogoutIdempotency" name="test_logout_no_token_still_ok" time="0.078" /><testcase classname="backend.tests.test_iter103_notif_mark_one_read.TestLogoutIdempotency" name="test_logout_bad_token_still_ok" time="0.077" /><testcase classname="backend.tests.test_iter103_notif_mark_one_read.TestLogoutIdempotency" name="test_logout_twice_is_ok" time="0.116" /></testsuite></testsuites>