<?xml version="1.0" encoding="utf-8"?><testsuites name="pytest tests"><testsuite name="pytest" errors="0" failures="0" skipped="0" tests="10" time="13.653" timestamp="2026-08-17T23:12:55.957582+00:00" hostname="agent-env-7076ab42-b724-446b-ae9e-6fb97fd9d601"><testcase classname="backend.tests.test_iter118_bugfixes.TestTagBlockedRejection" name="test_A_tags_B_after_A_blocks_B_returns_400" time="1.712" /><testcase classname="backend.tests.test_iter118_bugfixes.TestTagBlockedRejection" name="test_symmetric_B_tags_A_after_A_blocks_B_returns_400" time="0.823" /><testcase classname="backend.tests.test_iter118_bugfixes.TestTagBlockedRejection" name="test_unblock_then_retry_returns_200_with_mention" time="2.089" /><testcase classname="backend.tests.test_iter118_bugfixes.TestTagBlockedRejection" name="test_reply_endpoint_rejects_blocked_mention" time="3.570" /><testcase classname="backend.tests.test_iter118_bugfixes.TestTagBlockedRejection" name="test_mixed_valid_and_blocked_mentions_all_or_nothing" time="1.055" /><testcase classname="backend.tests.test_iter118_bugfixes.TestTagBlockedRejection" name="test_no_mentions_always_ok_regardless_of_block" time="0.877" /><testcase classname="backend.tests.test_iter118_bugfixes.TestTagBlockedRejection" name="test_case_insensitive_nickname_match" time="0.769" /><testcase classname="backend.tests.test_iter118_bugfixes.TestExistingMentionScrub" name="test_pre_block_mention_scrubbed_after_block" time="1.046" /><testcase classname="backend.tests.test_iter118_bugfixes.TestExistingMentionScrub" name="test_bidirectional_scrub_for_target" time="0.788" /><testcase classname="backend.tests.test_iter118_bugfixes.TestExistingMentionScrub" name="test_unblock_restores_mention" time="0.841" /></testsuite></testsuites>