<?xml version="1.0" encoding="utf-8"?><testsuites name="pytest tests"><testsuite name="pytest" errors="0" failures="0" skipped="0" tests="19" time="2.666" timestamp="2026-08-19T20:38:46.606727+00:00" hostname="agent-env-1333d43d-20d8-4aec-b72f-dc4ea9c47e7d"><testcase classname="test_iter148_feed_dedupe.TestFeedDedupe" name="test_feed_all_no_consecutive_duplicates" time="0.347" /><testcase classname="test_iter148_feed_dedupe.TestFeedDedupe" name="test_feed_per_category_no_duplicates[cronaca]" time="0.221" /><testcase classname="test_iter148_feed_dedupe.TestFeedDedupe" name="test_feed_per_category_no_duplicates[tech]" time="0.083" /><testcase classname="test_iter148_feed_dedupe.TestFeedDedupe" name="test_feed_per_category_no_duplicates[gossip]" time="0.080" /><testcase classname="test_iter148_feed_dedupe.TestFeedDedupe" name="test_feed_per_category_no_duplicates[politica]" time="0.076" /><testcase classname="test_iter148_feed_dedupe.TestFeedDedupe" name="test_feed_per_category_no_duplicates[sport]" time="0.074" /><testcase classname="test_iter148_feed_dedupe.TestFeedDedupe" name="test_feed_payload_shape_regression" time="0.117" /><testcase classname="test_iter148_feed_dedupe.TestArchiveNotDeduped" name="test_archive_returns_all" time="0.119" /><testcase classname="test_iter148_feed_dedupe.TestFeudDetailStillWorks" name="test_random_feud_detail" time="0.187" /><testcase classname="test_iter148_feed_dedupe.TestAuthRegression" name="test_anonymous_signup" time="0.074" /><testcase classname="test_iter148_feed_dedupe.TestAuthRegression" name="test_signup_login_email" time="0.467" /><testcase classname="test_iter148_feed_dedupe.TestAuthRegression" name="test_login_bad_credentials" time="0.075" /><testcase classname="test_iter148_feed_dedupe.TestAuthRegression" name="test_auth_me_with_anon" time="0.071" /><testcase classname="test_iter148_feed_dedupe.TestStoriesFeed" name="test_stories_feed_anon_ok" time="0.096" /><testcase classname="test_iter148_feed_dedupe.TestAdminModerationEndpointsGated" name="test_admin_hidden_feuds_requires_key" time="0.071" /><testcase classname="test_iter148_feed_dedupe.TestAdminModerationEndpointsGated" name="test_admin_hidden_feuds_with_valid_key" time="0.075" /><testcase classname="test_iter148_feed_dedupe.TestHistoricalDuplicates" name="test_historical_duplicates_appear_at_most_once[patterns0]" time="0.117" /><testcase classname="test_iter148_feed_dedupe.TestHistoricalDuplicates" name="test_historical_duplicates_appear_at_most_once[patterns1]" time="0.116" /><testcase classname="test_iter148_feed_dedupe.TestHistoricalDuplicates" name="test_historical_duplicates_appear_at_most_once[patterns2]" time="0.125" /></testsuite></testsuites>