<?xml version="1.0" encoding="utf-8"?><testsuites name="pytest tests"><testsuite name="pytest" errors="0" failures="0" skipped="0" tests="5" time="11.565" timestamp="2026-08-17T21:08:43.080822+00:00" hostname="agent-env-09846cb5-5bb1-455b-be07-ad64d451f9b8"><testcase classname="backend.tests.test_iter114_hype_block_filter.TestHypeBlockFilter" name="test_hype_excludes_feuds_when_only_commenter_is_blocked" time="2.806" /><testcase classname="backend.tests.test_iter114_hype_block_filter.TestHypeBlockFilter" name="test_hype_reply_by_blocked_user_alone_hides_feud" time="4.914" /><testcase classname="backend.tests.test_iter114_hype_block_filter.TestHypeBlockFilter" name="test_hype_mixed_feud_stays_visible_after_block" time="2.047" /><testcase classname="backend.tests.test_iter114_hype_block_filter.TestHypeBlockFilter" name="test_hype_reverse_block_direction" time="1.307" /><testcase classname="backend.tests.test_iter114_hype_block_filter.TestHypeBlockFilter" name="test_hype_response_schema_intact" time="0.307" /></testsuite></testsuites>