<?xml version="1.0" encoding="utf-8"?><testsuites name="pytest tests"><testsuite name="pytest" errors="0" failures="0" skipped="0" tests="57" time="35.827" timestamp="2026-08-19T21:11:22.681818+00:00" hostname="agent-env-1333d43d-20d8-4aec-b72f-dc4ea9c47e7d"><testcase classname="test_iter149_deploy_security_fixes.TestFirebaseSessionGraceful" name="test_firebase_session_invalid_token_no_crash" time="0.236" /><testcase classname="test_iter149_deploy_security_fixes.TestFirebaseSessionGraceful" name="test_firebase_session_missing_field_422" time="0.070" /><testcase classname="test_iter149_deploy_security_fixes.TestFirebaseSessionGraceful" name="test_firebase_session_empty_token_no_crash" time="0.064" /><testcase classname="test_iter149_deploy_security_fixes.TestGoogleSessionEnvBase" name="test_google_session_invalid_session_id_returns_401" time="0.131" /><testcase classname="test_iter149_deploy_security_fixes.TestGoogleSessionEnvBase" name="test_google_session_missing_field_422" time="0.064" /><testcase classname="test_iter149_deploy_security_fixes.TestAuthRegression" name="test_anonymous_signup" time="0.074" /><testcase classname="test_iter149_deploy_security_fixes.TestAuthRegression" name="test_auth_me_with_anon" time="0.061" /><testcase classname="test_iter149_deploy_security_fixes.TestAuthRegression" name="test_email_signup_requires_verification" time="0.460" /><testcase classname="test_iter149_deploy_security_fixes.TestAuthRegression" name="test_login_wrong_password_401" time="0.062" /><testcase classname="test_iter149_deploy_security_fixes.TestFeedRegression" name="test_feuds_returns_list" time="0.125" /><testcase classname="test_iter149_deploy_security_fixes.TestStoriesFeedRegression" name="test_stories_feed_anon" time="0.088" /><testcase classname="test_iter150_boot_cleanup_gated.TestBackendHealthy" name="test_root_or_feuds_reachable" time="0.189" /><testcase classname="test_iter150_boot_cleanup_gated.TestBackendHealthy" name="test_env_malformed_did_not_break_firebase" time="0.078" /><testcase classname="test_iter150_boot_cleanup_gated.TestNoDestructiveBoot" name="test_no_bot_dedupe_line_in_last_boot" time="0.003" /><testcase classname="test_iter150_boot_cleanup_gated.TestNoDestructiveBoot" name="test_no_testing_agent_cleanup_in_last_boot" time="0.002" /><testcase classname="test_iter150_boot_cleanup_gated.TestNoDestructiveBoot" name="test_no_feud_retention_delete_in_last_boot" time="0.002" /><testcase classname="test_iter150_boot_cleanup_gated.TestDataPreserved" name="test_bot_count_still_100" time="0.069" /><testcase classname="test_iter150_boot_cleanup_gated.TestDataPreserved" name="test_feuds_count_reasonable" time="0.105" /><testcase classname="test_iter150_boot_cleanup_gated.TestAuthRegression" name="test_anonymous_signup" time="0.089" /><testcase classname="test_iter150_boot_cleanup_gated.TestAuthRegression" name="test_auth_me" time="0.067" /><testcase classname="test_iter150_boot_cleanup_gated.TestAuthRegression" name="test_email_signup" time="0.431" /><testcase classname="test_iter150_boot_cleanup_gated.TestAuthRegression" name="test_login_bad_credentials_no_crash" time="0.068" /><testcase classname="test_iter150_boot_cleanup_gated.TestNotifications" name="test_notifications_hot_news" time="0.072" /><testcase classname="test_iter150_boot_cleanup_gated.TestNotifications" name="test_notifications_list" time="0.064" /><testcase classname="test_iter150_boot_cleanup_gated.TestStoriesFeed" name="test_stories_feed_anon" time="0.077" /><testcase classname="test_iter150_boot_cleanup_gated.TestGoogleSessionEnvBase" name="test_google_session_invalid_returns_401" time="0.119" /><testcase classname="test_iter148_feed_dedupe.TestFeedDedupe" name="test_feed_all_no_consecutive_duplicates" time="0.350" /><testcase classname="test_iter148_feed_dedupe.TestFeedDedupe" name="test_feed_per_category_no_duplicates[cronaca]" time="0.080" /><testcase classname="test_iter148_feed_dedupe.TestFeedDedupe" name="test_feed_per_category_no_duplicates[tech]" time="0.077" /><testcase classname="test_iter148_feed_dedupe.TestFeedDedupe" name="test_feed_per_category_no_duplicates[gossip]" time="0.081" /><testcase classname="test_iter148_feed_dedupe.TestFeedDedupe" name="test_feed_per_category_no_duplicates[politica]" time="0.078" /><testcase classname="test_iter148_feed_dedupe.TestFeedDedupe" name="test_feed_per_category_no_duplicates[sport]" time="0.078" /><testcase classname="test_iter148_feed_dedupe.TestFeedDedupe" name="test_feed_payload_shape_regression" time="0.120" /><testcase classname="test_iter148_feed_dedupe.TestArchiveNotDeduped" name="test_archive_returns_all" time="0.126" /><testcase classname="test_iter148_feed_dedupe.TestFeudDetailStillWorks" name="test_random_feud_detail" time="0.190" /><testcase classname="test_iter148_feed_dedupe.TestAuthRegression" name="test_anonymous_signup" time="0.071" /><testcase classname="test_iter148_feed_dedupe.TestAuthRegression" name="test_signup_login_email" time="0.465" /><testcase classname="test_iter148_feed_dedupe.TestAuthRegression" name="test_login_bad_credentials" time="0.079" /><testcase classname="test_iter148_feed_dedupe.TestAuthRegression" name="test_auth_me_with_anon" time="0.077" /><testcase classname="test_iter148_feed_dedupe.TestStoriesFeed" name="test_stories_feed_anon_ok" time="0.087" /><testcase classname="test_iter148_feed_dedupe.TestAdminModerationEndpointsGated" name="test_admin_hidden_feuds_requires_key" time="0.075" /><testcase classname="test_iter148_feed_dedupe.TestAdminModerationEndpointsGated" name="test_admin_hidden_feuds_with_valid_key" time="0.067" /><testcase classname="test_iter148_feed_dedupe.TestHistoricalDuplicates" name="test_historical_duplicates_appear_at_most_once[patterns0]" time="0.114" /><testcase classname="test_iter148_feed_dedupe.TestHistoricalDuplicates" name="test_historical_duplicates_appear_at_most_once[patterns1]" time="0.110" /><testcase classname="test_iter148_feed_dedupe.TestHistoricalDuplicates" name="test_historical_duplicates_appear_at_most_once[patterns2]" time="0.114" /><testcase classname="test_admin_comment_moderation.TestAdminCanDeleteAnyComment" name="test_admin_deletes_other_user_comment" time="2.703" /><testcase classname="test_admin_comment_moderation.TestAdminCanDeleteAnyComment" name="test_admin_deletes_other_user_reply" time="3.492" /><testcase classname="test_admin_comment_moderation.TestAdminCanDeleteAnyComment" name="test_admin_cascade_deletes_replies" time="5.884" /><testcase classname="test_admin_comment_moderation.TestAuthorSelfDeleteRegression" name="test_author_deletes_own_comment_moderated_false" time="1.658" /><testcase classname="test_admin_comment_moderation.TestAuthorSelfDeleteRegression" name="test_author_deletes_own_reply_moderated_false" time="3.362" /><testcase classname="test_admin_comment_moderation.TestAuthorSelfDeleteRegression" name="test_admin_deletes_own_comment_moderated_false" time="1.979" /><testcase classname="test_admin_comment_moderation.TestRegularUserCannotDeleteOthers" name="test_regular_user_cannot_delete_others_comment" time="2.054" /><testcase classname="test_admin_comment_moderation.TestRegularUserCannotDeleteOthers" name="test_regular_user_cannot_delete_others_reply" time="3.335" /><testcase classname="test_admin_comment_moderation.TestErrorCases" name="test_delete_nonexistent_comment_returns_404" time="0.148" /><testcase classname="test_admin_comment_moderation.TestErrorCases" name="test_delete_nonexistent_reply_returns_404" time="0.114" /><testcase classname="test_admin_comment_moderation.TestErrorCases" name="test_delete_comment_unauthenticated_returns_401" time="2.001" /><testcase classname="test_admin_comment_moderation.TestErrorCases" name="test_delete_reply_unauthenticated_returns_401" time="3.556" /></testsuite></testsuites>