<?xml version="1.0" encoding="utf-8"?><testsuites name="pytest tests"><testsuite name="pytest" errors="0" failures="2" skipped="0" tests="6" time="91.673" timestamp="2026-08-18T07:43:28.485672+00:00" hostname="agent-env-b8665292-f713-4bed-9f4b-4b10153b833f"><testcase classname="backend.tests.test_iter132_bot_reply_and_deeplink" name="test_feud_exists" time="0.247" /><testcase classname="backend.tests.test_iter132_bot_reply_and_deeplink" name="test_deeplink_target_comment_exists" time="0.002" /><testcase classname="backend.tests.test_iter132_bot_reply_and_deeplink.TestBotReply" name="test_a_create_human_comment" time="0.764" /><testcase classname="backend.tests.test_iter132_bot_reply_and_deeplink.TestBotReply" name="test_b_enable_bots_and_burst" time="0.182" /><testcase classname="backend.tests.test_iter132_bot_reply_and_deeplink.TestBotReply" name="test_c_wait_and_verify_bot_reply" time="90.017"><failure message="AssertionError: No bot reply on comment cmt_98b54b9214b2 after 90s&#10;assert []">backend/tests/test_iter132_bot_reply_and_deeplink.py:105: in test_c_wait_and_verify_bot_reply
    assert replies, f"No bot reply on comment {cid} after 90s"
E   AssertionError: No bot reply on comment cmt_98b54b9214b2 after 90s
E   assert []</failure></testcase><testcase classname="backend.tests.test_iter132_bot_reply_and_deeplink.TestBotReply" name="test_d_notification_delivered" time="0.243"><failure message="AssertionError: no bot_uid captured&#10;assert None">backend/tests/test_iter132_bot_reply_and_deeplink.py:126: in test_d_notification_delivered
    assert bot_uid, "no bot_uid captured"
E   AssertionError: no bot_uid captured
E   assert None</failure></testcase></testsuite></testsuites>