<?xml version="1.0" encoding="utf-8"?><testsuites name="pytest tests"><testsuite name="pytest" errors="0" failures="0" skipped="0" tests="4" time="5.674" timestamp="2026-08-17T23:36:14.823683+00:00" hostname="agent-env-7076ab42-b724-446b-ae9e-6fb97fd9d601"><testcase classname="backend.tests.test_iter120_strict_block.TestOwnCommentTaggingBlockedIsHidden" name="test_own_comment_hidden_when_block_and_reappears_on_unblock" time="1.967" /><testcase classname="backend.tests.test_iter120_strict_block.TestOwnReplyTaggingBlockedIsHidden" name="test_own_reply_hidden_when_block_and_reappears_on_unblock" time="1.501" /><testcase classname="backend.tests.test_iter120_strict_block.TestCannotReplyToBlockedParent" name="test_reply_to_blocked_parent_returns_403" time="0.884" /><testcase classname="backend.tests.test_iter120_strict_block.TestCannotTagBlockedInNewPost" name="test_post_tagging_blocked_returns_400" time="1.256" /></testsuite></testsuites>