<?xml version="1.0" encoding="utf-8"?><testsuites name="pytest tests"><testsuite name="pytest" errors="0" failures="0" skipped="0" tests="10" time="2.404" timestamp="2026-08-19T20:27:05.445107+00:00" hostname="agent-env-1333d43d-20d8-4aec-b72f-dc4ea9c47e7d"><testcase classname="test_iter147_stories_fanout.TestTask1BotStoriesCleanup" name="test_no_bot_has_more_than_one_active_story" time="0.007" /><testcase classname="test_iter147_stories_fanout.TestTask1BotStoriesCleanup" name="test_no_duplicate_bot_feud_active_pair" time="0.002" /><testcase classname="test_iter147_stories_fanout.TestTask1BotStoriesCleanup" name="test_active_bot_stories_within_bot_count" time="0.001" /><testcase classname="test_iter147_stories_fanout.TestTask1BotCreateStoryGuardrails" name="test_anti_duplicate_same_bot_same_feud" time="0.004" /><testcase classname="test_iter147_stories_fanout.TestTask3FanoutHotNews" name="test_fanout_creates_notification_for_admin" time="0.893" /><testcase classname="test_iter147_stories_fanout.TestTask3FanoutHotNews" name="test_fanout_excludes_bots_and_anonymous" time="0.528" /><testcase classname="test_iter147_stories_fanout.TestGeneralRegression" name="test_feuds_endpoint_ok" time="0.365" /><testcase classname="test_iter147_stories_fanout.TestGeneralRegression" name="test_stories_feed_public_shape" time="0.147" /><testcase classname="test_iter147_stories_fanout.TestGeneralRegression" name="test_login_page_web_serves" time="0.147" /><testcase classname="test_iter147_stories_fanout.TestGeneralRegression" name="test_admin_bots_state" time="0.135" /></testsuite></testsuites>