<?xml version="1.0" encoding="utf-8"?><testsuites name="pytest tests"><testsuite name="pytest" errors="0" failures="0" skipped="0" tests="22" time="9.974" timestamp="2026-08-18T00:56:38.800211+00:00" hostname="agent-env-7076ab42-b724-446b-ae9e-6fb97fd9d601"><testcase classname="tests.test_iter123_admin_feud_controls.TestAuthSanity" name="test_admin_token_resolves_to_founder_email" time="0.202" /><testcase classname="tests.test_iter123_admin_feud_controls.TestAuthSanity" name="test_user_a_is_not_admin" time="0.499" /><testcase classname="tests.test_iter123_admin_feud_controls.TestAdminEditFeud" name="test_edit_requires_auth" time="0.349" /><testcase classname="tests.test_iter123_admin_feud_controls.TestAdminEditFeud" name="test_edit_forbidden_for_non_admin" time="0.138" /><testcase classname="tests.test_iter123_admin_feud_controls.TestAdminEditFeud" name="test_edit_forbidden_for_anon" time="0.279" /><testcase classname="tests.test_iter123_admin_feud_controls.TestAdminEditFeud" name="test_edit_404_when_not_found" time="0.135" /><testcase classname="tests.test_iter123_admin_feud_controls.TestAdminEditFeud" name="test_edit_empty_title_rejected" time="0.126" /><testcase classname="tests.test_iter123_admin_feud_controls.TestAdminEditFeud" name="test_edit_empty_question_rejected" time="0.131" /><testcase classname="tests.test_iter123_admin_feud_controls.TestAdminEditFeud" name="test_edit_invalid_category_rejected" time="0.135" /><testcase classname="tests.test_iter123_admin_feud_controls.TestAdminEditFeud" name="test_edit_empty_payload_rejected" time="0.150" /><testcase classname="tests.test_iter123_admin_feud_controls.TestAdminEditFeud" name="test_edit_title_question_category_persists" time="0.609" /><testcase classname="tests.test_iter123_admin_feud_controls.TestAdminHideRestore" name="test_hide_forbidden_for_non_admin" time="0.341" /><testcase classname="tests.test_iter123_admin_feud_controls.TestAdminHideRestore" name="test_hide_requires_auth" time="0.127" /><testcase classname="tests.test_iter123_admin_feud_controls.TestAdminHideRestore" name="test_hide_404_when_not_found" time="0.124" /><testcase classname="tests.test_iter123_admin_feud_controls.TestAdminHideRestore" name="test_hide_then_visibility_matrix" time="2.822" /><testcase classname="tests.test_iter123_admin_feud_controls.TestAdminHideRestore" name="test_restore_404_when_not_found" time="0.274" /><testcase classname="tests.test_iter123_admin_feud_controls.TestCommentMentionDeeplinkRegression" name="test_comment_creation_still_ok_and_notifies_mention" time="2.702" /><testcase classname="tests.test_iter123_admin_feud_controls.TestFeedRegression" name="test_public_feed_endpoints_ok[/feuds?limit=5]" time="0.194" /><testcase classname="tests.test_iter123_admin_feud_controls.TestFeedRegression" name="test_public_feed_endpoints_ok[/feuds/hype?limit=5]" time="0.145" /><testcase classname="tests.test_iter123_admin_feud_controls.TestFeedRegression" name="test_public_feed_endpoints_ok[/feuds/archive/dates]" time="0.152" /><testcase classname="tests.test_iter123_admin_feud_controls.TestFeedRegression" name="test_public_feed_endpoints_ok[/search?q=politica]" time="0.143" /><testcase classname="tests.test_iter123_admin_feud_controls.TestFeedRegression" name="test_public_feed_endpoints_ok[/categories]" time="0.115" /></testsuite></testsuites>