<?xml version="1.0" encoding="utf-8"?><testsuites name="pytest tests"><testsuite name="pytest" errors="0" failures="1" skipped="2" tests="16" time="1.805" timestamp="2026-08-19T19:40:47.560146+00:00" hostname="agent-env-1333d43d-20d8-4aec-b72f-dc4ea9c47e7d"><testcase classname="test_iter144_three_bugs.TestPublicEndpointsRegression" name="test_categories" time="0.180" /><testcase classname="test_iter144_three_bugs.TestPublicEndpointsRegression" name="test_professions" time="0.046" /><testcase classname="test_iter144_three_bugs.TestPublicEndpointsRegression" name="test_legal" time="0.103" /><testcase classname="test_iter144_three_bugs.TestPublicEndpointsRegression" name="test_signup_login_anonymous_all_reachable" time="0.103" /><testcase classname="test_iter144_three_bugs.TestFeudsCategoryContract" name="test_all" time="0.104" /><testcase classname="test_iter144_three_bugs.TestFeudsCategoryContract" name="test_hype" time="0.063" /><testcase classname="test_iter144_three_bugs.TestFeudsCategoryContract" name="test_specific_categories" time="0.343" /><testcase classname="test_iter144_three_bugs.TestStoriesFeedBotBucket" name="test_admin_feed_contains_bot_authors" time="0.062"><failure message="AssertionError: After fix, admin should see bot authors in stories feed. Feed authors: set(). Bot IDs in DB: ['bot_020', 'bot_005', 'bot_055', 'bot_047', 'bot_035']...&#10;assert set()">backend/tests/test_iter144_three_bugs.py:199: in test_admin_feed_contains_bot_authors
    assert bots_in_feed, (
E   AssertionError: After fix, admin should see bot authors in stories feed. Feed authors: set(). Bot IDs in DB: ['bot_020', 'bot_005', 'bot_055', 'bot_047', 'bot_035']...
E   assert set()</failure></testcase><testcase classname="test_iter144_three_bugs.TestStoriesFeedBotBucket" name="test_bot_bucket_capped_at_8" time="0.053"><skipped type="pytest.skip" message="Empty feed">/app/backend/tests/test_iter144_three_bugs.py:211: Empty feed</skipped></testcase><testcase classname="test_iter144_three_bugs.TestStoriesFeedBotBucket" name="test_feed_excludes_caller_and_has_nickname" time="0.049" /><testcase classname="test_iter144_three_bugs.TestStoriesFeedBotBucket" name="test_deterministic_same_session" time="0.117" /><testcase classname="test_iter144_three_bugs.TestStoriesFeedBotBucket" name="test_no_duplicates_between_circle_and_bot_bucket" time="0.053" /><testcase classname="test_iter144_three_bugs.TestHotNewsFanoutFix" name="test_admin_is_not_filtered_out_by_dev_account_flag" time="0.001" /><testcase classname="test_iter144_three_bugs.TestHotNewsFanoutFix" name="test_bots_still_excluded_by_query" time="0.001" /><testcase classname="test_iter144_three_bugs.TestHotNewsFanoutFix" name="test_end_to_end_fanout_creates_notification" time="0.142" /><testcase classname="test_iter144_three_bugs.TestAdminCommentModerationRegression" name="test_admin_can_delete_arbitrary_comment" time="0.178"><skipped type="pytest.skip" message="Anonymous cannot comment (400), skipping delete regression">/app/backend/tests/test_iter144_three_bugs.py:392: Anonymous cannot comment (400), skipping delete regression</skipped></testcase></testsuite></testsuites>