<?xml version="1.0" encoding="utf-8"?><testsuites name="pytest tests"><testsuite name="pytest" errors="0" failures="0" skipped="0" tests="14" time="2.906" timestamp="2026-07-22T19:49:30.390481+00:00" hostname="agent-env-411a2cc7-a26b-46f8-9d05-62845cf42428"><testcase classname="backend.tests.test_firebase_session_iter73.TestFirebaseSession" name="test_invalid_token_returns_401" time="0.474" /><testcase classname="backend.tests.test_firebase_session_iter73.TestFirebaseSession" name="test_invalid_jwt_segments_returns_401" time="0.077" /><testcase classname="backend.tests.test_firebase_session_iter73.TestFirebaseSession" name="test_missing_id_token_returns_422" time="0.083" /><testcase classname="backend.tests.test_firebase_session_iter73.TestFirebaseSession" name="test_empty_body_returns_422" time="0.071" /><testcase classname="backend.tests.test_firebase_session_iter73.TestFirebaseSession" name="test_endpoint_not_503" time="0.069" /><testcase classname="backend.tests.test_firebase_session_iter73.TestAuthRegression" name="test_login_existing_verified_user" time="0.298" /><testcase classname="backend.tests.test_firebase_session_iter73.TestAuthRegression" name="test_login_wrong_password" time="0.295" /><testcase classname="backend.tests.test_firebase_session_iter73.TestAuthRegression" name="test_signup_creates_user_returns_verification" time="0.636" /><testcase classname="backend.tests.test_firebase_session_iter73.TestAuthRegression" name="test_google_session_missing_session_id" time="0.169" /><testcase classname="backend.tests.test_firebase_session_iter73.TestAuthRegression" name="test_google_session_missing_body" time="0.070" /><testcase classname="backend.tests.test_firebase_session_iter73.TestAuthRegression" name="test_anonymous_creates_user" time="0.082" /><testcase classname="backend.tests.test_firebase_session_iter73.TestAuthRegression" name="test_auth_me_with_login_token" time="0.370" /><testcase classname="backend.tests.test_firebase_session_iter73.TestAppHealth" name="test_root_or_docs_reachable" time="0.080" /><testcase classname="backend.tests.test_firebase_session_iter73.TestAppHealth" name="test_public_route_reachable" time="0.066" /></testsuite></testsuites>