<?xml version="1.0" encoding="utf-8"?><testsuites name="pytest tests"><testsuite name="pytest" errors="0" failures="0" skipped="0" tests="18" time="1.336" timestamp="2026-08-20T09:51:50.681422+00:00" hostname="agent-env-1333d43d-20d8-4aec-b72f-dc4ea9c47e7d"><testcase classname="test_iter160_unseen_only_autoadvance.TestStoriesEndpoints" name="test_stories_feed_ok" time="0.575" /><testcase classname="test_iter160_unseen_only_autoadvance.TestStoriesEndpoints" name="test_stories_by_user_current_user" time="0.280" /><testcase classname="test_iter160_unseen_only_autoadvance.TestStoriesEndpoints" name="test_stories_view_invalid_id_returns_4xx" time="0.222" /><testcase classname="test_iter160_unseen_only_autoadvance.TestStoriesEndpoints" name="test_anonymous_auth_repeatable" time="0.201" /><testcase classname="test_iter160_unseen_only_autoadvance.TestJumpToUserUnseenOnly" name="test_jump_to_user_uses_while_loop_over_cursor" time="0.001" /><testcase classname="test_iter160_unseen_only_autoadvance.TestJumpToUserUnseenOnly" name="test_jump_next_skips_all_viewed_users" time="0.000" /><testcase classname="test_iter160_unseen_only_autoadvance.TestJumpToUserUnseenOnly" name="test_target_idx_startFromLast_vs_firstUnseen" time="0.000" /><testcase classname="test_iter160_unseen_only_autoadvance.TestJumpToUserUnseenOnly" name="test_prev_direction_does_not_skip" time="0.000" /><testcase classname="test_iter160_unseen_only_autoadvance.TestJumpToUserUnseenOnly" name="test_loop_exhaustion_closes_viewer" time="0.000" /><testcase classname="test_iter160_unseen_only_autoadvance.TestJumpToUserUnseenOnly" name="test_atomic_swap_on_candidate" time="0.000" /><testcase classname="test_iter160_unseen_only_autoadvance.TestTimerNextUnseenInSameUser" name="test_for_loop_searches_next_unseen" time="0.000" /><testcase classname="test_iter160_unseen_only_autoadvance.TestTimerNextUnseenInSameUser" name="test_no_unseen_triggers_jump_to_next_user" time="0.000" /><testcase classname="test_iter160_unseen_only_autoadvance.TestTimerNextUnseenInSameUser" name="test_advance_lock_and_setIdx_on_next_unseen" time="0.000" /><testcase classname="test_iter160_unseen_only_autoadvance.TestManualNavigationBypassesUnseenFilter" name="test_go_next_mid_chain_uses_setIdx" time="0.000" /><testcase classname="test_iter160_unseen_only_autoadvance.TestManualNavigationBypassesUnseenFilter" name="test_go_prev_mid_chain_uses_setIdx" time="0.000" /><testcase classname="test_iter160_unseen_only_autoadvance.TestIter155to159RegressionIntact" name="test_wall_clock_guard_still_present" time="0.000" /><testcase classname="test_iter160_unseen_only_autoadvance.TestIter155to159RegressionIntact" name="test_story_start_ts_reset_on_idx_and_currentUserId" time="0.000" /><testcase classname="test_iter160_unseen_only_autoadvance.TestIter155to159RegressionIntact" name="test_other_protections" time="0.001" /></testsuite></testsuites>