<?xml version="1.0" encoding="utf-8"?><testsuites name="pytest tests"><testsuite name="pytest" errors="0" failures="0" skipped="0" tests="19" time="17.317" timestamp="2026-08-17T22:47:00.987623+00:00" hostname="agent-env-7076ab42-b724-446b-ae9e-6fb97fd9d601"><testcase classname="backend.tests.test_iter117_bugfixes.TestMentionsSuggest" name="test_empty_q_returns_proximity_list" time="1.717" /><testcase classname="backend.tests.test_iter117_bugfixes.TestMentionsSuggest" name="test_q_filters_by_substring_case_insensitive" time="0.074" /><testcase classname="backend.tests.test_iter117_bugfixes.TestMentionsSuggest" name="test_q_matches_display_name_only" time="0.076" /><testcase classname="backend.tests.test_iter117_bugfixes.TestMentionsSuggest" name="test_blocked_user_never_appears" time="0.428" /><testcase classname="backend.tests.test_iter117_bugfixes.TestMentionsSuggest" name="test_anonymous_viewer_returns_empty" time="0.180" /><testcase classname="backend.tests.test_iter117_bugfixes.TestMentionsSuggest" name="test_no_match_returns_empty_no_error" time="0.076" /><testcase classname="backend.tests.test_iter117_bugfixes.TestMentionsSuggest" name="test_feud_context_boost" time="1.660" /><testcase classname="backend.tests.test_iter117_bugfixes.TestMentionsSuggest" name="test_response_shape" time="0.091" /><testcase classname="backend.tests.test_iter117_bugfixes.TestBlockFilterOnTaggedComments" name="test_third_party_comment_tagging_blocked_user_hidden" time="1.529" /><testcase classname="backend.tests.test_iter117_bugfixes.TestBlockFilterOnTaggedComments" name="test_symmetric_comment_tagging_hidden_for_target" time="1.349" /><testcase classname="backend.tests.test_iter117_bugfixes.TestBlockFilterOnTaggedComments" name="test_reply_tagging_blocked_user_hidden" time="3.231" /><testcase classname="backend.tests.test_iter117_bugfixes.TestBlockFilterOnTaggedComments" name="test_reply_count_matches_visible_after_tag_filter" time="4.326" /><testcase classname="backend.tests.test_iter117_bugfixes.TestHistoryCountsOnPublicProfile" name="test_history_counts_present_and_typed" time="0.227" /><testcase classname="backend.tests.test_iter117_bugfixes.TestHistoryCountsOnPublicProfile" name="test_history_counts_invariant" time="0.067" /><testcase classname="backend.tests.test_iter117_bugfixes.TestHistoryCountsOnPublicProfile" name="test_history_counts_le_total_votes" time="0.072" /><testcase classname="backend.tests.test_iter117_bugfixes.TestHistoryCountsOnPublicProfile" name="test_history_counts_matches_actual_history_length" time="0.176" /><testcase classname="backend.tests.test_iter117_bugfixes.TestHistoryCountsOnPublicProfile" name="test_self_public_profile_has_history_counts" time="0.111" /><testcase classname="backend.tests.test_iter117_bugfixes.TestHistoryCountsOnPublicProfile" name="test_blocked_pair_returns_403_no_leak" time="0.295" /><testcase classname="backend.tests.test_iter117_bugfixes.TestRegressionIter116" name="test_authored_by_blocked_still_hidden" time="1.431" /></testsuite></testsuites>