<?xml version="1.0" encoding="utf-8"?><testsuites name="pytest tests"><testsuite name="pytest" errors="0" failures="0" skipped="0" tests="25" time="2.113" timestamp="2026-08-20T07:47:44.156773+00:00" hostname="agent-env-1333d43d-20d8-4aec-b72f-dc4ea9c47e7d"><testcase classname="test_iter146_bot_story_dedup.TestBotStoryAntiDuplicate" name="test_second_call_same_feud_is_skipped" time="0.019" /><testcase classname="test_iter146_bot_story_dedup.TestBotStoryAntiDuplicate" name="test_story_doc_shape_intact" time="0.005" /><testcase classname="test_iter146_bot_story_dedup.TestBotStoryDailyQuota" name="test_second_feud_within_24h_is_skipped" time="0.006" /><testcase classname="test_iter146_bot_story_dedup.TestBotStoryDailyQuota" name="test_after_24h_new_story_allowed" time="0.005" /><testcase classname="test_iter146_bot_story_dedup.TestStoriesFeedRegression" name="test_admin_feed_ok" time="0.218" /><testcase classname="test_iter146_bot_story_dedup.TestStoriesFeedRegression" name="test_feuds_endpoint_ok" time="0.155" /><testcase classname="test_iter146_bot_story_dedup.TestAuthRegression" name="test_signup_and_anonymous" time="0.540" /><testcase classname="test_iter153_story_caption_context.TestPromptContainsFeudContext" name="test_signature_accepts_persona_and_feud" time="0.001" /><testcase classname="test_iter153_story_caption_context.TestPromptContainsFeudContext" name="test_user_prompt_contains_title_and_parties" time="0.002" /><testcase classname="test_iter153_story_caption_context.TestPromptContainsFeudContext" name="test_system_prompt_reinforces_no_intro" time="0.001" /><testcase classname="test_iter153_story_caption_context.TestRefusalFilter" name="test_refusal_returns_none[Non posso commentare senza il post di riferimento.]" time="0.001" /><testcase classname="test_iter153_story_caption_context.TestRefusalFilter" name="test_refusal_returns_none[Mi servirebbe il post di riferimento per rispondere]" time="0.001" /><testcase classname="test_iter153_story_caption_context.TestRefusalFilter" name="test_refusal_returns_none[Non ho abbastanza contesto per commentare]" time="0.001" /><testcase classname="test_iter153_story_caption_context.TestRefusalFilter" name="test_refusal_returns_none[Puoi darmi il post di cui parlo?]" time="0.001" /><testcase classname="test_iter153_story_caption_context.TestRefusalFilter" name="test_refusal_returns_none[Non riesco a scrivere una story senza sapere il riferimento a un post]" time="0.001" /><testcase classname="test_iter153_story_caption_context.TestRefusalFilter" name="test_valid_caption_passes_through" time="0.001" /><testcase classname="test_iter153_story_caption_context.TestRefusalFilter" name="test_empty_response_returns_none" time="0.001" /><testcase classname="test_iter153_story_caption_context.TestBotCreateStoryIntegration" name="test_refusal_produces_empty_comment" time="0.008" /><testcase classname="test_iter153_story_caption_context.TestBotCreateStoryIntegration" name="test_valid_caption_persisted" time="0.006" /><testcase classname="test_iter153_story_caption_context.TestBotStoryQuotaRegression" name="test_anti_dup_same_feud" time="0.007" /><testcase classname="test_iter153_story_caption_context.TestBotStoryQuotaRegression" name="test_quota_one_per_24h" time="0.006" /><testcase classname="test_iter153_story_caption_context.TestGenerateCommentUntouched" name="test_comment_signature_still_three_args" time="0.001" /><testcase classname="test_iter153_story_caption_context.TestHttpRegression" name="test_stories_feed_reachable" time="0.225" /><testcase classname="test_iter153_story_caption_context.TestHttpRegression" name="test_feuds_endpoint_ok" time="0.186" /><testcase classname="test_iter153_story_caption_context.TestHttpRegression" name="test_signup_and_anonymous" time="0.516" /></testsuite></testsuites>