<?xml version="1.0" encoding="utf-8"?><testsuites name="pytest tests"><testsuite name="pytest" errors="0" failures="0" skipped="1" tests="13" time="19.227" timestamp="2026-08-17T19:26:58.348911+00:00" hostname="agent-env-09846cb5-5bb1-455b-be07-ad64d451f9b8"><testcase classname="backend.tests.test_mentions_and_blocks.TestMentions" name="test_mention_resolves_fresh_user" time="3.754" /><testcase classname="backend.tests.test_mentions_and_blocks.TestMentions" name="test_mention_notification_delivered" time="3.107" /><testcase classname="backend.tests.test_mentions_and_blocks.TestMentions" name="test_self_mention_dropped" time="0.755" /><testcase classname="backend.tests.test_mentions_and_blocks.TestMentions" name="test_anonymous_cannot_be_mentioned" time="1.136" /><testcase classname="backend.tests.test_mentions_and_blocks.TestMentions" name="test_mention_case_sensitivity_bug" time="0.871"><skipped type="pytest.xfail" message="KNOWN BUG: _resolve_mentions Mongo query is case-sensitive but seed user chatUserB has mixed-case nickname → mention silently dropped. Fix: signup-normalize existing seeds OR make Mongo query case-insensitive." /></testcase><testcase classname="backend.tests.test_mentions_and_blocks.TestBlocks" name="test_setup_friendship_then_block_cascades" time="0.621" /><testcase classname="backend.tests.test_mentions_and_blocks.TestBlocks" name="test_profile_403" time="0.146" /><testcase classname="backend.tests.test_mentions_and_blocks.TestBlocks" name="test_history_403" time="0.141" /><testcase classname="backend.tests.test_mentions_and_blocks.TestBlocks" name="test_reply_blocked_both_directions" time="2.033" /><testcase classname="backend.tests.test_mentions_and_blocks.TestBlocks" name="test_comments_hidden_in_thread" time="0.224" /><testcase classname="backend.tests.test_mentions_and_blocks.TestBlocks" name="test_block_mention_dropped" time="2.428" /><testcase classname="backend.tests.test_mentions_and_blocks.TestBlocks" name="test_replies_hidden_in_thread" time="3.568" /><testcase classname="backend.tests.test_mentions_and_blocks.TestBlocks" name="test_unblock_restores_profile" time="0.329" /></testsuite></testsuites>