<?xml version="1.0" encoding="utf-8"?><testsuites name="pytest tests"><testsuite name="pytest" errors="0" failures="0" skipped="0" tests="20" time="9.764" timestamp="2026-07-27T21:43:11.797379+00:00" hostname="agent-env-33ff820b-07dc-40ac-9b4d-956a1818b10f"><testcase classname="backend.tests.test_iter78_analytics.TestDevAccounts" name="test_startup_dev_accounts_flagged" time="0.341" /><testcase classname="backend.tests.test_iter78_analytics.TestDevAccounts" name="test_admin_gate_required" time="0.046" /><testcase classname="backend.tests.test_iter78_analytics.TestDevAccounts" name="test_toggle_dev_account" time="0.563" /><testcase classname="backend.tests.test_iter78_analytics.TestDevAccounts" name="test_toggle_requires_user_id" time="0.049" /><testcase classname="backend.tests.test_iter78_analytics.TestDevAccounts" name="test_toggle_unknown_user_returns_404" time="0.048" /><testcase classname="backend.tests.test_iter78_analytics.TestOverviewAndKPIs" name="test_overview_structure" time="0.103" /><testcase classname="backend.tests.test_iter78_analytics.TestOverviewAndKPIs" name="test_active_users_series" time="0.047" /><testcase classname="backend.tests.test_iter78_analytics.TestOverviewAndKPIs" name="test_active_users_clamping" time="0.116" /><testcase classname="backend.tests.test_iter78_analytics.TestOverviewAndKPIs" name="test_retention" time="0.053" /><testcase classname="backend.tests.test_iter78_analytics.TestOverviewAndKPIs" name="test_deep_action_rate" time="0.053" /><testcase classname="backend.tests.test_iter78_analytics.TestOverviewAndKPIs" name="test_top_feuds_24h" time="0.237" /><testcase classname="backend.tests.test_iter78_analytics.TestOverviewAndKPIs" name="test_categories" time="0.098" /><testcase classname="backend.tests.test_iter78_analytics.TestOverviewAndKPIs" name="test_profiles" time="0.078" /><testcase classname="backend.tests.test_iter78_analytics.TestOverviewAndKPIs" name="test_funnel" time="0.053" /><testcase classname="backend.tests.test_iter78_analytics.TestInstrumentation" name="test_app_open_event_requires_auth_ok" time="0.098" /><testcase classname="backend.tests.test_iter78_analytics.TestInstrumentation" name="test_vote_and_comment_trigger_events" time="4.541" /><testcase classname="backend.tests.test_iter78_analytics.TestInstrumentation" name="test_dev_account_actions_excluded" time="2.744" /><testcase classname="backend.tests.test_iter78_analytics.TestRegression" name="test_login_still_works" time="0.274" /><testcase classname="backend.tests.test_iter78_analytics.TestRegression" name="test_feuds_list_still_works" time="0.075" /><testcase classname="backend.tests.test_iter78_analytics.TestRegression" name="test_signup_flags_dev_email_at_signup" time="0.051" /></testsuite></testsuites>