<?xml version="1.0" encoding="utf-8"?><testsuites name="pytest tests"><testsuite name="pytest" errors="0" failures="0" skipped="0" tests="51" time="60.566" timestamp="2026-08-17T23:22:13.918903+00:00" hostname="agent-env-7076ab42-b724-446b-ae9e-6fb97fd9d601"><testcase classname="backend.tests.test_iter119_logout_crash.TestMissingBearerContract" name="test_photos_without_auth_401_missing_bearer" time="0.004" /><testcase classname="backend.tests.test_iter119_logout_crash.TestMissingBearerContract" name="test_me_without_auth_401" time="0.042" /><testcase classname="backend.tests.test_iter119_logout_crash.TestMissingBearerContract" name="test_history_without_auth_401" time="0.042" /><testcase classname="backend.tests.test_iter119_logout_crash.TestMissingBearerContract" name="test_notifications_without_auth_401" time="0.042" /><testcase classname="backend.tests.test_iter119_logout_crash.TestPublicEndpoints" name="test_categories_no_token" time="0.042" /><testcase classname="backend.tests.test_iter119_logout_crash.TestPublicEndpoints" name="test_professions_no_token" time="0.042" /><testcase classname="backend.tests.test_iter119_logout_crash.TestPublicEndpoints" name="test_login_no_token" time="0.267" /><testcase classname="backend.tests.test_iter119_logout_crash.TestAuthedWithToken" name="test_photos_with_token_200" time="0.309" /><testcase classname="backend.tests.test_iter119_logout_crash.TestAuthedWithToken" name="test_me_with_token_200" time="0.043" /><testcase classname="backend.tests.test_iter119_logout_crash.TestHypeOptionalAuth" name="test_hype_anon_200" time="0.049" /><testcase classname="backend.tests.test_iter119_logout_crash.TestHypeOptionalAuth" name="test_hype_auth_200" time="0.051" /><testcase classname="backend.tests.test_iter115_bugfixes.TestHypeVisibleCountsFilter" name="test_no_zero_vote_or_zero_visible_comment_in_hype" time="1.028" /><testcase classname="backend.tests.test_iter115_bugfixes.TestHypeVisibleCountsFilter" name="test_fresh_feud_with_comment_but_no_vote_is_hidden" time="0.491" /><testcase classname="backend.tests.test_iter115_bugfixes.TestHypeVisibleCountsFilter" name="test_vote_flip_hides_comment_from_hype" time="2.481" /><testcase classname="backend.tests.test_iter115_bugfixes.TestBiDirectionalBlockOnComments" name="test_block_hides_other_users_comments_bidirectional" time="3.649" /><testcase classname="backend.tests.test_iter115_bugfixes.TestBiDirectionalBlockOnComments" name="test_block_hides_replies_bidirectional" time="4.547" /><testcase classname="backend.tests.test_iter115_bugfixes.TestNotificationsBlockFilter" name="test_mention_from_blocked_user_hidden" time="7.151" /><testcase classname="backend.tests.test_iter116_bugfixes.TestHypeStricterThreshold" name="test_global_invariant_no_low_engagement_feuds" time="0.982" /><testcase classname="backend.tests.test_iter116_bugfixes.TestHypeStricterThreshold" name="test_step_by_step_threshold" time="2.873" /><testcase classname="backend.tests.test_iter116_bugfixes.TestMentionScrubbingOnComments" name="test_scrub_mention_of_blocked_user_in_own_comment" time="1.438" /><testcase classname="backend.tests.test_iter116_bugfixes.TestMentionScrubbingOnReplies" name="test_scrub_mention_of_blocked_user_in_reply" time="2.960" /><testcase classname="backend.tests.test_iter116_bugfixes.TestRegressionBlockHidesAuthoredComments" name="test_comment_from_blocked_user_hidden_entirely" time="3.181" /><testcase classname="backend.tests.test_iter117_bugfixes.TestMentionsSuggest" name="test_empty_q_returns_proximity_list" time="1.475" /><testcase classname="backend.tests.test_iter117_bugfixes.TestMentionsSuggest" name="test_q_filters_by_substring_case_insensitive" time="0.059" /><testcase classname="backend.tests.test_iter117_bugfixes.TestMentionsSuggest" name="test_q_matches_display_name_only" time="0.073" /><testcase classname="backend.tests.test_iter117_bugfixes.TestMentionsSuggest" name="test_blocked_user_never_appears" time="0.355" /><testcase classname="backend.tests.test_iter117_bugfixes.TestMentionsSuggest" name="test_anonymous_viewer_returns_empty" time="0.164" /><testcase classname="backend.tests.test_iter117_bugfixes.TestMentionsSuggest" name="test_no_match_returns_empty_no_error" time="0.071" /><testcase classname="backend.tests.test_iter117_bugfixes.TestMentionsSuggest" name="test_feud_context_boost" time="1.431" /><testcase classname="backend.tests.test_iter117_bugfixes.TestMentionsSuggest" name="test_response_shape" time="0.064" /><testcase classname="backend.tests.test_iter117_bugfixes.TestBlockFilterOnTaggedComments" name="test_third_party_comment_tagging_blocked_user_hidden" time="1.385" /><testcase classname="backend.tests.test_iter117_bugfixes.TestBlockFilterOnTaggedComments" name="test_symmetric_comment_tagging_hidden_for_target" time="1.274" /><testcase classname="backend.tests.test_iter117_bugfixes.TestBlockFilterOnTaggedComments" name="test_reply_tagging_blocked_user_hidden" time="2.278" /><testcase classname="backend.tests.test_iter117_bugfixes.TestBlockFilterOnTaggedComments" name="test_reply_count_matches_visible_after_tag_filter" time="4.042" /><testcase classname="backend.tests.test_iter117_bugfixes.TestHistoryCountsOnPublicProfile" name="test_history_counts_present_and_typed" time="0.204" /><testcase classname="backend.tests.test_iter117_bugfixes.TestHistoryCountsOnPublicProfile" name="test_history_counts_invariant" time="0.066" /><testcase classname="backend.tests.test_iter117_bugfixes.TestHistoryCountsOnPublicProfile" name="test_history_counts_le_total_votes" time="0.060" /><testcase classname="backend.tests.test_iter117_bugfixes.TestHistoryCountsOnPublicProfile" name="test_history_counts_matches_actual_history_length" time="0.126" /><testcase classname="backend.tests.test_iter117_bugfixes.TestHistoryCountsOnPublicProfile" name="test_self_public_profile_has_history_counts" time="0.098" /><testcase classname="backend.tests.test_iter117_bugfixes.TestHistoryCountsOnPublicProfile" name="test_blocked_pair_returns_403_no_leak" time="0.238" /><testcase classname="backend.tests.test_iter117_bugfixes.TestRegressionIter116" name="test_authored_by_blocked_still_hidden" time="2.036" /><testcase classname="backend.tests.test_iter118_bugfixes.TestTagBlockedRejection" name="test_A_tags_B_after_A_blocks_B_returns_400" time="1.768" /><testcase classname="backend.tests.test_iter118_bugfixes.TestTagBlockedRejection" name="test_symmetric_B_tags_A_after_A_blocks_B_returns_400" time="0.796" /><testcase classname="backend.tests.test_iter118_bugfixes.TestTagBlockedRejection" name="test_unblock_then_retry_returns_200_with_mention" time="1.243" /><testcase classname="backend.tests.test_iter118_bugfixes.TestTagBlockedRejection" name="test_reply_endpoint_rejects_blocked_mention" time="3.939" /><testcase classname="backend.tests.test_iter118_bugfixes.TestTagBlockedRejection" name="test_mixed_valid_and_blocked_mentions_all_or_nothing" time="1.026" /><testcase classname="backend.tests.test_iter118_bugfixes.TestTagBlockedRejection" name="test_no_mentions_always_ok_regardless_of_block" time="0.723" /><testcase classname="backend.tests.test_iter118_bugfixes.TestTagBlockedRejection" name="test_case_insensitive_nickname_match" time="0.879" /><testcase classname="backend.tests.test_iter118_bugfixes.TestExistingMentionScrub" name="test_pre_block_mention_scrubbed_after_block" time="1.018" /><testcase classname="backend.tests.test_iter118_bugfixes.TestExistingMentionScrub" name="test_bidirectional_scrub_for_target" time="0.876" /><testcase classname="backend.tests.test_iter118_bugfixes.TestExistingMentionScrub" name="test_unblock_restores_mention" time="0.837" /></testsuite></testsuites>