<?xml version="1.0" encoding="utf-8"?><testsuites name="pytest tests"><testsuite name="pytest" errors="0" failures="0" skipped="0" tests="23" time="5.342" timestamp="2026-08-18T01:03:44.964143+00:00" hostname="agent-env-7076ab42-b724-446b-ae9e-6fb97fd9d601"><testcase classname="backend.tests.test_iter124_admin_edit_body_parties.TestAuthSanity" name="test_admin_token_resolves_to_founder_email" time="0.178" /><testcase classname="backend.tests.test_iter124_admin_edit_body_parties.TestAdminEditNewFields" name="test_edit_summary_persists" time="0.605" /><testcase classname="backend.tests.test_iter124_admin_edit_body_parties.TestAdminEditNewFields" name="test_edit_party_a_persists" time="0.249" /><testcase classname="backend.tests.test_iter124_admin_edit_body_parties.TestAdminEditNewFields" name="test_edit_party_b_persists" time="0.283" /><testcase classname="backend.tests.test_iter124_admin_edit_body_parties.TestAdminEditNewFields" name="test_edit_summary_trimmed_and_capped" time="0.273" /><testcase classname="backend.tests.test_iter124_admin_edit_body_parties.TestAdminEditNewFields" name="test_edit_party_trimmed_and_capped" time="0.352" /><testcase classname="backend.tests.test_iter124_admin_edit_body_parties.TestAdminEditNewFieldsValidation" name="test_empty_string_rejected[summary-Il testo non pu\xf2 essere vuoto]" time="0.120" /><testcase classname="backend.tests.test_iter124_admin_edit_body_parties.TestAdminEditNewFieldsValidation" name="test_empty_string_rejected[party_a-La fazione A non pu\xf2 essere vuota]" time="0.137" /><testcase classname="backend.tests.test_iter124_admin_edit_body_parties.TestAdminEditNewFieldsValidation" name="test_empty_string_rejected[party_b-La fazione B non pu\xf2 essere vuota]" time="0.160" /><testcase classname="backend.tests.test_iter124_admin_edit_body_parties.TestAdminEditNewFieldsValidation" name="test_whitespace_only_rejected[summary-Il testo non pu\xf2 essere vuoto]" time="0.153" /><testcase classname="backend.tests.test_iter124_admin_edit_body_parties.TestAdminEditNewFieldsValidation" name="test_whitespace_only_rejected[party_a-La fazione A non pu\xf2 essere vuota]" time="0.128" /><testcase classname="backend.tests.test_iter124_admin_edit_body_parties.TestAdminEditNewFieldsValidation" name="test_whitespace_only_rejected[party_b-La fazione B non pu\xf2 essere vuota]" time="0.119" /><testcase classname="backend.tests.test_iter124_admin_edit_body_parties.TestAdminEditNewFieldsValidation" name="test_non_admin_forbidden_on_new_fields[summary]" time="0.463" /><testcase classname="backend.tests.test_iter124_admin_edit_body_parties.TestAdminEditNewFieldsValidation" name="test_non_admin_forbidden_on_new_fields[party_a]" time="0.122" /><testcase classname="backend.tests.test_iter124_admin_edit_body_parties.TestAdminEditNewFieldsValidation" name="test_non_admin_forbidden_on_new_fields[party_b]" time="0.145" /><testcase classname="backend.tests.test_iter124_admin_edit_body_parties.TestAdminEditNewFieldsValidation" name="test_anon_forbidden_on_new_fields[summary]" time="0.252" /><testcase classname="backend.tests.test_iter124_admin_edit_body_parties.TestAdminEditNewFieldsValidation" name="test_anon_forbidden_on_new_fields[party_a]" time="0.133" /><testcase classname="backend.tests.test_iter124_admin_edit_body_parties.TestAdminEditNewFieldsValidation" name="test_anon_forbidden_on_new_fields[party_b]" time="0.132" /><testcase classname="backend.tests.test_iter124_admin_edit_body_parties.TestAdminEditNewFieldsValidation" name="test_unauth_rejected_on_new_fields[summary]" time="0.112" /><testcase classname="backend.tests.test_iter124_admin_edit_body_parties.TestAdminEditNewFieldsValidation" name="test_unauth_rejected_on_new_fields[party_a]" time="0.150" /><testcase classname="backend.tests.test_iter124_admin_edit_body_parties.TestAdminEditNewFieldsValidation" name="test_unauth_rejected_on_new_fields[party_b]" time="0.133" /><testcase classname="backend.tests.test_iter124_admin_edit_body_parties.TestCombinedMultiFieldPatch" name="test_title_summary_party_a_party_b_together" time="0.348" /><testcase classname="backend.tests.test_iter124_admin_edit_body_parties.TestCombinedMultiFieldPatch" name="test_partial_bad_field_rolls_back" time="0.488" /></testsuite></testsuites>