<?xml version="1.0" encoding="utf-8"?><testsuites name="pytest tests"><testsuite name="pytest" errors="0" failures="0" skipped="0" tests="5" time="1.895" timestamp="2026-07-16T17:31:56.131149+00:00" hostname="agent-env-c76ce355-66d7-4cfb-8390-da1d5e97f1cf"><testcase classname="backend.tests.test_iteration29_verify" name="test_anonymous_signup_returns_is_anonymous_true" time="0.185" /><testcase classname="backend.tests.test_iteration29_verify" name="test_anonymous_auth_me_returns_is_anonymous_true" time="0.323" /><testcase classname="backend.tests.test_iteration29_verify" name="test_anonymous_unread_count_returns_zero" time="0.209" /><testcase classname="backend.tests.test_iteration29_verify" name="test_chat_a_login_has_is_anonymous_false" time="0.332" /><testcase classname="backend.tests.test_iteration29_verify" name="test_regression_send_and_conversations_and_report" time="0.786" /></testsuite></testsuites>