<?xml version="1.0" encoding="utf-8"?><testsuites name="pytest tests"><testsuite name="pytest" errors="0" failures="0" skipped="0" tests="16" time="11.987" timestamp="2026-07-10T12:49:57.287644+00:00" hostname="agent-env-c76ce355-66d7-4cfb-8390-da1d5e97f1cf"><testcase classname="backend.tests.test_news_freshness_images" name="test_feuds_count_in_expected_range" time="0.214" /><testcase classname="backend.tests.test_news_freshness_images" name="test_every_feud_has_image_url" time="0.000" /><testcase classname="backend.tests.test_news_freshness_images" name="test_every_image_url_is_2xx" time="1.025" /><testcase classname="backend.tests.test_news_freshness_images" name="test_no_two_feuds_share_first_source_link" time="0.000" /><testcase classname="backend.tests.test_news_freshness_images" name="test_every_category_has_at_least_one_feud[politica]" time="0.048" /><testcase classname="backend.tests.test_news_freshness_images" name="test_every_category_has_at_least_one_feud[tv]" time="0.046" /><testcase classname="backend.tests.test_news_freshness_images" name="test_every_category_has_at_least_one_feud[musica]" time="0.046" /><testcase classname="backend.tests.test_news_freshness_images" name="test_every_category_has_at_least_one_feud[sport]" time="0.045" /><testcase classname="backend.tests.test_news_freshness_images" name="test_every_category_has_at_least_one_feud[cinema]" time="0.045" /><testcase classname="backend.tests.test_news_freshness_images" name="test_every_category_has_at_least_one_feud[social]" time="0.046" /><testcase classname="backend.tests.test_news_freshness_images" name="test_every_category_has_at_least_one_feud[gossip]" time="0.052" /><testcase classname="backend.tests.test_news_freshness_images" name="test_at_least_4_categories_have_fresh_ai_feud" time="0.000" /><testcase classname="backend.tests.test_news_freshness_images" name="test_admin_generate_daily_still_works" time="10.217" /><testcase classname="backend.tests.test_news_freshness_images" name="test_search_regression" time="0.048" /><testcase classname="backend.tests.test_news_freshness_images" name="test_share_json_regression" time="0.046" /><testcase classname="backend.tests.test_news_freshness_images" name="test_share_html_regression" time="0.046" /></testsuite></testsuites>