<?xml version="1.0" encoding="utf-8"?><testsuites name="pytest tests"><testsuite name="pytest" errors="0" failures="0" skipped="0" tests="4" time="21.956" timestamp="2026-07-30T21:13:48.417707+00:00" hostname="agent-env-b6ec2c1b-7c33-40b2-8235-e3cc22b1c410"><testcase classname="backend.tests.test_iter100_unread_refresh" name="test_A_vote_unlocks_buon_senso_badge_and_unread_count_increments" time="5.311" /><testcase classname="backend.tests.test_iter100_unread_refresh" name="test_B_comment_unlocks_category_badge_and_unread_count_increments" time="6.431" /><testcase classname="backend.tests.test_iter100_unread_refresh" name="test_D_no_duplicate_notifs_between_tiers" time="5.633" /><testcase classname="backend.tests.test_iter100_unread_refresh" name="test_E_bootstrap_silent_for_preexisting_users" time="4.388" /></testsuite></testsuites>