<?xml version="1.0" encoding="utf-8"?><testsuites name="pytest tests"><testsuite name="pytest" errors="0" failures="0" skipped="0" tests="6" time="0.913" timestamp="2026-07-28T15:45:09.250612+00:00" hostname="agent-env-c1d529e9-4050-451a-ae70-9c0ac299bcbc"><testcase classname="backend.tests.test_iter81_admin_demographics.TestAnonymousDbHygiene" name="test_no_anonymous_users_with_region" time="0.005" /><testcase classname="backend.tests.test_iter81_admin_demographics.TestAnonymousDbHygiene" name="test_no_anonymous_users_with_sex" time="0.001" /><testcase classname="backend.tests.test_iter81_admin_demographics.TestAnonymousDbHygiene" name="test_no_anonymous_users_with_age" time="0.001" /><testcase classname="backend.tests.test_iter81_admin_demographics.TestAdminStatsExcludesAnonymous" name="test_stats_endpoint_reachable" time="0.206" /><testcase classname="backend.tests.test_iter81_admin_demographics.TestAdminStatsExcludesAnonymous" name="test_anonymous_vote_not_in_demographics" time="0.534" /><testcase classname="backend.tests.test_iter81_admin_demographics.TestAdminStatsExcludesAnonymous" name="test_cleanup_anonymous_test_user" time="0.002" /></testsuite></testsuites>