<?xml version="1.0" encoding="utf-8"?><testsuites name="pytest tests"><testsuite name="pytest" errors="0" failures="0" skipped="0" tests="8" time="1.664" timestamp="2026-07-11T19:18:04.267668+00:00" hostname="agent-env-c76ce355-66d7-4cfb-8390-da1d5e97f1cf"><testcase classname="backend.tests.test_media_enrichment.TestBackfillMedia" name="test_backfill_requires_admin" time="0.004" /><testcase classname="backend.tests.test_media_enrichment.TestBackfillMedia" name="test_backfill_wrong_admin" time="0.042" /><testcase classname="backend.tests.test_media_enrichment.TestBackfillMedia" name="test_backfill_with_admin_success" time="0.044" /><testcase classname="backend.tests.test_media_enrichment.TestMediaObjectShape" name="test_at_least_one_youtube_media" time="0.347" /><testcase classname="backend.tests.test_media_enrichment.TestMediaObjectShape" name="test_at_least_one_real_og_image" time="0.345" /><testcase classname="backend.tests.test_media_enrichment.TestMediaObjectShape" name="test_get_feud_returns_media_field" time="0.386" /><testcase classname="backend.tests.test_media_enrichment.TestRegressions" name="test_get_nonexistent_feud_returns_410" time="0.042" /><testcase classname="backend.tests.test_media_enrichment.TestRegressions" name="test_vote_still_populates_snapshot" time="0.398" /></testsuite></testsuites>