<?xml version="1.0" encoding="utf-8"?><testsuites name="pytest tests"><testsuite name="pytest" errors="0" failures="1" skipped="0" tests="19" time="6.348" timestamp="2026-07-16T17:20:56.861341+00:00" hostname="agent-env-c76ce355-66d7-4cfb-8390-da1d5e97f1cf"><testcase classname="tests.test_messaging.TestUnreadCount" name="test_unread_count_registered" time="1.419" /><testcase classname="tests.test_messaging.TestUnreadCount" name="test_unread_count_anon_returns_zero" time="0.172" /><testcase classname="tests.test_messaging.TestConversations" name="test_list_conversations_registered" time="0.113" /><testcase classname="tests.test_messaging.TestConversations" name="test_list_conversations_anon_forbidden" time="0.111" /><testcase classname="tests.test_messaging.TestMessagesWith" name="test_messages_with_returns_structure" time="0.137" /><testcase classname="tests.test_messaging.TestMessagesWith" name="test_messages_with_self_400" time="0.146" /><testcase classname="tests.test_messaging.TestSendMessage" name="test_send_anon_sender_forbidden" time="0.139" /><testcase classname="tests.test_messaging.TestSendMessage" name="test_send_to_self_400" time="0.150" /><testcase classname="tests.test_messaging.TestSendMessage" name="test_send_empty_payload_400" time="0.143" /><testcase classname="tests.test_messaging.TestSendMessage" name="test_send_text_ok_and_persisted" time="0.268" /><testcase classname="tests.test_messaging.TestSendMessage" name="test_send_image_ok" time="0.158" /><testcase classname="tests.test_messaging.TestReadReceipts" name="test_mark_read" time="0.334" /><testcase classname="tests.test_messaging.TestReactions" name="test_toggle_reaction" time="0.355" /><testcase classname="tests.test_messaging.TestDelete" name="test_only_sender_can_delete" time="0.480"><failure message="assert ([])">tests/test_messaging.py:186: in test_only_sender_can_delete
    assert found and found[0].get('deleted') is True and found[0].get('text') is None
E   assert ([])</failure></testcase><testcase classname="tests.test_messaging.TestBlockReport" name="test_block_and_send_forbidden_then_unblock" time="0.948" /><testcase classname="tests.test_messaging.TestBlockReport" name="test_report_user" time="0.242" /><testcase classname="tests.test_messaging.TestWebSocket" name="test_ws_invalid_token_rejected" time="0.321" /><testcase classname="tests.test_messaging.TestWebSocket" name="test_ws_anonymous_rejected" time="0.230" /><testcase classname="tests.test_messaging.TestWebSocket" name="test_ws_hello_and_message_delivery" time="0.372" /></testsuite></testsuites>