<?xml version="1.0" encoding="utf-8"?><testsuites name="pytest tests"><testsuite name="pytest" errors="0" failures="0" skipped="0" tests="5" time="2.368" timestamp="2026-07-21T14:24:50.063447+00:00" hostname="agent-env-a2b33949-310e-43de-a51a-3db600b378aa"><testcase classname="backend.tests.test_messages_mark_all_read.TestMarkAllReadOrphanSweep" name="test_orphan_bumps_unread_count" time="0.615" /><testcase classname="backend.tests.test_messages_mark_all_read.TestMarkAllReadOrphanSweep" name="test_mark_all_read_clears_orphan" time="0.712" /><testcase classname="backend.tests.test_messages_mark_all_read.TestMarkAllReadAnonymous" name="test_anonymous_returns_zero" time="0.384" /><testcase classname="backend.tests.test_messages_mark_all_read.TestMarkAllReadAuthGuards" name="test_no_token_returns_401" time="0.101" /><testcase classname="backend.tests.test_messages_mark_all_read.TestMarkAllReadAuthGuards" name="test_idempotent_when_no_unread" time="0.434" /></testsuite></testsuites>