<?xml version="1.0" encoding="utf-8"?><testsuites name="pytest tests"><testsuite name="pytest" errors="0" failures="0" skipped="0" tests="8" time="2.250" timestamp="2026-07-21T13:45:44.536966+00:00" hostname="agent-env-a2b33949-310e-43de-a51a-3db600b378aa"><testcase classname="backend.tests.test_nickname_validation.TestAnonymousNickname" name="test_space_rejected" time="0.161" /><testcase classname="backend.tests.test_nickname_validation.TestAnonymousNickname" name="test_emoji_rejected" time="0.122" /><testcase classname="backend.tests.test_nickname_validation.TestAnonymousNickname" name="test_hyphen_rejected" time="0.130" /><testcase classname="backend.tests.test_nickname_validation.TestAnonymousNickname" name="test_period_underscore_ok" time="0.130" /><testcase classname="backend.tests.test_nickname_validation.TestAnonymousNickname" name="test_leading_at_stripped" time="0.126" /><testcase classname="backend.tests.test_nickname_validation.TestProfileNicknamePatch" name="test_space_rejected" time="0.609" /><testcase classname="backend.tests.test_nickname_validation.TestProfileNicknamePatch" name="test_same_nickname_ok" time="0.253" /><testcase classname="backend.tests.test_nickname_validation.TestProfileNicknamePatch" name="test_valid_nickname_updates_and_reset" time="0.660" /></testsuite></testsuites>