<?xml version="1.0" encoding="utf-8"?><testsuites name="pytest tests"><testsuite name="pytest" errors="0" failures="0" skipped="0" tests="5" time="2.377" timestamp="2026-07-18T17:41:08.036414+00:00" hostname="agent-env-a2b33949-310e-43de-a51a-3db600b378aa"><testcase classname="backend.tests.test_nickname_onboarding" name="test_patch_profile_valid_nickname_updates" time="1.080" /><testcase classname="backend.tests.test_nickname_onboarding" name="test_patch_profile_nickname_one_char_returns_422" time="0.217" /><testcase classname="backend.tests.test_nickname_onboarding" name="test_patch_profile_nickname_strips_leading_at" time="0.310" /><testcase classname="backend.tests.test_nickname_onboarding" name="test_patch_profile_without_nickname_preserves_existing" time="0.358" /><testcase classname="backend.tests.test_nickname_onboarding" name="test_patch_profile_with_nickname_rejects_anonymous" time="0.351" /></testsuite></testsuites>