<?xml version="1.0" encoding="utf-8"?><testsuites name="pytest tests"><testsuite name="pytest" errors="0" failures="0" skipped="0" tests="7" time="2.191" timestamp="2026-07-21T14:07:13.163686+00:00" hostname="agent-env-a2b33949-310e-43de-a51a-3db600b378aa"><testcase classname="tests.test_nickname_lowercase.TestAnonymousNickname" name="test_uppercase_auto_lowercased" time="0.316" /><testcase classname="tests.test_nickname_lowercase.TestAnonymousNickname" name="test_has_space_rejected" time="0.106" /><testcase classname="tests.test_nickname_lowercase.TestAnonymousNickname" name="test_too_short_one_char" time="0.129" /><testcase classname="tests.test_nickname_lowercase.TestAnonymousNickname" name="test_too_long_27_chars" time="0.180" /><testcase classname="tests.test_nickname_lowercase.TestAnonymousNickname" name="test_good_nickname_stored_as_is" time="0.192" /><testcase classname="tests.test_nickname_lowercase.TestProfileNicknameUpdate" name="test_patch_profile_uppercase_lowercased_and_reset" time="0.680" /><testcase classname="tests.test_nickname_lowercase.TestProfileNicknameUpdate" name="test_patch_profile_empty_nickname" time="0.526" /></testsuite></testsuites>