<?xml version="1.0" encoding="utf-8"?><testsuites name="pytest tests"><testsuite name="pytest" errors="0" failures="0" skipped="0" tests="6" time="1.818" timestamp="2026-07-11T16:06:50.193363+00:00" hostname="agent-env-c76ce355-66d7-4cfb-8390-da1d5e97f1cf"><testcase classname="backend.tests.test_onboarding_profile" name="test_me_fresh_anon_has_onboarding_false_and_empty_favs" time="0.484" /><testcase classname="backend.tests.test_onboarding_profile" name="test_patch_profile_valid_returns_200_and_persists" time="0.355" /><testcase classname="backend.tests.test_onboarding_profile" name="test_patch_profile_age_too_low_returns_422" time="0.276" /><testcase classname="backend.tests.test_onboarding_profile" name="test_patch_profile_invalid_category_returns_400" time="0.209" /><testcase classname="backend.tests.test_onboarding_profile" name="test_patch_profile_invalid_region_returns_400" time="0.235" /><testcase classname="backend.tests.test_onboarding_profile" name="test_patch_profile_without_token_returns_401" time="0.146" /></testsuite></testsuites>