<?xml version="1.0" encoding="utf-8"?><testsuites name="pytest tests"><testsuite name="pytest" errors="0" failures="0" skipped="0" tests="6" time="1.648" timestamp="2026-07-19T12:40:45.960816+00:00" hostname="agent-env-a2b33949-310e-43de-a51a-3db600b378aa"><testcase classname="backend.tests.test_photo_primary_reorder" name="test_startup_backfill_log_present" time="0.002" /><testcase classname="backend.tests.test_photo_primary_reorder" name="test_db_integrity_primary_at_position_zero" time="0.007" /><testcase classname="backend.tests.test_photo_primary_reorder" name="test_public_user_chat_a_primary_first" time="0.184" /><testcase classname="backend.tests.test_photo_primary_reorder" name="test_swap_primary_moves_photo_to_position_zero" time="0.924" /><testcase classname="backend.tests.test_photo_primary_reorder" name="test_set_primary_is_idempotent" time="0.090" /><testcase classname="backend.tests.test_photo_primary_reorder" name="test_chat_a_primary_idempotency" time="0.316" /></testsuite></testsuites>