<?xml version="1.0" encoding="utf-8"?><testsuites name="pytest tests"><testsuite name="pytest" errors="0" failures="0" skipped="0" tests="16" time="0.635" timestamp="2026-07-16T21:32:40.311011+00:00" hostname="agent-env-c76ce355-66d7-4cfb-8390-da1d5e97f1cf"><testcase classname="backend.tests.test_photo_original_data.TestUploadWithOriginal" name="test_upload_with_original_stores_both" time="0.257" /><testcase classname="backend.tests.test_photo_original_data.TestUploadWithOriginal" name="test_upload_accepts_data_url_prefix" time="0.009" /><testcase classname="backend.tests.test_photo_original_data.TestUploadWithoutOriginal" name="test_upload_without_original_falls_back_to_data" time="0.009" /><testcase classname="backend.tests.test_photo_original_data.TestUploadWithoutOriginal" name="test_get_original_reports_has_original_false_when_fallback" time="0.011" /><testcase classname="backend.tests.test_photo_original_data.TestListOmitsOriginal" name="test_list_response_never_contains_original_data" time="0.011" /><testcase classname="backend.tests.test_photo_original_data.TestGetOriginal" name="test_returns_original_when_present" time="0.012" /><testcase classname="backend.tests.test_photo_original_data.TestGetOriginal" name="test_unknown_photo_returns_404" time="0.003" /><testcase classname="backend.tests.test_photo_original_data.TestPatchPreservesOriginal" name="test_patch_only_updates_data_keeps_original" time="0.015" /><testcase classname="backend.tests.test_photo_original_data.TestPatchBackfillLegacy" name="test_patch_backfills_original_when_db_missing" time="0.020" /><testcase classname="backend.tests.test_photo_original_data.TestPublicUserNoLeak" name="test_public_user_photos_omit_original" time="0.008" /><testcase classname="backend.tests.test_photo_original_data.TestAnonymousRejected" name="test_anon_post_photo_403" time="0.006" /><testcase classname="backend.tests.test_photo_original_data.TestAnonymousRejected" name="test_anon_patch_photo_403" time="0.043" /><testcase classname="backend.tests.test_photo_original_data.TestAnonymousRejected" name="test_anon_get_original_403" time="0.063" /><testcase classname="backend.tests.test_photo_original_data.TestAnonymousRejected" name="test_no_auth_post_photo_rejected" time="0.002" /><testcase classname="backend.tests.test_photo_original_data.TestRegression" name="test_upload_delete_flow" time="0.008" /><testcase classname="backend.tests.test_photo_original_data.TestRegression" name="test_set_primary_flow" time="0.018" /></testsuite></testsuites>