<?xml version="1.0" encoding="utf-8"?><testsuites name="pytest tests"><testsuite name="pytest" errors="0" failures="0" skipped="0" tests="7" time="1.605" timestamp="2026-07-21T12:57:04.092807+00:00" hostname="agent-env-a2b33949-310e-43de-a51a-3db600b378aa"><testcase classname="backend.tests.test_profile_identity.TestSameNickname" name="test_save_with_own_nickname" time="0.639" /><testcase classname="backend.tests.test_profile_identity.TestNicknameConflict" name="test_conflict_exact_case" time="0.205" /><testcase classname="backend.tests.test_profile_identity.TestNicknameConflict" name="test_conflict_case_insensitive" time="0.142" /><testcase classname="backend.tests.test_profile_identity.TestDisplayName" name="test_set_display_name" time="0.142" /><testcase classname="backend.tests.test_profile_identity.TestDisplayName" name="test_clear_display_name" time="0.142" /><testcase classname="backend.tests.test_profile_identity.TestNicknameLength" name="test_nickname_too_short" time="0.176" /><testcase classname="backend.tests.test_profile_identity.TestNicknameLength" name="test_nickname_too_long" time="0.100" /></testsuite></testsuites>