<?xml version="1.0" encoding="utf-8"?><testsuites name="pytest tests"><testsuite name="pytest" errors="0" failures="0" skipped="0" tests="9" time="2.765" timestamp="2026-07-11T17:01:23.581020+00:00" hostname="agent-env-c76ce355-66d7-4cfb-8390-da1d5e97f1cf"><testcase classname="backend.tests.test_profile_customization.TestUpdateDetails" name="test_missing_auth_returns_401" time="0.318" /><testcase classname="backend.tests.test_profile_customization.TestUpdateDetails" name="test_update_bio_and_social_links_sanitizes" time="0.217" /><testcase classname="backend.tests.test_profile_customization.TestPhotos" name="test_first_upload_sets_primary" time="0.272" /><testcase classname="backend.tests.test_profile_customization.TestPhotos" name="test_upload_more_and_switch_primary" time="0.342" /><testcase classname="backend.tests.test_profile_customization.TestPhotos" name="test_eighth_upload_rejected" time="0.746" /><testcase classname="backend.tests.test_profile_customization.TestPhotos" name="test_delete_primary_reassigns" time="0.209" /><testcase classname="backend.tests.test_profile_customization.TestPhotos" name="test_delete_all_makes_primary_null" time="0.403" /><testcase classname="backend.tests.test_profile_customization.TestPublicUser" name="test_get_public_user" time="0.100" /><testcase classname="backend.tests.test_profile_customization.TestPublicUser" name="test_unknown_user_404" time="0.096" /></testsuite></testsuites>