<?xml version="1.0" encoding="utf-8"?><testsuites name="pytest tests"><testsuite name="pytest" errors="0" failures="0" skipped="0" tests="7" time="1.834" timestamp="2026-07-11T18:09:07.657955+00:00" hostname="agent-env-c76ce355-66d7-4cfb-8390-da1d5e97f1cf"><testcase classname="backend.tests.test_public_history.TestPublicHistoryNotFound" name="test_nonexistent_user_returns_404" time="0.280" /><testcase classname="backend.tests.test_public_history.TestPublicHistory" name="test_history_all_no_auth" time="0.635" /><testcase classname="backend.tests.test_public_history.TestPublicHistory" name="test_history_filter_majority" time="0.135" /><testcase classname="backend.tests.test_public_history.TestPublicHistory" name="test_history_filter_minority" time="0.158" /><testcase classname="backend.tests.test_public_history.TestPublicHistory" name="test_majority_plus_minority_equals_all" time="0.372" /><testcase classname="backend.tests.test_public_history.TestMyHistoryRegression" name="test_my_history_still_works" time="0.099" /><testcase classname="backend.tests.test_public_history.TestMyHistoryRegression" name="test_my_history_requires_auth" time="0.097" /></testsuite></testsuites>