<?xml version="1.0" encoding="utf-8"?><testsuites name="pytest tests"><testsuite name="pytest" errors="0" failures="0" skipped="0" tests="11" time="17.292" timestamp="2026-07-10T12:25:37.290842+00:00" hostname="agent-env-c76ce355-66d7-4cfb-8390-da1d5e97f1cf"><testcase classname="backend.tests.test_share_html_moderation" name="test_share_html_returns_200_and_html_ctype" time="0.326" /><testcase classname="backend.tests.test_share_html_moderation" name="test_share_html_has_og_and_twitter_meta_and_content" time="0.144" /><testcase classname="backend.tests.test_share_html_moderation" name="test_share_html_404_for_unknown" time="0.047" /><testcase classname="backend.tests.test_share_html_moderation" name="test_comment_clean_ok" time="0.183" /><testcase classname="backend.tests.test_share_html_moderation" name="test_comment_blocked_returns_400_with_words" time="0.045" /><testcase classname="backend.tests.test_share_html_moderation" name="test_reply_blocked_returns_400" time="0.095" /><testcase classname="backend.tests.test_share_html_moderation" name="test_reply_clean_ok" time="0.086" /><testcase classname="backend.tests.test_share_html_moderation" name="test_flagged_comment_logged_in_db" time="0.113" /><testcase classname="backend.tests.test_share_html_moderation" name="test_generate_daily_second_call_fast" time="16.043" /><testcase classname="backend.tests.test_share_html_moderation" name="test_regression_share_json_still_works" time="0.092" /><testcase classname="backend.tests.test_share_html_moderation" name="test_regression_search_still_works" time="0.046" /></testsuite></testsuites>