<?xml version="1.0" encoding="utf-8"?><testsuites name="pytest tests"><testsuite name="pytest" errors="0" failures="0" skipped="0" tests="8" time="2.459" timestamp="2026-07-10T11:13:40.915162+00:00" hostname="agent-env-c76ce355-66d7-4cfb-8390-da1d5e97f1cf"><testcase classname="backend.tests.test_faide_backend" name="test_categories_returns_7" time="0.252" /><testcase classname="backend.tests.test_faide_backend" name="test_feuds_list_has_seed" time="0.040" /><testcase classname="backend.tests.test_faide_backend" name="test_feuds_filter_by_category" time="0.043" /><testcase classname="backend.tests.test_faide_backend" name="test_anonymous_and_me" time="0.096" /><testcase classname="backend.tests.test_faide_backend" name="test_me_requires_bearer" time="0.045" /><testcase classname="backend.tests.test_faide_backend" name="test_signup_and_login" time="0.954" /><testcase classname="backend.tests.test_faide_backend" name="test_full_vote_comment_reply_badge_flow" time="0.847" /><testcase classname="backend.tests.test_faide_backend" name="test_get_feud_with_my_vote" time="0.121" /></testsuite></testsuites>