<?xml version="1.0" encoding="utf-8"?><testsuites name="pytest tests"><testsuite name="pytest" errors="0" failures="0" skipped="0" tests="14" time="3.575" timestamp="2026-07-22T08:50:36.254034+00:00" hostname="agent-env-a2b33949-310e-43de-a51a-3db600b378aa"><testcase classname="tests.test_refactor_regression" name="test_signup" time="0.638" /><testcase classname="tests.test_refactor_regression" name="test_login" time="0.541" /><testcase classname="tests.test_refactor_regression" name="test_anonymous_signup" time="0.056" /><testcase classname="tests.test_refactor_regression" name="test_me" time="0.042" /><testcase classname="tests.test_refactor_regression" name="test_categories" time="0.040" /><testcase classname="tests.test_refactor_regression" name="test_professions" time="0.061" /><testcase classname="tests.test_refactor_regression" name="test_feuds_list" time="0.114" /><testcase classname="tests.test_refactor_regression" name="test_hype_feed" time="0.057" /><testcase classname="tests.test_refactor_regression" name="test_vote_feud" time="0.131" /><testcase classname="tests.test_refactor_regression" name="test_comment_clean" time="0.729" /><testcase classname="tests.test_refactor_regression" name="test_comment_blocked_word" time="0.048" /><testcase classname="tests.test_refactor_regression" name="test_stories_feed" time="0.056" /><testcase classname="tests.test_refactor_regression" name="test_create_story" time="0.805" /><testcase classname="tests.test_refactor_regression" name="test_support_submit" time="0.193" /></testsuite></testsuites>