<?xml version="1.0" encoding="utf-8"?><testsuites name="pytest tests"><testsuite name="pytest" errors="0" failures="0" skipped="0" tests="5" time="1.461" timestamp="2026-07-21T20:38:56.517279+00:00" hostname="agent-env-a2b33949-310e-43de-a51a-3db600b378aa"><testcase classname="backend.tests.test_search_users_display_name.TestSearchUsers" name="test_search_returns_display_name_field" time="0.667" /><testcase classname="backend.tests.test_search_users_display_name.TestSearchUsers" name="test_search_excludes_self" time="0.203" /><testcase classname="backend.tests.test_search_users_display_name.TestSearchUsers" name="test_search_no_results" time="0.226" /><testcase classname="backend.tests.test_search_users_display_name.TestSearchUsers" name="test_search_requires_auth" time="0.122" /><testcase classname="backend.tests.test_search_users_display_name.TestSearchUsers" name="test_search_finds_userB_for_partial" time="0.186" /></testsuite></testsuites>