<?xml version="1.0" encoding="utf-8"?><testsuites name="pytest tests"><testsuite name="pytest" errors="0" failures="0" skipped="0" tests="14" time="3.615" timestamp="2026-07-19T13:15:43.697221+00:00" hostname="agent-env-a2b33949-310e-43de-a51a-3db600b378aa"><testcase classname="tests.test_share_to_users.TestShareSuggestions" name="test_share_suggestions_registered_returns_users" time="1.369" /><testcase classname="tests.test_share_to_users.TestShareSuggestions" name="test_share_suggestions_chat_partners_rank_higher" time="0.097" /><testcase classname="tests.test_share_to_users.TestShareSuggestions" name="test_share_suggestions_anon_empty" time="0.100" /><testcase classname="tests.test_share_to_users.TestSearchUsers" name="test_search_users_substring_case_insensitive" time="0.095" /><testcase classname="tests.test_share_to_users.TestSearchUsers" name="test_search_users_case_insensitive" time="0.096" /><testcase classname="tests.test_share_to_users.TestSearchUsers" name="test_search_users_empty_query_returns_empty" time="0.100" /><testcase classname="tests.test_share_to_users.TestSearchUsers" name="test_search_users_excludes_anonymous" time="0.089" /><testcase classname="tests.test_share_to_users.TestShareFeudFanOut" name="test_share_feud_to_valid_recipient" time="0.424" /><testcase classname="tests.test_share_to_users.TestShareFeudFanOut" name="test_share_feud_fan_out_mixed_recipients" time="0.139" /><testcase classname="tests.test_share_to_users.TestShareFeudFanOut" name="test_share_feud_anon_forbidden" time="0.094" /><testcase classname="tests.test_share_to_users.TestShareFeudFanOut" name="test_share_feud_not_found" time="0.098" /><testcase classname="tests.test_share_to_users.TestSendMessageWithSharedFeud" name="test_send_with_shared_feud_id_builds_snapshot" time="0.217" /><testcase classname="tests.test_share_to_users.TestSendMessageWithSharedFeud" name="test_send_client_cannot_spoof_snapshot_title" time="0.400" /><testcase classname="tests.test_share_to_users.TestConversationsPreview" name="test_last_message_preview_is_post_condiviso" time="0.215" /></testsuite></testsuites>