<?xml version="1.0" encoding="utf-8"?><testsuites name="pytest tests"><testsuite name="pytest" errors="0" failures="1" skipped="0" tests="24" time="8.324" timestamp="2026-07-22T15:27:43.848580+00:00" hostname="agent-env-411a2cc7-a26b-46f8-9d05-62845cf42428"><testcase classname="backend.tests.test_stories.TestStoryCreation" name="test_create_story_success" time="2.066" /><testcase classname="backend.tests.test_stories.TestStoryCreation" name="test_create_story_no_comment" time="0.120" /><testcase classname="backend.tests.test_stories.TestStoryCreation" name="test_anonymous_cannot_create_story" time="0.246" /><testcase classname="backend.tests.test_stories.TestStoryCreation" name="test_missing_feud_404" time="0.098" /><testcase classname="backend.tests.test_stories.TestStoryCreation" name="test_comment_too_long_422" time="0.092" /><testcase classname="backend.tests.test_stories.TestStoryCreation" name="test_unauthenticated_401" time="0.102" /><testcase classname="backend.tests.test_stories.TestStoryFeed" name="test_feed_shape" time="0.139" /><testcase classname="backend.tests.test_stories.TestStoryFeed" name="test_feed_shows_circle_member_stories" time="0.157" /><testcase classname="backend.tests.test_stories.TestStoryFeed" name="test_feed_excludes_outside_circle" time="0.222" /><testcase classname="backend.tests.test_stories.TestStoryFeed" name="test_stories_by_user_owner" time="0.116" /><testcase classname="backend.tests.test_stories.TestStoryFeed" name="test_stories_by_user_circle_member" time="0.143" /><testcase classname="backend.tests.test_stories.TestStoryFeed" name="test_stories_by_user_outside_circle_returns_empty" time="0.224" /><testcase classname="backend.tests.test_stories.TestViewAndDelete" name="test_mark_viewed_idempotent" time="0.439" /><testcase classname="backend.tests.test_stories.TestViewAndDelete" name="test_view_outside_circle_403" time="0.221" /><testcase classname="backend.tests.test_stories.TestViewAndDelete" name="test_delete_non_owner_403" time="0.099" /><testcase classname="backend.tests.test_stories.TestViewAndDelete" name="test_delete_owner_success" time="1.335" /><testcase classname="backend.tests.test_stories.TestViewAndDelete" name="test_delete_nonexistent_404" time="0.102" /><testcase classname="backend.tests.test_stories.TestHiddenViewers" name="test_get_hidden_viewers_lists_followers" time="0.105" /><testcase classname="backend.tests.test_stories.TestHiddenViewers" name="test_toggle_hidden_viewer" time="0.340" /><testcase classname="backend.tests.test_stories.TestHiddenViewers" name="test_anon_hidden_viewers_empty" time="0.262" /><testcase classname="backend.tests.test_stories.TestStoryReply" name="test_reply_creates_dm" time="1.150"><failure message="AssertionError: assert 'Risposta alla storia' in (('TEST_reply hello!'))&#10; +  where 'TEST_reply hello!' = &lt;built-in method get of dict object at 0xf8a71bb54a40&gt;('text')&#10; +    where &lt;built-in method get of dict object at 0xf8a71bb54a40&gt; = {'message_id': 'msg_b3905b9b0696', 'conversation_id': 'conv_user_16f709708760_user_6e65e19525d5', 'sender_id': 'user_16f709708760', 'recipient_id': 'user_6e65e19525d5', ...}.get">E   AssertionError: assert 'Risposta alla storia' in (('TEST_reply hello!'))
     +  where 'TEST_reply hello!' = &lt;built-in method get of dict object at 0xf8a71bb54a40&gt;('text')
     +    where &lt;built-in method get of dict object at 0xf8a71bb54a40&gt; = {'message_id': 'msg_b3905b9b0696', 'conversation_id': 'conv_user_16f709708760_user_6e65e19525d5', 'sender_id': 'user_16f709708760', 'recipient_id': 'user_6e65e19525d5', ...}.get</failure></testcase><testcase classname="backend.tests.test_stories.TestStoryReply" name="test_reply_to_own_story_400" time="0.128" /><testcase classname="backend.tests.test_stories.TestStoryReply" name="test_reply_outside_circle_403" time="0.238" /><testcase classname="backend.tests.test_stories.TestStoryReply" name="test_reply_not_found_404" time="0.119" /></testsuite></testsuites>