<?xml version="1.0" encoding="utf-8"?><testsuites name="pytest tests"><testsuite name="pytest" errors="0" failures="0" skipped="0" tests="10" time="4.131" timestamp="2026-07-22T15:27:29.619395+00:00" hostname="agent-env-411a2cc7-a26b-46f8-9d05-62845cf42428"><testcase classname="backend.tests.test_stories_kind_badge.TestBackwardCompat" name="test_legacy_body_only_feud_id_creates_story" time="1.625" /><testcase classname="backend.tests.test_stories_kind_badge.TestBackwardCompat" name="test_explicit_kind_feud_creates_story" time="1.121" /><testcase classname="backend.tests.test_stories_kind_badge.TestFeedContractKind" name="test_feed_rows_have_kind_feud" time="0.463" /><testcase classname="backend.tests.test_stories_kind_badge.TestBadgeKindValidation" name="test_invalid_kind_returns_400" time="0.129" /><testcase classname="backend.tests.test_stories_kind_badge.TestBadgeKindValidation" name="test_badge_missing_category_400" time="0.099" /><testcase classname="backend.tests.test_stories_kind_badge.TestBadgeKindValidation" name="test_badge_bad_tier_400" time="0.133" /><testcase classname="backend.tests.test_stories_kind_badge.TestBadgeKindValidation" name="test_badge_unknown_category_400" time="0.135" /><testcase classname="backend.tests.test_stories_kind_badge.TestBadgeKindValidation" name="test_badge_not_unlocked_returns_403" time="0.143" /><testcase classname="backend.tests.test_stories_kind_badge.TestFeudKindNotFound" name="test_feud_kind_nonexistent_feud_returns_404" time="0.105" /><testcase classname="backend.tests.test_stories_kind_badge.TestFeudKindNotFound" name="test_feud_kind_missing_feud_id_returns_400" time="0.110" /></testsuite></testsuites>