<?xml version="1.0" encoding="utf-8"?><testsuites name="pytest tests"><testsuite name="pytest" errors="0" failures="5" skipped="0" tests="24" time="6.622" timestamp="2026-07-21T22:59:10.378095+00:00" hostname="agent-env-a2b33949-310e-43de-a51a-3db600b378aa"><testcase classname="backend.tests.test_stories.TestStoryCreation" name="test_create_story_success" time="2.045" /><testcase classname="backend.tests.test_stories.TestStoryCreation" name="test_create_story_no_comment" time="0.098" /><testcase classname="backend.tests.test_stories.TestStoryCreation" name="test_anonymous_cannot_create_story" time="0.227" /><testcase classname="backend.tests.test_stories.TestStoryCreation" name="test_missing_feud_404" time="0.114" /><testcase classname="backend.tests.test_stories.TestStoryCreation" name="test_comment_too_long_422" time="0.130" /><testcase classname="backend.tests.test_stories.TestStoryCreation" name="test_unauthenticated_401" time="0.128" /><testcase classname="backend.tests.test_stories.TestStoryFeed" name="test_feed_shape" time="0.109" /><testcase classname="backend.tests.test_stories.TestStoryFeed" name="test_feed_shows_circle_member_stories" time="0.106"><failure message="AssertionError: User B not visible in User A's feed. Groups: ['user_6e65e19525d5']&#10;assert 'user_16f709708760' in {'user_6e65e19525d5'}">E   AssertionError: User B not visible in User A's feed. Groups: ['user_6e65e19525d5']
    assert 'user_16f709708760' in {'user_6e65e19525d5'}</failure></testcase><testcase classname="backend.tests.test_stories.TestStoryFeed" name="test_feed_excludes_outside_circle" time="0.224" /><testcase classname="backend.tests.test_stories.TestStoryFeed" name="test_stories_by_user_owner" time="0.111" /><testcase classname="backend.tests.test_stories.TestStoryFeed" name="test_stories_by_user_circle_member" time="0.112"><failure message="AssertionError: B's story should be visible to A&#10;assert 0 &gt;= 1&#10; +  where 0 = len([])">E   AssertionError: B's story should be visible to A
    assert 0 &gt;= 1
     +  where 0 = len([])</failure></testcase><testcase classname="backend.tests.test_stories.TestStoryFeed" name="test_stories_by_user_outside_circle_returns_empty" time="0.195" /><testcase classname="backend.tests.test_stories.TestViewAndDelete" name="test_mark_viewed_idempotent" time="0.114"><failure message="AssertionError: {&quot;detail&quot;:&quot;Non puoi visualizzare questa storia&quot;}&#10;assert 403 == 200&#10; +  where 403 = &lt;Response [403]&gt;.status_code">E   AssertionError: {"detail":"Non puoi visualizzare questa storia"}
    assert 403 == 200
     +  where 403 = &lt;Response [403]&gt;.status_code</failure></testcase><testcase classname="backend.tests.test_stories.TestViewAndDelete" name="test_view_outside_circle_403" time="0.250" /><testcase classname="backend.tests.test_stories.TestViewAndDelete" name="test_delete_non_owner_403" time="0.109" /><testcase classname="backend.tests.test_stories.TestViewAndDelete" name="test_delete_owner_success" time="1.088" /><testcase classname="backend.tests.test_stories.TestViewAndDelete" name="test_delete_nonexistent_404" time="0.117" /><testcase classname="backend.tests.test_stories.TestHiddenViewers" name="test_get_hidden_viewers_lists_followers" time="0.099"><failure message="AssertionError: B follows A → should appear as a viewer. Got: set()&#10;assert 'user_16f709708760' in set()">E   AssertionError: B follows A → should appear as a viewer. Got: set()
    assert 'user_16f709708760' in set()</failure></testcase><testcase classname="backend.tests.test_stories.TestHiddenViewers" name="test_toggle_hidden_viewer" time="0.340" /><testcase classname="backend.tests.test_stories.TestHiddenViewers" name="test_anon_hidden_viewers_empty" time="0.230" /><testcase classname="backend.tests.test_stories.TestStoryReply" name="test_reply_creates_dm" time="0.100"><failure message="AssertionError: reply failed: 403 {&quot;detail&quot;:&quot;Non puoi rispondere a questa storia&quot;}&#10;assert 403 == 200&#10; +  where 403 = &lt;Response [403]&gt;.status_code">E   AssertionError: reply failed: 403 {"detail":"Non puoi rispondere a questa storia"}
    assert 403 == 200
     +  where 403 = &lt;Response [403]&gt;.status_code</failure></testcase><testcase classname="backend.tests.test_stories.TestStoryReply" name="test_reply_to_own_story_400" time="0.107" /><testcase classname="backend.tests.test_stories.TestStoryReply" name="test_reply_outside_circle_403" time="0.263" /><testcase classname="backend.tests.test_stories.TestStoryReply" name="test_reply_not_found_404" time="0.117" /></testsuite></testsuites>