<?xml version="1.0" encoding="utf-8"?><testsuites name="pytest tests"><testsuite name="pytest" errors="0" failures="0" skipped="0" tests="12" time="1.129" timestamp="2026-07-11T16:37:28.081918+00:00" hostname="agent-env-c76ce355-66d7-4cfb-8390-da1d5e97f1cf"><testcase classname="backend.tests.test_tech_category.TestCategories" name="test_categories_order_and_tech" time="0.221" /><testcase classname="backend.tests.test_tech_category.TestTechFeuds" name="test_tech_feuds_returns_at_least_one" time="0.212" /><testcase classname="backend.tests.test_tech_category.TestTechSponsor" name="test_tech_sponsor" time="0.049" /><testcase classname="backend.tests.test_tech_category.TestProfilePatchTech" name="test_patch_profile_accepts_tech" time="0.146" /><testcase classname="backend.tests.test_tech_category.TestProfilePatchTech" name="test_patch_profile_rejects_invalid" time="0.089" /><testcase classname="backend.tests.test_tech_category.TestFeudsRegression" name="test_category_has_at_least_one_feud[politica]" time="0.053" /><testcase classname="backend.tests.test_tech_category.TestFeudsRegression" name="test_category_has_at_least_one_feud[tv]" time="0.050" /><testcase classname="backend.tests.test_tech_category.TestFeudsRegression" name="test_category_has_at_least_one_feud[musica]" time="0.048" /><testcase classname="backend.tests.test_tech_category.TestFeudsRegression" name="test_category_has_at_least_one_feud[sport]" time="0.048" /><testcase classname="backend.tests.test_tech_category.TestFeudsRegression" name="test_category_has_at_least_one_feud[cinema]" time="0.049" /><testcase classname="backend.tests.test_tech_category.TestFeudsRegression" name="test_category_has_at_least_one_feud[social]" time="0.049" /><testcase classname="backend.tests.test_tech_category.TestFeudsRegression" name="test_category_has_at_least_one_feud[gossip]" time="0.051" /></testsuite></testsuites>