<?xml version="1.0" encoding="utf-8"?><testsuites name="pytest tests"><testsuite name="pytest" errors="0" failures="0" skipped="0" tests="2" time="2.200" timestamp="2026-07-12T12:21:22.282337+00:00" hostname="agent-env-c76ce355-66d7-4cfb-8390-da1d5e97f1cf"><testcase classname="backend.tests.test_vote_changes.TestVoteChanges" name="test_full_vote_change_flow" time="1.329" /><testcase classname="backend.tests.test_vote_changes.TestNicknameSideOnComments" name="test_comment_nickname_side_updates_on_vote_change" time="0.813" /></testsuite></testsuites>