<?xml version="1.0" encoding="utf-8"?><testsuites name="pytest tests"><testsuite name="pytest" errors="0" failures="0" skipped="1" tests="12" time="14.746" timestamp="2026-07-11T19:30:17.623825+00:00" hostname="agent-env-c76ce355-66d7-4cfb-8390-da1d5e97f1cf"><testcase classname="backend.tests.test_youtube_quality_filter.TestScoreVideo" name="test_a_anthem_only_parties_rejected" time="0.000" /><testcase classname="backend.tests.test_youtube_quality_filter.TestScoreVideo" name="test_b_news_topic_recent_accepted" time="0.000" /><testcase classname="backend.tests.test_youtube_quality_filter.TestScoreVideo" name="test_c_negative_token_penalty" time="0.000" /><testcase classname="backend.tests.test_youtube_quality_filter.TestYoutubeSearchMocked" name="test_picks_only_topically_relevant_news" time="0.001" /><testcase classname="backend.tests.test_youtube_quality_filter.TestResolveMediaE2E" name="test_a_rejects_anthem_for_party_only_query" time="1.304" /><testcase classname="backend.tests.test_youtube_quality_filter.TestResolveMediaE2E" name="test_b_briatore_accepts_news" time="0.798"><skipped type="pytest.skip" message="no YouTube result — filter may have rejected all candidates">/app/backend/tests/test_youtube_quality_filter.py:221: no YouTube result — filter may have rejected all candidates</skipped></testcase><testcase classname="backend.tests.test_youtube_quality_filter.TestBackfillForce" name="test_backfill_force_true_completes" time="11.308" /><testcase classname="backend.tests.test_youtube_quality_filter.TestBackfillForce" name="test_no_music_or_anthem_channel_after_backfill" time="0.346" /><testcase classname="backend.tests.test_youtube_quality_filter.TestBackfillForce" name="test_filter_not_too_aggressive" time="0.346" /><testcase classname="backend.tests.test_youtube_quality_filter.TestRegressions" name="test_get_nonexistent_feud_returns_410" time="0.043" /><testcase classname="backend.tests.test_youtube_quality_filter.TestRegressions" name="test_archive_dates_returns_7day_window" time="0.045" /><testcase classname="backend.tests.test_youtube_quality_filter.TestRegressions" name="test_public_user_history_still_works" time="0.399" /></testsuite></testsuites>